Log file open, 07/10/17 13:29:31
LogInit:Display: Running engine for game: MyProject6
LogPlatformFile: Not using cached read wrapper
LogInit:Display: RandInit(18716524) SRandInit(18716524).
LogTaskGraph: Started task graph with 5 named threads and 6 total threads with 1 sets of task threads.
LogStats: Stats thread started at 0.065742
LogPluginManager: Loaded Plugin Paper2D, From C:/Program Files (x86)/Epic Games/4.14/Engine/Plugins/2D/Paper2D/Paper2D.uplugin
LogPluginManager: Loaded Plugin LightPropagationVolume, From C:/Program Files (x86)/Epic Games/4.14/Engine/Plugins/Blendables/LightPropagationVolume/LightPropagationVolume.uplugin
LogPluginManager: Loaded Plugin BlankPlugin, From C:/Program Files (x86)/Epic Games/4.14/Engine/Plugins/Developer/BlankPlugin/BlankPlugin.uplugin
LogPluginManager: Loaded Plugin CodeLiteSourceCodeAccess, From C:/Program Files (x86)/Epic Games/4.14/Engine/Plugins/Developer/CodeLiteSourceCodeAccess/CodeLiteSourceCodeAccess.uplugin
LogPluginManager: Loaded Plugin GitSourceControl, From C:/Program Files (x86)/Epic Games/4.14/Engine/Plugins/Developer/GitSourceControl/GitSourceControl.uplugin
LogPluginManager: Loaded Plugin KDevelopSourceCodeAccess, From C:/Program Files (x86)/Epic Games/4.14/Engine/Plugins/Developer/KDevelopSourceCodeAccess/KDevelopSourceCodeAccess.uplugin
LogPluginManager: Loaded Plugin NullSourceCodeAccess, From C:/Program Files (x86)/Epic Games/4.14/Engine/Plugins/Developer/NullSourceCodeAccess/NullSourceCodeAccess.uplugin
LogPluginManager: Loaded Plugin OneSkyLocalizationService, From C:/Program Files (x86)/Epic Games/4.14/Engine/Plugins/Developer/OneSkyLocalizationService/OneSkyLocalizationService.uplugin
LogPluginManager: Loaded Plugin PerforceSourceControl, From C:/Program Files (x86)/Epic Games/4.14/Engine/Plugins/Developer/PerforceSourceControl/PerforceSourceControl.uplugin
LogPluginManager: Loaded Plugin SubversionSourceControl, From C:/Program Files (x86)/Epic Games/4.14/Engine/Plugins/Developer/SubversionSourceControl/SubversionSourceControl.uplugin
LogPluginManager: Loaded Plugin UObjectPlugin, From C:/Program Files (x86)/Epic Games/4.14/Engine/Plugins/Developer/UObjectPlugin/UObjectPlugin.uplugin
LogPluginManager: Loaded Plugin VisualStudioSourceCodeAccess, From C:/Program Files (x86)/Epic Games/4.14/Engine/Plugins/Developer/VisualStudioSourceCodeAccess/VisualStudioSourceCodeAccess.uplugin
LogPluginManager: Loaded Plugin XCodeSourceCodeAccess, From C:/Program Files (x86)/Epic Games/4.14/Engine/Plugins/Developer/XCodeSourceCodeAccess/XCodeSourceCodeAccess.uplugin
LogPluginManager: Loaded Plugin AudioCapture, From C:/Program Files (x86)/Epic Games/4.14/Engine/Plugins/Editor/AudioCapture/AudioCapture.uplugin
LogPluginManager: Loaded Plugin EpicSurvey, From C:/Program Files (x86)/Epic Games/4.14/Engine/Plugins/Editor/EpicSurvey/EpicSurvey.uplugin
LogPluginManager: Loaded Plugin MacGraphicsSwitching, From C:/Program Files (x86)/Epic Games/4.14/Engine/Plugins/Editor/MacGraphicsSwitching/MacGraphicsSwitching.uplugin
LogPluginManager: Loaded Plugin MobileLauncherProfileWizard, From C:/Program Files (x86)/Epic Games/4.14/Engine/Plugins/Editor/MobileLauncherProfileWizard/MobileLauncherProfileWizard.uplugin
LogPluginManager: Loaded Plugin PluginBrowser, From C:/Program Files (x86)/Epic Games/4.14/Engine/Plugins/Editor/PluginBrowser/PluginBrowser.uplugin
LogPluginManager: Loaded Plugin SpeedTreeImporter, From C:/Program Files (x86)/Epic Games/4.14/Engine/Plugins/Editor/SpeedTreeImporter/SpeedTreeImporter.uplugin
LogPluginManager: Loaded Plugin SuperSearchEditor, From C:/Program Files (x86)/Epic Games/4.14/Engine/Plugins/Editor/SuperSearchEditor/SuperSearchEditor.uplugin
LogPluginManager: Loaded Plugin AlembicImporter, From C:/Program Files (x86)/Epic Games/4.14/Engine/Plugins/Experimental/AlembicImporter/AlembicImporter.uplugin
LogPluginManager: Loaded Plugin BlueprintStats, From C:/Program Files (x86)/Epic Games/4.14/Engine/Plugins/Experimental/BlueprintStats/BlueprintStats.uplugin
LogPluginManager: Loaded Plugin CharacterAI, From C:/Program Files (x86)/Epic Games/4.14/Engine/Plugins/Experimental/CharacterAI/CharacterAI.uplugin
LogPluginManager: Loaded Plugin CodeEditor, From C:/Program Files (x86)/Epic Games/4.14/Engine/Plugins/Experimental/CodeEditor/CodeEditor.uplugin
LogPluginManager: Loaded Plugin CodeView, From C:/Program Files (x86)/Epic Games/4.14/Engine/Plugins/Experimental/CodeView/CodeView.uplugin
LogPluginManager: Loaded Plugin HTML5Networking, From C:/Program Files (x86)/Epic Games/4.14/Engine/Plugins/Experimental/HTML5Networking/HTML5Networking.uplugin
LogPluginManager: Loaded Plugin OSVR, From C:/Program Files (x86)/Epic Games/4.14/Engine/Plugins/Experimental/OSVR/OSVR.uplugin
LogPluginManager: Loaded Plugin Phya, From C:/Program Files (x86)/Epic Games/4.14/Engine/Plugins/Experimental/Phya/Phya.uplugin
LogPluginManager: Loaded Plugin SignificanceManager, From C:/Program Files (x86)/Epic Games/4.14/Engine/Plugins/Experimental/SignificanceManager/SignificanceManager.uplugin
LogPluginManager: Loaded Plugin SimpleHMD, From C:/Program Files (x86)/Epic Games/4.14/Engine/Plugins/Experimental/SimpleHMD/SimpleHMD.uplugin
LogPluginManager: Loaded Plugin StereoPanorama, From C:/Program Files (x86)/Epic Games/4.14/Engine/Plugins/Experimental/StereoPanorama/StereoPanorama.uplugin
LogPluginManager: Loaded Plugin StructBox, From C:/Program Files (x86)/Epic Games/4.14/Engine/Plugins/Experimental/StructBox/StructBox.uplugin
LogPluginManager: Loaded Plugin AndroidMedia, From C:/Program Files (x86)/Epic Games/4.14/Engine/Plugins/Media/AndroidMedia/AndroidMedia.uplugin
LogPluginManager: Loaded Plugin AvfMedia, From C:/Program Files (x86)/Epic Games/4.14/Engine/Plugins/Media/AvfMedia/AvfMedia.uplugin
LogPluginManager: Loaded Plugin MediaPlayerEditor, From C:/Program Files (x86)/Epic Games/4.14/Engine/Plugins/Media/MediaPlayerEditor/MediaPlayerEditor.uplugin
LogPluginManager: Loaded Plugin WmfMedia, From C:/Program Files (x86)/Epic Games/4.14/Engine/Plugins/Media/WmfMedia/WmfMedia.uplugin
LogPluginManager: Loaded Plugin MessagingDebugger, From C:/Program Files (x86)/Epic Games/4.14/Engine/Plugins/Messaging/MessagingDebugger/MessagingDebugger.uplugin
LogPluginManager: Loaded Plugin TcpMessaging, From C:/Program Files (x86)/Epic Games/4.14/Engine/Plugins/Messaging/TcpMessaging/TcpMessaging.uplugin
LogPluginManager: Loaded Plugin UdpMessaging, From C:/Program Files (x86)/Epic Games/4.14/Engine/Plugins/Messaging/UdpMessaging/UdpMessaging.uplugin
LogPluginManager: Loaded Plugin LevelSequenceEditor, From C:/Program Files (x86)/Epic Games/4.14/Engine/Plugins/MovieScene/LevelSequenceEditor/LevelSequenceEditor.uplugin
LogPluginManager: Loaded Plugin MatineeToLevelSequence, From C:/Program Files (x86)/Epic Games/4.14/Engine/Plugins/MovieScene/MatineeToLevelSequence/MatineeToLevelSequence.uplugin
LogPluginManager: Loaded Plugin NetcodeUnitTest, From C:/Program Files (x86)/Epic Games/4.14/Engine/Plugins/NetcodeUnitTest/NetcodeUnitTest/NetcodeUnitTest.uplugin
LogPluginManager: Loaded Plugin NUTUnrealEngine4, From C:/Program Files (x86)/Epic Games/4.14/Engine/Plugins/NetcodeUnitTest/NUTUnrealEngine4/NUTUnrealEngine4.uplugin
LogPluginManager: Loaded Plugin OnlineSubsystemGameCircle, From C:/Program Files (x86)/Epic Games/4.14/Engine/Plugins/Online/Android/OnlineSubsystemGameCircle/OnlineSubsystemGameCircle.uplugin
LogPluginManager: Loaded Plugin OnlineSubsystemGooglePlay, From C:/Program Files (x86)/Epic Games/4.14/Engine/Plugins/Online/Android/OnlineSubsystemGooglePlay/OnlineSubsystemGooglePlay.uplugin
LogPluginManager: Loaded Plugin OnlineSubsystemIOS, From C:/Program Files (x86)/Epic Games/4.14/Engine/Plugins/Online/IOS/OnlineSubsystemIOS/OnlineSubsystemIOS.uplugin
LogPluginManager: Loaded Plugin OnlineFramework, From C:/Program Files (x86)/Epic Games/4.14/Engine/Plugins/Online/OnlineFramework/OnlineFramework.uplugin
LogPluginManager: Loaded Plugin OnlineSubsystem, From C:/Program Files (x86)/Epic Games/4.14/Engine/Plugins/Online/OnlineSubsystem/OnlineSubsystem.uplugin
LogPluginManager: Loaded Plugin OnlineSubsystemAmazon, From C:/Program Files (x86)/Epic Games/4.14/Engine/Plugins/Online/OnlineSubsystemAmazon/OnlineSubsystemAmazon.uplugin
LogPluginManager: Loaded Plugin OnlineSubsystemFacebook, From C:/Program Files (x86)/Epic Games/4.14/Engine/Plugins/Online/OnlineSubsystemFacebook/OnlineSubsystemFacebook.uplugin
LogPluginManager: Loaded Plugin OnlineSubsystemNull, From C:/Program Files (x86)/Epic Games/4.14/Engine/Plugins/Online/OnlineSubsystemNull/OnlineSubsystemNull.uplugin
LogPluginManager: Loaded Plugin OnlineSubsystemOculus, From C:/Program Files (x86)/Epic Games/4.14/Engine/Plugins/Online/OnlineSubsystemOculus/OnlineSubsystemOculus.uplugin
LogPluginManager: Loaded Plugin OnlineSubsystemSteam, From C:/Program Files (x86)/Epic Games/4.14/Engine/Plugins/Online/OnlineSubsystemSteam/OnlineSubsystemSteam.uplugin
LogPluginManager: Loaded Plugin OnlineSubsystemUtils, From C:/Program Files (x86)/Epic Games/4.14/Engine/Plugins/Online/OnlineSubsystemUtils/OnlineSubsystemUtils.uplugin
LogPluginManager: Loaded Plugin IOSTapJoy, From C:/Program Files (x86)/Epic Games/4.14/Engine/Plugins/Runtime/Advertising/IOSTapJoy/IOSTapJoy.uplugin
LogPluginManager: Loaded Plugin AnalyticsBlueprintLibrary, From C:/Program Files (x86)/Epic Games/4.14/Engine/Plugins/Runtime/Analytics/AnalyticsBlueprintLibrary/AnalyticsBlueprintLibrary.uplugin
LogPluginManager: Loaded Plugin AnalyticsMulticast, From C:/Program Files (x86)/Epic Games/4.14/Engine/Plugins/Runtime/Analytics/AnalyticsMulticast/AnalyticsMulticast.uplugin
LogPluginManager: Loaded Plugin Apsalar, From C:/Program Files (x86)/Epic Games/4.14/Engine/Plugins/Runtime/Analytics/Apsalar/Apsalar.uplugin
LogPluginManager: Loaded Plugin FileLogging, From C:/Program Files (x86)/Epic Games/4.14/Engine/Plugins/Runtime/Analytics/FileLogging/FileLogging.uplugin
LogPluginManager: Loaded Plugin Flurry, From C:/Program Files (x86)/Epic Games/4.14/Engine/Plugins/Runtime/Analytics/Flurry/Flurry.uplugin
LogPluginManager: Loaded Plugin AndroidDeviceProfileSelector, From C:/Program Files (x86)/Epic Games/4.14/Engine/Plugins/Runtime/AndroidDeviceProfileSelector/AndroidDeviceProfileSelector.uplugin
LogPluginManager: Loaded Plugin AndroidMoviePlayer, From C:/Program Files (x86)/Epic Games/4.14/Engine/Plugins/Runtime/AndroidMoviePlayer/AndroidMoviePlayer.uplugin
LogPluginManager: Loaded Plugin AppleMoviePlayer, From C:/Program Files (x86)/Epic Games/4.14/Engine/Plugins/Runtime/AppleMoviePlayer/AppleMoviePlayer.uplugin
LogPluginManager: Loaded Plugin ArchVisCharacter, From C:/Program Files (x86)/Epic Games/4.14/Engine/Plugins/Runtime/ArchVisCharacter/ArchVisCharacter.uplugin
LogPluginManager: Loaded Plugin CableComponent, From C:/Program Files (x86)/Epic Games/4.14/Engine/Plugins/Runtime/CableComponent/CableComponent.uplugin
LogPluginManager: Loaded Plugin CustomMeshComponent, From C:/Program Files (x86)/Epic Games/4.14/Engine/Plugins/Runtime/CustomMeshComponent/CustomMeshComponent.uplugin
LogPluginManager: Loaded Plugin ExampleDeviceProfileSelector, From C:/Program Files (x86)/Epic Games/4.14/Engine/Plugins/Runtime/ExampleDeviceProfileSelector/ExampleDeviceProfileSelector.uplugin
LogPluginManager: Loaded Plugin GearVR, From C:/Program Files (x86)/Epic Games/4.14/Engine/Plugins/Runtime/GearVR/GearVR.uplugin
LogPluginManager: Loaded Plugin GoogleVRController, From C:/Program Files (x86)/Epic Games/4.14/Engine/Plugins/Runtime/GoogleVR/GoogleVRController/GoogleVRController.uplugin
LogPluginManager: Loaded Plugin GoogleVRHMD, From C:/Program Files (x86)/Epic Games/4.14/Engine/Plugins/Runtime/GoogleVR/GoogleVRHMD/GoogleVRHMD.uplugin
LogPluginManager: Loaded Plugin IOSDeviceProfileSelector, From C:/Program Files (x86)/Epic Games/4.14/Engine/Plugins/Runtime/IOSDeviceProfileSelector/IOSDeviceProfileSelector.uplugin
LogPluginManager: Loaded Plugin LeapMotion, From C:/Program Files (x86)/Epic Games/4.14/Engine/Plugins/Runtime/LeapMotion/LeapMotion.uplugin
LogPluginManager: Loaded Plugin LinuxDeviceProfileSelector, From C:/Program Files (x86)/Epic Games/4.14/Engine/Plugins/Runtime/LinuxDeviceProfileSelector/LinuxDeviceProfileSelector.uplugin
LogPluginManager: Loaded Plugin MIDIDevice, From C:/Program Files (x86)/Epic Games/4.14/Engine/Plugins/Runtime/MIDIDevice/MIDIDevice.uplugin
LogPluginManager: Loaded Plugin MobilePatchingUtils, From C:/Program Files (x86)/Epic Games/4.14/Engine/Plugins/Runtime/MobilePatchingUtils/MobilePatchingUtils.uplugin
LogPluginManager: Loaded Plugin Ansel, From C:/Program Files (x86)/Epic Games/4.14/Engine/Plugins/Runtime/Nvidia/Ansel/Ansel.uplugin
LogPluginManager: Loaded Plugin OculusAudio, From C:/Program Files (x86)/Epic Games/4.14/Engine/Plugins/Runtime/OculusAudio/OculusAudio.uplugin
LogPluginManager: Loaded Plugin OculusInput, From C:/Program Files (x86)/Epic Games/4.14/Engine/Plugins/Runtime/OculusInput/OculusInput.uplugin
LogPluginManager: Loaded Plugin OculusLibrary, From C:/Program Files (x86)/Epic Games/4.14/Engine/Plugins/Runtime/OculusLibrary/OculusLibrary.uplugin
LogPluginManager: Loaded Plugin OculusRift, From C:/Program Files (x86)/Epic Games/4.14/Engine/Plugins/Runtime/OculusRift/OculusRift.uplugin
LogPluginManager: Loaded Plugin Oodle, From C:/Program Files (x86)/Epic Games/4.14/Engine/Plugins/Runtime/PacketHandlers/CompressionComponents/Oodle/Oodle.uplugin
LogPluginManager: Loaded Plugin ProceduralMeshComponent, From C:/Program Files (x86)/Epic Games/4.14/Engine/Plugins/Runtime/ProceduralMeshComponent/ProceduralMeshComponent.uplugin
LogPluginManager: Loaded Plugin SoundMod, From C:/Program Files (x86)/Epic Games/4.14/Engine/Plugins/Runtime/SoundMod/SoundMod.uplugin
LogPluginManager: Loaded Plugin SoundVisualizations, From C:/Program Files (x86)/Epic Games/4.14/Engine/Plugins/Runtime/SoundVisualizations/SoundVisualizations.uplugin
LogPluginManager: Loaded Plugin SteamController, From C:/Program Files (x86)/Epic Games/4.14/Engine/Plugins/Runtime/Steam/SteamController/SteamController.uplugin
LogPluginManager: Loaded Plugin SteamVR, From C:/Program Files (x86)/Epic Games/4.14/Engine/Plugins/Runtime/Steam/SteamVR/SteamVR.uplugin
LogPluginManager: Loaded Plugin WebBrowserWidget, From C:/Program Files (x86)/Epic Games/4.14/Engine/Plugins/Runtime/WebBrowserWidget/WebBrowserWidget.uplugin
LogPluginManager: Loaded Plugin WindowsDeviceProfileSelector, From C:/Program Files (x86)/Epic Games/4.14/Engine/Plugins/Runtime/WindowsDeviceProfileSelector/WindowsDeviceProfileSelector.uplugin
LogPluginManager: Loaded Plugin WindowsMoviePlayer, From C:/Program Files (x86)/Epic Games/4.14/Engine/Plugins/Runtime/WindowsMoviePlayer/WindowsMoviePlayer.uplugin
LogPluginManager: Loaded Plugin ScriptPlugin, From C:/Program Files (x86)/Epic Games/4.14/Engine/Plugins/ScriptPlugin/ScriptPlugin.uplugin
LogPluginManager: Loaded Plugin SlateRemote, From C:/Program Files (x86)/Epic Games/4.14/Engine/Plugins/Slate/SlateRemote/SlateRemote.uplugin
LogPluginManager: Loaded Plugin EditorTests, From C:/Program Files (x86)/Epic Games/4.14/Engine/Plugins/Tests/EditorTests/EditorTests.uplugin
LogPluginManager: Loaded Plugin FbxAutomationTestBuilder, From C:/Program Files (x86)/Epic Games/4.14/Engine/Plugins/Tests/FbxAutomationTestBuilder/FbxAutomationTestBuilder.uplugin
LogPluginManager: Loaded Plugin FunctionalTestingEditor, From C:/Program Files (x86)/Epic Games/4.14/Engine/Plugins/Tests/FunctionalTestingEditor/FunctionalTestingEditor.uplugin
LogPluginManager: Loaded Plugin RuntimeTests, From C:/Program Files (x86)/Epic Games/4.14/Engine/Plugins/Tests/RuntimeTests/RuntimeTests.uplugin
LogPluginManager: Loaded Plugin ScreenshotTools, From C:/Program Files (x86)/Epic Games/4.14/Engine/Plugins/Tests/ScreenshotTools/ScreenshotTools.uplugin
LogInit: Using libcurl 7.47.1
LogInit:  - built for x86_64-pc-win32
LogInit:  - supports SSL with OpenSSL/1.0.2g
LogInit:  - supports HTTP deflate (compression) using libz 1.2.8
LogInit:  - other features:
LogInit:      CURL_VERSION_SSL
LogInit:      CURL_VERSION_LIBZ
LogInit:      CURL_VERSION_IPV6
LogInit:      CURL_VERSION_ASYNCHDNS
LogInit:      CURL_VERSION_LARGEFILE
LogInit:      CURL_VERSION_IDN
LogInit:  CurlRequestOptions (configurable via config and command line):
LogInit:  - bVerifyPeer = false  - Libcurl will NOT verify peer certificate
LogInit:  - bUseHttpProxy = false  - Libcurl will NOT use HTTP proxy
LogInit:  - bDontReuseConnections = false  - Libcurl will reuse connections
LogInit:  - CertBundlePath = nullptr  - Libcurl will use whatever was configured at build time.
LogInit: Build: ++UE4+Release-4.14-CL-3249277
LogInit: Engine Version: 4.14.3-3249277+++UE4+Release-4.14
LogInit: Compatible Engine Version: 4.14.0-3195953+++UE4+Release-4.14
LogInit: Net CL: 3195953
LogDevObjectVersion: Number of dev versions registered: 13
LogDevObjectVersion:   Dev-Blueprints (B0D832E4-1F89-4F0D-ACCF-7EB736FD4AA2): 7
LogDevObjectVersion:   Dev-Build (E1C64328-A22C-4D53-A36C-8E866417BD8C): 0
LogDevObjectVersion:   Dev-Core (375EC13C-06E4-48FB-B500-84F0262A717E): 1
LogDevObjectVersion:   Dev-Editor (E4B068ED-F494-42E9-A231-DA0B2E46BB41): 8
LogDevObjectVersion:   Dev-Framework (CFFC743F-43B0-4480-9391-14DF171D2073): 17
LogDevObjectVersion:   Dev-Mobile (B02B49B5-BB20-44E9-A304-32B752E40360): 0
LogDevObjectVersion:   Dev-Networking (A4E4105C-59A1-49B5-A7C5-40C4547EDFEE): 0
LogDevObjectVersion:   Dev-Online (39C831C9-5AE6-47DC-9A44-9C173E1C8E7C): 0
LogDevObjectVersion:   Dev-Physics (78F01B33-EBEA-4F98-B9B4-84EACCB95AA2): 0
LogDevObjectVersion:   Dev-Platform (6631380F-2D4D-43E0-8009-CF276956A95A): 0
LogDevObjectVersion:   Dev-Rendering (12F88B9F-8875-4AFC-A67C-D90C383ABD29): 12
LogDevObjectVersion:   Dev-Sequencer (7B5AE74C-D270-4C10-A958-57980B212A5A): 1
LogDevObjectVersion:   Dev-VR (D7296918-1DD6-4BDD-9DE2-64A83CC13884): 0
LogInit: Compiled (64-bit): Jan  6 2017 10:49:43
LogInit: Compiled with Visual C++: 19.00.23026.00
LogInit: Build Configuration: Development
LogInit: Branch Name: ++UE4+Release-4.14
LogInit: Command line: -EpicPortal 
LogInit: Base directory: C:/Program Files (x86)/Epic Games/4.14/Engine/Binaries/Win64/
LogInit: Installed Engine Build: 1
LogInit: Presizing for max 8388607 objects, including 0 objects not considered by GC, pre-allocating 0 bytes for permanent pool.
LogInit: Object subsystem initialized
[2017.07.10-17.29.32:265][  0]LogInit: Selected Device Profile: [Windows]
[2017.07.10-17.29.32:265][  0]LogInit: Applying CVar settings loaded from the selected device profile: [Windows]
[2017.07.10-17.29.32:275][  0]LogInit: Computer: IGMOH1380-24
[2017.07.10-17.29.32:275][  0]LogInit: User: IGMAdmin
[2017.07.10-17.29.32:275][  0]LogInit: CPU Page size=65536, Cores=2
[2017.07.10-17.29.32:275][  0]LogInit: High frequency timer resolution =3.328126 MHz
[2017.07.10-17.29.32:275][  0]LogMemory: Memory total: Physical=15.9GB (16GB approx)
[2017.07.10-17.29.32:275][  0]LogMemory: Platform Memory Stats for Windows
[2017.07.10-17.29.32:275][  0]LogMemory: Process Physical Memory: 263.79 MB used, 263.79 MB peak
[2017.07.10-17.29.32:275][  0]LogMemory: Process Virtual Memory: 262.45 MB used, 262.45 MB peak
[2017.07.10-17.29.32:275][  0]LogMemory: Physical Memory: 7143.07 MB used,  9182.74 MB free, 16325.81 MB total
[2017.07.10-17.29.32:275][  0]LogMemory: Virtual Memory: 674.54 MB used,  9182.74 MB free, 134217728.00 MB total
[2017.07.10-17.29.32:302][  0]LogTextLocalizationManager: No specific translations for ('en-US') exist, so ('en') translations will be used.
[2017.07.10-17.29.33:000][  0]LogD3D11RHI: D3D11 adapters:
[2017.07.10-17.29.33:027][  0]LogD3D11RHI:    0. 'NVIDIA GeForce GTX 1070' (Feature Level 11_0)
[2017.07.10-17.29.33:027][  0]LogD3D11RHI:       8145/0/8162 MB DedicatedVideo/DedicatedSystem/SharedSystem, Outputs:2, VendorId:0x10de
[2017.07.10-17.29.33:028][  0]LogD3D11RHI:    1. 'Microsoft Basic Render Driver' (Feature Level 11_0)
[2017.07.10-17.29.33:028][  0]LogD3D11RHI:       0/0/8162 MB DedicatedVideo/DedicatedSystem/SharedSystem, Outputs:0, VendorId:0x1414
[2017.07.10-17.29.33:028][  0]LogD3D11RHI: Chosen D3D11 Adapter: 0
[2017.07.10-17.29.33:032][  0]LogD3D11RHI: Creating new Direct3DDevice
[2017.07.10-17.29.33:032][  0]LogD3D11RHI:     GPU DeviceId: 0x1b81 (for the marketing name, search the web for "GPU Device Id")
[2017.07.10-17.29.33:032][  0]LogWindows: EnumDisplayDevices:
[2017.07.10-17.29.33:033][  0]LogWindows:    0. 'NVIDIA GeForce GTX 1070' (P:1 D:1)
[2017.07.10-17.29.33:033][  0]LogWindows:    1. 'NVIDIA GeForce GTX 1070' (P:0 D:1)
[2017.07.10-17.29.33:033][  0]LogWindows:    2. 'NVIDIA GeForce GTX 1070' (P:0 D:0)
[2017.07.10-17.29.33:033][  0]LogWindows:    3. 'NVIDIA GeForce GTX 1070' (P:0 D:0)
[2017.07.10-17.29.33:033][  0]LogWindows: DebugString: FoundDriverCount:4 
[2017.07.10-17.29.33:033][  0]LogD3D11RHI:     Adapter Name: NVIDIA GeForce GTX 1070
[2017.07.10-17.29.33:033][  0]LogD3D11RHI:   Driver Version: 376.33 (internal:21.21.13.7633, unified:376.33)
[2017.07.10-17.29.33:033][  0]LogD3D11RHI:      Driver Date: 12-11-2016
[2017.07.10-17.29.33:033][  0]LogRHI: Texture pool is 1361 MB (70% of 1945 MB)
[2017.07.10-17.29.33:050][  0]LogD3D11RHI: Async texture creation enabled
[2017.07.10-17.29.33:060][  0]LogD3D11RHI: GPU Timing Frequency: 1000.000000 (Debug: 2 1)
[2017.07.10-17.29.33:061][  0]LogShaderCompilers: Guid format shader working directory is 32 characters bigger than the processId version (D:/KOC/MyProject6/Intermediate/Shaders/WorkingDirectory/1312/).
[2017.07.10-17.29.33:061][  0]LogShaderCompilers: Cleaned the shader compiler working directory 'C:/Users/IGMAdmin/AppData/Local/Temp/UnrealShaderWorkingDir/AFEE9B5149ECA796FE7C079F7C4DCF2C/'.
[2017.07.10-17.29.33:061][  0]LogShaderCompilers:Display: Using Local Shader Compiler.
[2017.07.10-17.29.34:059][  0]LogTemp:Display: Loaded TP AllDesktopTargetPlatform
[2017.07.10-17.29.34:142][  0]LogTemp:Display: Loaded TP MacClientTargetPlatform
[2017.07.10-17.29.34:191][  0]LogTemp:Display: Loaded TP MacNoEditorTargetPlatform
[2017.07.10-17.29.34:241][  0]LogTemp:Display: Loaded TP MacServerTargetPlatform
[2017.07.10-17.29.34:290][  0]LogTemp:Display: Loaded TP MacTargetPlatform
[2017.07.10-17.29.34:340][  0]LogTemp:Display: Loaded TP WindowsClientTargetPlatform
[2017.07.10-17.29.34:391][  0]LogTemp:Display: Loaded TP WindowsNoEditorTargetPlatform
[2017.07.10-17.29.34:442][  0]LogTemp:Display: Loaded TP WindowsServerTargetPlatform
[2017.07.10-17.29.34:481][  0]LogTemp:Display: Loaded TP WindowsTargetPlatform
[2017.07.10-17.29.34:529][  0]LogTemp:Display: Loaded TP AndroidTargetPlatform
[2017.07.10-17.29.34:576][  0]LogTemp:Display: Loaded TP Android_ASTCTargetPlatform
[2017.07.10-17.29.34:626][  0]LogTemp:Display: Loaded TP Android_ATCTargetPlatform
[2017.07.10-17.29.34:673][  0]LogTemp:Display: Loaded TP Android_DXTTargetPlatform
[2017.07.10-17.29.34:724][  0]LogTemp:Display: Loaded TP Android_ETC1TargetPlatform
[2017.07.10-17.29.34:774][  0]LogTemp:Display: Loaded TP Android_ETC2TargetPlatform
[2017.07.10-17.29.34:868][  0]LogTemp:Display: Loaded TP Android_MultiTargetPlatform
[2017.07.10-17.29.34:868][  0]LogTemp:Display: Loaded TP Android_PVRTCTargetPlatform
[2017.07.10-17.29.34:902][  0]LogTemp:Display: Loaded TP HTML5TargetPlatform
[2017.07.10-17.29.34:980][  0]LogTemp:Display: Loaded TP IOSTargetPlatform
[2017.07.10-17.29.35:010][  0]LogTemp:Display: Loaded TP TVOSTargetPlatform
[2017.07.10-17.29.35:059][  0]LogTemp:Display: Loaded TP LinuxClientTargetPlatform
[2017.07.10-17.29.35:110][  0]LogTemp:Display: Loaded TP LinuxNoEditorTargetPlatform
[2017.07.10-17.29.35:158][  0]LogTemp:Display: Loaded TP LinuxServerTargetPlatform
[2017.07.10-17.29.35:205][  0]LogTemp:Display: Loaded TP LinuxTargetPlatform
[2017.07.10-17.29.35:205][  0]LogTargetPlatformManager:Display: Building Assets For Windows
[2017.07.10-17.29.35:553][  0]LogDerivedDataCache:Display: Max Cache Size: 512 MB
[2017.07.10-17.29.35:597][  0]LogDerivedDataCache: Loaded boot cache 0.04s 50MB C:/Users/IGMAdmin/AppData/Local/UnrealEngine/4.14/DerivedDataCache/Boot.ddc.
[2017.07.10-17.29.35:597][  0]LogDerivedDataCache:Display: Loaded Boot cache: C:/Users/IGMAdmin/AppData/Local/UnrealEngine/4.14/DerivedDataCache/Boot.ddc
[2017.07.10-17.29.35:597][  0]LogDerivedDataCache: FDerivedDataBackendGraph:  Pak pak cache file D:/KOC/MyProject6/DerivedDataCache/DDC.ddp not found, will not use a pak cache.
[2017.07.10-17.29.35:597][  0]LogDerivedDataCache: Unable to find inner node Pak for hierarchical cache Hierarchy.
[2017.07.10-17.29.35:597][  0]LogDerivedDataCache: FDerivedDataBackendGraph:  CompressedPak pak cache file D:/KOC/MyProject6/DerivedDataCache/Compressed.ddp not found, will not use a pak cache.
[2017.07.10-17.29.35:597][  0]LogDerivedDataCache: Unable to find inner node CompressedPak for hierarchical cache Hierarchy.
[2017.07.10-17.29.35:612][  0]LogDerivedDataCache:Display: Pak cache opened for reading ../../../Engine/DerivedDataCache/Compressed.ddp.
[2017.07.10-17.29.35:624][  0]LogDerivedDataCache: Using Local data cache path C:/Users/IGMAdmin/AppData/Local/UnrealEngine/Common/DerivedDataCache: Writable
[2017.07.10-17.29.35:803][  0]LogInit: Selected Device Profile: [Windows]
[2017.07.10-17.29.35:805][  0]LogContentStreaming: Texture pool size is 0.00 MB
[2017.07.10-17.29.35:988][  0]LogMeshUtilities: Using QuadricMeshReduction for automatic static mesh reduction
[2017.07.10-17.29.36:025][  0]LogSimplygon: Simplygon DLL not present - disabling.
[2017.07.10-17.29.36:068][  0]LogMeshUtilities: Using SimplygonSwarm for distributed automatic mesh merging
[2017.07.10-17.29.36:068][  0]LogMeshUtilities: No automatic skeletal mesh reduction module available
[2017.07.10-17.29.36:068][  0]LogMeshUtilities: No automatic mesh merging module available
[2017.07.10-17.29.36:501][  0]LogNetVersion: GetLocalNetworkVersion: CL: 3195953, ProjectName: myproject6, ProjectVersion: , EngineNetworkVersion: 2, GameNetworkVersion: 0, NetworkChecksum: 162316420
[2017.07.10-17.29.36:552][  0]LogAssetRegistry: FAssetRegistry took 0.0212 seconds to start up
[2017.07.10-17.29.36:598][  0]LogPackageLocalizationCache: Processed 3 localized package path(s) for 2 prioritized culture(s) in 0.022086 seconds
[2017.07.10-17.29.36:603][  0]LogUObjectArray: 31946 objects as part of root set at end of initial load.
[2017.07.10-17.29.36:603][  0]LogUObjectAllocator: 6935848 out of 0 bytes used by permanent object pool.
[2017.07.10-17.29.36:603][  0]LogUObjectArray: CloseDisregardForGC: 0/0 objects in disregard for GC pool
[2017.07.10-17.29.36:665][  0]LogInit: WinSock: version 1.1 (2.2), MaxSocks=32767, MaxUdp=65467
[2017.07.10-17.29.37:412][  0]LogSlate: Using Freetype 2.6.0
[2017.07.10-17.29.37:412][  0]LogSlate: SlateFontCache - WITH_FREETYPE: 1, WITH_HARFBUZZ: 1
[2017.07.10-17.29.37:412][  0]LogSlate: SlateFontCache - WITH_FREETYPE: 1, WITH_HARFBUZZ: 1
[2017.07.10-17.29.38:159][  0]LogTcpMessaging: Initializing TcpMessaging bridge
[2017.07.10-17.29.38:209][  0]LogUdpMessaging: Initializing bridge on interface 0.0.0.0:0 to multicast group 230.0.0.1:6666.
[2017.07.10-17.29.38:482][  0]LogMaterial: Uniform references updated for custom material expression Custom.
[2017.07.10-17.29.38:812][  0]SourceControl: Info Source control is disabled
[2017.07.10-17.29.38:851][  0]SourceControl: Info Source control is disabled
[2017.07.10-17.29.38:892][  0]SourceControl: Info Source control is disabled
[2017.07.10-17.29.38:937][  0]SourceControl: Info Source control is disabled
[2017.07.10-17.29.40:043][  0]LogEngine: Initializing Engine...
[2017.07.10-17.29.40:043][  0]LogHMD: Failed to initialize OpenVR with code 110
[2017.07.10-17.29.40:259][  0]LogAIModule: Creating AISystem for world Untitled
[2017.07.10-17.29.40:274][  0]LogInit: XAudio2 using 'Alienware2210-C (NVIDIA High Definition Audio)' : 2 channels at 48 kHz using 16 bits per sample (channel mask 0x3)
[2017.07.10-17.29.40:282][  0]LogInit: FAudioDevice initialized.
[2017.07.10-17.29.40:303][  0]LogDerivedDataCache: Saved boot cache 0.02s 50MB C:/Users/IGMAdmin/AppData/Local/UnrealEngine/4.14/DerivedDataCache/Boot.ddc.
[2017.07.10-17.29.40:311][  0]LogInit: Texture streaming: Enabled
[2017.07.10-17.29.40:476][  0]LogInit: Transaction tracking system initialized
[2017.07.10-17.29.40:791][  0]BlueprintLog: New page: Editor Load
[2017.07.10-17.29.41:625][  0]LocalizationService: Info Localization service is disabled
[2017.07.10-17.29.42:211][  0]LogConsoleResponse:Display: 
[2017.07.10-17.29.42:332][  0]LogCook:Display: Max memory allowance for cook 16384mb min free memory 0mb
[2017.07.10-17.29.42:332][  0]LogCook:Display: Mobile HDR setting 1
[2017.07.10-17.29.43:163][  0]LogFileCache: Scanning file cache for directory 'D:/KOC/MyProject6/Content/' took 0.01s
[2017.07.10-17.29.43:203][  0]SourceControl: Info Source control is disabled
[2017.07.10-17.29.43:203][  0]Cmd: MAP LOAD FILE="D:/KOC/MyProject6/Content/RollingBP/Maps/RollingBPExampleMap.umap" TEMPLATE=0 SHOWPROGRESS=1 FEATURELEVEL=3
[2017.07.10-17.29.43:203][  0]LightingResults: New page: Lighting Build
[2017.07.10-17.29.43:240][  0]MapCheck: New page: Map Check
[2017.07.10-17.29.43:240][  0]LightingResults: New page: Lighting Build
[2017.07.10-17.29.43:603][  0]LogTexture:Display: Building textures: HQ_Lightmap1_1 (AutoDXT)
[2017.07.10-17.29.46:944][  0]LogTexture:Display: Building textures: HQ_Lightmap1_2 (AutoDXT)
[2017.07.10-17.29.47:797][  0]LogTexture:Display: Building textures: HQ_Lightmap1_3 (AutoDXT)
[2017.07.10-17.29.48:768][  0]LogTexture:Display: Building textures: HQ_Lightmap1_4 (AutoDXT)
[2017.07.10-17.29.49:763][  0]LogTexture:Display: Building textures: HQ_Lightmap1_5 (AutoDXT)
[2017.07.10-17.29.50:741][  0]LogTexture:Display: Building textures: HQ_Lightmap1_6 (AutoDXT)
[2017.07.10-17.29.51:214][  0]LogTexture:Display: Building textures: HQ_Lightmap1_7 (AutoDXT)
[2017.07.10-17.29.51:910][  0]LogTexture:Display: Building textures: HQ_Lightmap1_8 (AutoDXT)
[2017.07.10-17.29.52:512][  0]LogTexture:Display: Building textures: HQ_Lightmap1_9 (AutoDXT)
[2017.07.10-17.29.52:576][  0]LogTexture:Display: Building textures: LQ_Lightmap_1_1 (DXT1)
[2017.07.10-17.29.53:543][  0]LogTexture:Display: Building textures: LQ_Lightmap_1_2 (DXT1)
[2017.07.10-17.29.53:852][  0]LogTexture:Display: Building textures: LQ_Lightmap_1_3 (DXT1)
[2017.07.10-17.29.54:112][  0]LogTexture:Display: Building textures: LQ_Lightmap_1_4 (DXT1)
[2017.07.10-17.29.54:396][  0]LogTexture:Display: Building textures: LQ_Lightmap_1_5 (DXT1)
[2017.07.10-17.29.54:743][  0]LogTexture:Display: Building textures: LQ_Lightmap_1_6 (DXT1)
[2017.07.10-17.29.54:908][  0]LogTexture:Display: Building textures: LQ_Lightmap_1_7 (DXT1)
[2017.07.10-17.29.55:168][  0]LogTexture:Display: Building textures: LQ_Lightmap_1_8 (DXT1)
[2017.07.10-17.29.55:402][  0]LogTexture:Display: Building textures: LQ_Lightmap_1_9 (DXT1)
[2017.07.10-17.29.55:440][  0]LogTexture:Display: Building textures: SkyOcclusion1_1 (AutoDXT)
[2017.07.10-17.29.56:835][  0]LogTexture:Display: Building textures: SkyOcclusion1_2 (AutoDXT)
[2017.07.10-17.29.57:137][  0]LogTexture:Display: Building textures: SkyOcclusion1_3 (AutoDXT)
[2017.07.10-17.29.57:477][  0]LogTexture:Display: Building textures: SkyOcclusion1_4 (AutoDXT)
[2017.07.10-17.29.57:872][  0]LogTexture:Display: Building textures: SkyOcclusion1_5 (AutoDXT)
[2017.07.10-17.29.58:273][  0]LogTexture:Display: Building textures: SkyOcclusion1_6 (AutoDXT)
[2017.07.10-17.29.58:376][  0]LogTexture:Display: Building textures: SkyOcclusion1_7 (AutoDXT)
[2017.07.10-17.29.58:623][  0]LogTexture:Display: Building textures: SkyOcclusion1_8 (AutoDXT)
[2017.07.10-17.29.58:843][  0]LogTexture:Display: Building textures: SkyOcclusion1_9 (AutoDXT)
[2017.07.10-17.29.58:852][  0]LogTexture:Display: Building textures: ShadowMapTexture2D_10 (G8)
[2017.07.10-17.29.58:926][  0]LogTexture:Display: Building textures: ShadowMapTexture2D_11 (G8)
[2017.07.10-17.29.58:992][  0]LogTexture:Display: Building textures: ShadowMapTexture2D_12 (G8)
[2017.07.10-17.29.59:007][  0]LogTexture:Display: Building textures: ShadowMapTexture2D_13 (G8)
[2017.07.10-17.29.59:013][  0]LogTexture:Display: Building textures: ShadowMapTexture2D_7 (G8)
[2017.07.10-17.29.59:086][  0]LogTexture:Display: Building textures: ShadowMapTexture2D_8 (G8)
[2017.07.10-17.29.59:145][  0]LogTexture:Display: Building textures: ShadowMapTexture2D_9 (G8)
[2017.07.10-17.29.59:232][  0]LogAIModule: Creating AISystem for world RollingBPExampleMap
[2017.07.10-17.29.59:244][  0]LogEditorServer: Finished looking for orphan Actors (0.000 secs)
[2017.07.10-17.29.59:244][  0]Cmd: MAP CHECKDEP NOCLEARLOG
[2017.07.10-17.29.59:290][  0]MapCheck: Info Map check complete: 0 Error(s), 0 Warning(s), took 45.88ms to complete.
[2017.07.10-17.29.59:290][  0]LogFileHelpers: Loading map 'RollingBPExampleMap' took 16.088
[2017.07.10-17.29.59:346][  0]LogWindowsTextInputMethodSystem:Display: IME system now deactivated.
[2017.07.10-17.29.59:424][  0]LogCollectionManager: Loaded 0 collections in 0.001242 seconds
[2017.07.10-17.29.59:498][  0]LogFileCache: Scanning file cache for directory 'D:/KOC/MyProject6/Saved/Collections/' took 0.01s
[2017.07.10-17.29.59:498][  0]LogFileCache: Scanning file cache for directory 'D:/KOC/MyProject6/Content/Developers/IGMAdmin/Collections/' took 0.01s
[2017.07.10-17.29.59:498][  0]LogFileCache: Scanning file cache for directory 'D:/KOC/MyProject6/Content/Collections/' took 0.01s
[2017.07.10-17.29.59:498][  0]LogCollectionManager: Rebuilt the GUID cache for 0 collections in 0.000002 seconds
[2017.07.10-17.29.59:506][  0]LogContentBrowser: Native class hierarchy populated in 0.0077 seconds. Added 2190 classes and 428 folders.
[2017.07.10-17.29.59:542][  0]LogStats: UGameplayTagsManager::ConstructGameplayTagTree: Construct from data asset -  0.000 s
[2017.07.10-17.29.59:542][  0]LogStats: UGameplayTagsManager::ConstructGameplayTagTree: GameplayTagTreeChangedEvent.Broadcast -  0.000 s
[2017.07.10-17.29.59:542][  0]LogContentBrowser: Native class hierarchy updated for 'GameplayTags' in 0.0004 seconds. Added 13 classes and 0 folders.
[2017.07.10-17.29.59:597][  0]LogContentBrowser: Native class hierarchy updated for 'WidgetCarousel' in 0.0004 seconds. Added 0 classes and 0 folders.
[2017.07.10-17.29.59:629][  0]LogContentBrowser: Native class hierarchy updated for 'AddContentDialog' in 0.0004 seconds. Added 0 classes and 0 folders.
[2017.07.10-17.29.59:666][  0]LogContentBrowser: Native class hierarchy updated for 'SceneOutliner' in 0.0004 seconds. Added 1 classes and 2 folders.
[2017.07.10-17.29.59:698][  0]LogCrashTracker: Crashtracker disabled due to settings.
[2017.07.10-17.29.59:703][  0]LogUObjectGlobals:Warning: Failed to find object 'Class None.'
[2017.07.10-17.29.59:766][  0]LogContentBrowser: Native class hierarchy updated for 'HierarchicalLODOutliner' in 0.0004 seconds. Added 1 classes and 2 folders.
[2017.07.10-17.29.59:766][  0]LogLoad: (Engine Initialization) Total time: 28.86 seconds
[2017.07.10-17.29.59:766][  0]LogLoad: (Engine Initialization) Total Blueprint compile time: 0.11 seconds
[2017.07.10-17.29.59:766][  0]LogExternalProfiler: Found external profiler: VSPerf
[2017.07.10-17.29.59:766][  0]LogExternalProfiler: Using external profiler: VSPerf
[2017.07.10-17.29.59:775][  0]LogOcInput: OculusInput pre-init called
[2017.07.10-17.29.59:792][  0]LogAssetRegistry: Asset discovery search completed in 23.2613 seconds
[2017.07.10-17.29.59:792][  0]LogCollectionManager: Rebuilt the object cache for 0 collections in 0.000001 seconds (found 0 objects)
[2017.07.10-17.29.59:792][  0]LogCollectionManager: Fixed up redirectors for 0 collections in 0.000013 seconds (updated 0 objects)
[2017.07.10-17.29.59:794][  0]LogContentStreaming: Texture pool size now 1000 MB
[2017.07.10-17.29.59:930][  0]LogRenderer: Reallocating scene render targets to support 1208x576 NumSamples 1 (Frame:2).
[2017.07.10-17.30.14:612][736]LogTemp: Repeting last play command: Selected Viewport
[2017.07.10-17.30.14:616][736]LogBlueprintUserMessages: Early PlayInEditor Detection: Level '/Game/RollingBP/Maps/RollingBPExampleMap.RollingBPExampleMap:PersistentLevel' has LevelScriptBlueprint '/Game/RollingBP/Maps/RollingBPExampleMap.RollingBPExampleMap:PersistentLevel.RollingBPExampleMap' with GeneratedClass '/Game/RollingBP/Maps/RollingBPExampleMap.RollingBPExampleMap_C' with ClassGeneratedBy '/Game/RollingBP/Maps/RollingBPExampleMap.RollingBPExampleMap:PersistentLevel.RollingBPExampleMap'
[2017.07.10-17.30.14:616][736]LogPlayLevel: PlayLevel: No blueprints needed recompiling
[2017.07.10-17.30.14:616][736]PIE: New page: PIE session: RollingBPExampleMap (Jul 10, 2017, 9:30:14 AM)
[2017.07.10-17.30.14:616][736]LogPlayLevel: Creating play world package: /Game/RollingBP/Maps/UEDPIE_0_RollingBPExampleMap
[2017.07.10-17.30.14:645][736]LogPlayLevel: PIE: StaticDuplicateObject took: (0.028673s)
[2017.07.10-17.30.14:646][736]LogAIModule: Creating AISystem for world RollingBPExampleMap
[2017.07.10-17.30.14:646][736]LogPlayLevel: PIE: World Init took: (0.001065s)
[2017.07.10-17.30.14:646][736]LogPlayLevel: PIE: Created PIE world by copying editor world from /Game/RollingBP/Maps/RollingBPExampleMap.RollingBPExampleMap to /Game/RollingBP/Maps/UEDPIE_0_RollingBPExampleMap.RollingBPExampleMap (0.030035s)
[2017.07.10-17.30.14:678][736]LogInit: XAudio2 using 'Alienware2210-C (NVIDIA High Definition Audio)' : 2 channels at 48 kHz using 16 bits per sample (channel mask 0x3)
[2017.07.10-17.30.14:682][736]LogInit: FAudioDevice initialized.
[2017.07.10-17.30.14:724][736]LogLoad: Game class is 'RollingGameMode_C'
[2017.07.10-17.30.14:727][736]LogWorld: Bringing World /Game/RollingBP/Maps/UEDPIE_0_RollingBPExampleMap.RollingBPExampleMap up for play (max tick rate 0) at 2017.07.10-13.30.14
[2017.07.10-17.30.14:728][736]LogWorld: Bringing up level for play took: 0.002933
[2017.07.10-17.30.14:765][736]LogContentBrowser: Native class hierarchy updated for 'MovieSceneCapture' in 0.0004 seconds. Added 11 classes and 0 folders.
[2017.07.10-17.30.14:766][736]PIE: Info Play in editor start time for /Game/RollingBP/Maps/UEDPIE_0_RollingBPExampleMap 0.846
[2017.07.10-17.30.14:766][736]LogBlueprintUserMessages: Late PlayInEditor Detection: Level '/Game/RollingBP/Maps/RollingBPExampleMap.RollingBPExampleMap:PersistentLevel' has LevelScriptBlueprint '/Game/RollingBP/Maps/RollingBPExampleMap.RollingBPExampleMap:PersistentLevel.RollingBPExampleMap' with GeneratedClass '/Game/RollingBP/Maps/RollingBPExampleMap.RollingBPExampleMap_C' with ClassGeneratedBy '/Game/RollingBP/Maps/RollingBPExampleMap.RollingBPExampleMap:PersistentLevel.RollingBPExampleMap'
[2017.07.10-17.30.57:134][815]LogBlueprintUserMessages: Early EndPlayMap Detection: Level '/Game/RollingBP/Maps/RollingBPExampleMap.RollingBPExampleMap:PersistentLevel' has LevelScriptBlueprint '/Game/RollingBP/Maps/RollingBPExampleMap.RollingBPExampleMap:PersistentLevel.RollingBPExampleMap' with GeneratedClass '/Game/RollingBP/Maps/RollingBPExampleMap.RollingBPExampleMap_C' with ClassGeneratedBy '/Game/RollingBP/Maps/RollingBPExampleMap.RollingBPExampleMap:PersistentLevel.RollingBPExampleMap'
[2017.07.10-17.30.57:171][815]LogBlueprintUserMessages: Late EndPlayMap Detection: Level '/Game/RollingBP/Maps/RollingBPExampleMap.RollingBPExampleMap:PersistentLevel' has LevelScriptBlueprint '/Game/RollingBP/Maps/RollingBPExampleMap.RollingBPExampleMap:PersistentLevel.RollingBPExampleMap' with GeneratedClass '/Game/RollingBP/Maps/RollingBPExampleMap.RollingBPExampleMap_C' with ClassGeneratedBy '/Game/RollingBP/Maps/RollingBPExampleMap.RollingBPExampleMap:PersistentLevel.RollingBPExampleMap'
[2017.07.10-17.31.09:883][321]LogEditorViewport: Clicking on Actor (CTRL LMB): StaticMeshActor (TemplateCube_Rounded_5)
[2017.07.10-17.31.10:541][394]LogEditorViewport: Clicking on Actor (CTRL LMB): StaticMeshActor (TemplateCube_Rounded_43)
[2017.07.10-17.31.10:918][434]LogEditorViewport: Clicking on Actor (CTRL LMB): StaticMeshActor (TemplateCube_Rounded_44)
[2017.07.10-17.31.11:740][529]LogEditorViewport: Clicking on Actor (CTRL LMB): StaticMeshActor (TemplateCube_Rounded_8)
[2017.07.10-17.31.12:351][598]LogEditorViewport: Clicking on Actor (CTRL LMB): StaticMeshActor (TemplateCube_Rounded_7)
[2017.07.10-17.31.12:865][656]LogEditorViewport: Clicking on Actor (CTRL LMB): StaticMeshActor (TemplateCube_Rounded_6)
[2017.07.10-17.31.14:939][901]Cmd: EDIT COPY
[2017.07.10-17.31.16:260][ 59]Cmd: EDIT PASTE
[2017.07.10-17.31.19:873][486]Cmd: EDIT PASTE
[2017.07.10-17.31.26:962][330]Cmd: EDIT PASTE
[2017.07.10-17.31.59:763][242]Cmd: EDIT COPY
[2017.07.10-17.32.00:398][318]Cmd: EDIT PASTE
[2017.07.10-17.32.02:941][617]Cmd: EDIT PASTE
[2017.07.10-17.32.07:469][153]Cmd: EDIT PASTE
[2017.07.10-17.32.10:286][485]Cmd: EDIT PASTE
[2017.07.10-17.32.14:499][983]LogTemp: Repeting last play command: Selected Viewport
[2017.07.10-17.32.14:509][983]LogBlueprintUserMessages: Early PlayInEditor Detection: Level '/Game/RollingBP/Maps/RollingBPExampleMap.RollingBPExampleMap:PersistentLevel' has LevelScriptBlueprint '/Game/RollingBP/Maps/RollingBPExampleMap.RollingBPExampleMap:PersistentLevel.RollingBPExampleMap' with GeneratedClass '/Game/RollingBP/Maps/RollingBPExampleMap.RollingBPExampleMap_C' with ClassGeneratedBy '/Game/RollingBP/Maps/RollingBPExampleMap.RollingBPExampleMap:PersistentLevel.RollingBPExampleMap'
[2017.07.10-17.32.14:509][983]LogPlayLevel: PlayLevel: No blueprints needed recompiling
[2017.07.10-17.32.14:509][983]PIE: New page: PIE session: RollingBPExampleMap (Jul 10, 2017, 9:32:14 AM)
[2017.07.10-17.32.14:509][983]LogPlayLevel: Creating play world package: /Game/RollingBP/Maps/UEDPIE_0_RollingBPExampleMap
[2017.07.10-17.32.14:538][983]LogPlayLevel: PIE: StaticDuplicateObject took: (0.029411s)
[2017.07.10-17.32.14:540][983]LogAIModule: Creating AISystem for world RollingBPExampleMap
[2017.07.10-17.32.14:540][983]LogPlayLevel: PIE: World Init took: (0.001576s)
[2017.07.10-17.32.14:540][983]LogPlayLevel: PIE: Created PIE world by copying editor world from /Game/RollingBP/Maps/RollingBPExampleMap.RollingBPExampleMap to /Game/RollingBP/Maps/UEDPIE_0_RollingBPExampleMap.RollingBPExampleMap (0.031512s)
[2017.07.10-17.32.14:569][983]LogInit: XAudio2 using 'Alienware2210-C (NVIDIA High Definition Audio)' : 2 channels at 48 kHz using 16 bits per sample (channel mask 0x3)
[2017.07.10-17.32.14:573][983]LogInit: FAudioDevice initialized.
[2017.07.10-17.32.14:606][983]LogLoad: Game class is 'RollingGameMode_C'
[2017.07.10-17.32.14:609][983]LogWorld: Bringing World /Game/RollingBP/Maps/UEDPIE_0_RollingBPExampleMap.RollingBPExampleMap up for play (max tick rate 0) at 2017.07.10-13.32.14
[2017.07.10-17.32.14:609][983]LogWorld: Bringing up level for play took: 0.003228
[2017.07.10-17.32.14:610][983]PIE: Info Play in editor start time for /Game/RollingBP/Maps/UEDPIE_0_RollingBPExampleMap 0.693
[2017.07.10-17.32.14:610][983]LogBlueprintUserMessages: Late PlayInEditor Detection: Level '/Game/RollingBP/Maps/RollingBPExampleMap.RollingBPExampleMap:PersistentLevel' has LevelScriptBlueprint '/Game/RollingBP/Maps/RollingBPExampleMap.RollingBPExampleMap:PersistentLevel.RollingBPExampleMap' with GeneratedClass '/Game/RollingBP/Maps/RollingBPExampleMap.RollingBPExampleMap_C' with ClassGeneratedBy '/Game/RollingBP/Maps/RollingBPExampleMap.RollingBPExampleMap:PersistentLevel.RollingBPExampleMap'
[2017.07.10-17.33.06:491][205]LogBlueprintUserMessages: Early EndPlayMap Detection: Level '/Game/RollingBP/Maps/RollingBPExampleMap.RollingBPExampleMap:PersistentLevel' has LevelScriptBlueprint '/Game/RollingBP/Maps/RollingBPExampleMap.RollingBPExampleMap:PersistentLevel.RollingBPExampleMap' with GeneratedClass '/Game/RollingBP/Maps/RollingBPExampleMap.RollingBPExampleMap_C' with ClassGeneratedBy '/Game/RollingBP/Maps/RollingBPExampleMap.RollingBPExampleMap:PersistentLevel.RollingBPExampleMap'
[2017.07.10-17.33.06:536][205]LogBlueprintUserMessages: Late EndPlayMap Detection: Level '/Game/RollingBP/Maps/RollingBPExampleMap.RollingBPExampleMap:PersistentLevel' has LevelScriptBlueprint '/Game/RollingBP/Maps/RollingBPExampleMap.RollingBPExampleMap:PersistentLevel.RollingBPExampleMap' with GeneratedClass '/Game/RollingBP/Maps/RollingBPExampleMap.RollingBPExampleMap_C' with ClassGeneratedBy '/Game/RollingBP/Maps/RollingBPExampleMap.RollingBPExampleMap:PersistentLevel.RollingBPExampleMap'
[2017.07.10-17.33.25:187][433]LogEditorViewport: Clicking on Actor (LMB): PhysicsBallBP_C (PhysicsBallBP)
[2017.07.10-17.33.30:934][110]LogEditorViewport: Clicking on Actor (LMB): PhysicsBallBP_C (PhysicsBallBP)
[2017.07.10-17.33.31:396][164]LogEditorViewport: Clicking on Component (LMB): CameraComponent (Camera)
[2017.07.10-17.33.59:738][507]LogEditorViewport: Clicking on Actor (LMB): StaticMeshActor (Ground)
[2017.07.10-17.34.00:989][648]LogEditorViewport: Clicking on Actor (LMB): PhysicsBallBP_C (PhysicsBallBP)
[2017.07.10-17.34.07:589][428]LogEditorViewport: Clicking on Actor (LMB): PhysicsBallBP_C (PhysicsBallBP)
[2017.07.10-17.34.08:878][581]LogEditorViewport: Clicking on Actor (LMB): PhysicsBallBP_C (PhysicsBallBP)
[2017.07.10-17.34.09:499][654]LogEditorViewport: Clicking on Actor (LMB): StaticMeshActor (Ground)
[2017.07.10-17.34.10:683][788]LogEditorViewport: Clicking on Actor (LMB): PhysicsBallBP_C (PhysicsBallBP)
[2017.07.10-17.34.11:940][931]LogEditorViewport: Clicking on Actor (LMB): PhysicsBallBP_C (PhysicsBallBP)
[2017.07.10-17.34.12:588][  7]LogEditorViewport: Clicking on Actor (LMB): PhysicsBallBP_C (PhysicsBallBP)
[2017.07.10-17.34.12:788][ 29]LogEditorViewport: Clicking on Component (LMB): CameraComponent (Camera)
[2017.07.10-17.34.16:151][427]LogEditorViewport: Clicking on Component (CTRL LMB): StaticMeshComponent (Ball)
[2017.07.10-17.35.08:199][533]LogTemp: Repeting last play command: Selected Viewport
[2017.07.10-17.35.08:208][533]LogBlueprintUserMessages: Early PlayInEditor Detection: Level '/Game/RollingBP/Maps/RollingBPExampleMap.RollingBPExampleMap:PersistentLevel' has LevelScriptBlueprint '/Game/RollingBP/Maps/RollingBPExampleMap.RollingBPExampleMap:PersistentLevel.RollingBPExampleMap' with GeneratedClass '/Game/RollingBP/Maps/RollingBPExampleMap.RollingBPExampleMap_C' with ClassGeneratedBy '/Game/RollingBP/Maps/RollingBPExampleMap.RollingBPExampleMap:PersistentLevel.RollingBPExampleMap'
[2017.07.10-17.35.08:208][533]LogPlayLevel: PlayLevel: No blueprints needed recompiling
[2017.07.10-17.35.08:209][533]PIE: New page: PIE session: RollingBPExampleMap (Jul 10, 2017, 9:35:08 AM)
[2017.07.10-17.35.08:209][533]LogPlayLevel: Creating play world package: /Game/RollingBP/Maps/UEDPIE_0_RollingBPExampleMap
[2017.07.10-17.35.08:237][533]LogPlayLevel: PIE: StaticDuplicateObject took: (0.027883s)
[2017.07.10-17.35.08:237][533]LogAIModule: Creating AISystem for world RollingBPExampleMap
[2017.07.10-17.35.08:238][533]LogPlayLevel: PIE: World Init took: (0.001193s)
[2017.07.10-17.35.08:238][533]LogPlayLevel: PIE: Created PIE world by copying editor world from /Game/RollingBP/Maps/RollingBPExampleMap.RollingBPExampleMap to /Game/RollingBP/Maps/UEDPIE_0_RollingBPExampleMap.RollingBPExampleMap (0.029451s)
[2017.07.10-17.35.08:295][533]LogInit: XAudio2 using 'Alienware2210-C (NVIDIA High Definition Audio)' : 2 channels at 48 kHz using 16 bits per sample (channel mask 0x3)
[2017.07.10-17.35.08:299][533]LogInit: FAudioDevice initialized.
[2017.07.10-17.35.08:328][533]LogLoad: Game class is 'RollingGameMode_C'
[2017.07.10-17.35.08:331][533]LogWorld: Bringing World /Game/RollingBP/Maps/UEDPIE_0_RollingBPExampleMap.RollingBPExampleMap up for play (max tick rate 0) at 2017.07.10-13.35.08
[2017.07.10-17.35.08:332][533]LogWorld: Bringing up level for play took: 0.003458
[2017.07.10-17.35.08:333][533]PIE: Info Play in editor start time for /Game/RollingBP/Maps/UEDPIE_0_RollingBPExampleMap 0.418
[2017.07.10-17.35.08:333][533]LogBlueprintUserMessages: Late PlayInEditor Detection: Level '/Game/RollingBP/Maps/RollingBPExampleMap.RollingBPExampleMap:PersistentLevel' has LevelScriptBlueprint '/Game/RollingBP/Maps/RollingBPExampleMap.RollingBPExampleMap:PersistentLevel.RollingBPExampleMap' with GeneratedClass '/Game/RollingBP/Maps/RollingBPExampleMap.RollingBPExampleMap_C' with ClassGeneratedBy '/Game/RollingBP/Maps/RollingBPExampleMap.RollingBPExampleMap:PersistentLevel.RollingBPExampleMap'
[2017.07.10-17.35.56:973][366]LogBlueprintUserMessages: Early EndPlayMap Detection: Level '/Game/RollingBP/Maps/RollingBPExampleMap.RollingBPExampleMap:PersistentLevel' has LevelScriptBlueprint '/Game/RollingBP/Maps/RollingBPExampleMap.RollingBPExampleMap:PersistentLevel.RollingBPExampleMap' with GeneratedClass '/Game/RollingBP/Maps/RollingBPExampleMap.RollingBPExampleMap_C' with ClassGeneratedBy '/Game/RollingBP/Maps/RollingBPExampleMap.RollingBPExampleMap:PersistentLevel.RollingBPExampleMap'
[2017.07.10-17.35.57:008][366]LogBlueprintUserMessages: Late EndPlayMap Detection: Level '/Game/RollingBP/Maps/RollingBPExampleMap.RollingBPExampleMap:PersistentLevel' has LevelScriptBlueprint '/Game/RollingBP/Maps/RollingBPExampleMap.RollingBPExampleMap:PersistentLevel.RollingBPExampleMap' with GeneratedClass '/Game/RollingBP/Maps/RollingBPExampleMap.RollingBPExampleMap_C' with ClassGeneratedBy '/Game/RollingBP/Maps/RollingBPExampleMap.RollingBPExampleMap:PersistentLevel.RollingBPExampleMap'
[2017.07.10-17.36.02:864][ 25]LogGameProjectGeneration:Verbose: 'C:/Program Files (x86)/Epic Games/4.14/Templates/TP_PuzzleBP/Media/TP_PuzzleBP.png': Skipping as it is in an ignored folder 'Media'
[2017.07.10-17.36.02:864][ 25]LogGameProjectGeneration:Verbose: 'C:/Program Files (x86)/Epic Games/4.14/Templates/TP_PuzzleBP/Media/TP_PuzzleBP_Preview.png': Skipping as it is in an ignored folder 'Media'
[2017.07.10-17.36.02:946][ 26]Cmd: CLOSE_SLATE_MAINFRAME
[2017.07.10-17.36.10:514][ 27]Cmd: QUIT_EDITOR
[2017.07.10-17.36.10:691][ 27]LogWindowsTextInputMethodSystem:Display: IME system now deactivated.
[2017.07.10-17.36.10:714][ 27]LogExit: Preparing to exit.
[2017.07.10-17.36.11:492][ 27]LogExit: Editor shut down
[2017.07.10-17.36.11:492][ 27]LogExit: Transaction tracking system shut down
[2017.07.10-17.36.11:591][ 27]LogObj: Freed 0b from 0 cluster array pools.
[2017.07.10-17.36.11:591][ 27]LogExit: Object subsystem successfully closed.
[2017.07.10-17.36.11:609][ 27]LogD3D11RHI: Shutdown
[2017.07.10-17.36.11:609][ 27]LogD3D11RHI: CleanupD3DDevice
[2017.07.10-17.36.11:712][ 27]LogD3D11RHI: ~FD3D11DynamicRHI
[2017.07.10-17.36.11:740][ 27]LogHttp:Display: Http module shutting down, but needs to wait on 1 outstanding Http requests:
[2017.07.10-17.36.11:740][ 27]LogHttp:Display: 	verb=[POST] url=[https://datarouter.ol.epicgames.com/datarouter/api/v1/public/data?SessionID=%7B3B8C0FFD-4DF9-BC7F-AB57-798B72DE5FB6%7D&AppID=UEEditor.Rocket.Release&AppVersion=4.14.3-3249277%2B%2B%2BUE4%2BRelease-4.14&UserID=822a24ed4865cb29cef75ea46c8807bb%7Cca90ae5a1e854e55bcc446bb84f5659c%7Ca59d3b82-35a8-4791-a9a2-916a193a2c3c&AppEnvironment=datacollector-binary&UploadType=eteventstream] status=Processing
[2017.07.10-17.36.11:750][ 27]LogModuleManager: Shutting down and abandoning module MovieSceneCapture (242)
[2017.07.10-17.36.11:750][ 27]LogModuleManager: Shutting down and abandoning module HierarchicalLODOutliner (241)
[2017.07.10-17.36.11:750][ 27]LogModuleManager: Shutting down and abandoning module CrashTracker (240)
[2017.07.10-17.36.11:750][ 27]LogModuleManager: Shutting down and abandoning module SceneOutliner (239)
[2017.07.10-17.36.11:750][ 27]LogModuleManager: Shutting down and abandoning module WidgetCarousel (238)
[2017.07.10-17.36.11:750][ 27]LogModuleManager: Shutting down and abandoning module AddContentDialog (237)
[2017.07.10-17.36.11:750][ 27]LogDirectoryWatcher: A directory notification for 'C:/Program Files (x86)/Epic Games/4.14/FeaturePacks/' was aborted.
[2017.07.10-17.36.11:751][ 27]LogModuleManager: Shutting down and abandoning module GameplayTags (236)
[2017.07.10-17.36.11:756][ 27]LogModuleManager: Shutting down and abandoning module EditorWidgets (235)
[2017.07.10-17.36.11:756][ 27]LogModuleManager: Shutting down and abandoning module CollectionManager (234)
[2017.07.10-17.36.11:756][ 27]LogDirectoryWatcher: A directory notification for 'D:/KOC/MyProject6/Content/Collections/' was aborted.
[2017.07.10-17.36.11:756][ 27]LogDirectoryWatcher: A directory notification for 'D:/KOC/MyProject6/Content/Developers/IGMAdmin/Collections/' was aborted.
[2017.07.10-17.36.11:756][ 27]LogDirectoryWatcher: A directory notification for 'D:/KOC/MyProject6/Saved/Collections/' was aborted.
[2017.07.10-17.36.11:756][ 27]LogModuleManager: Shutting down and abandoning module StatsViewer (233)
[2017.07.10-17.36.11:757][ 27]LogModuleManager: Shutting down and abandoning module FoliageEdit (232)
[2017.07.10-17.36.11:757][ 27]LogModuleManager: Shutting down and abandoning module LandscapeEditor (231)
[2017.07.10-17.36.11:757][ 27]LogModuleManager: Shutting down and abandoning module SceneDepthPickerMode (230)
[2017.07.10-17.36.11:757][ 27]LogModuleManager: Shutting down and abandoning module ActorPickerMode (229)
[2017.07.10-17.36.11:757][ 27]LogModuleManager: Shutting down and abandoning module GeometryMode (228)
[2017.07.10-17.36.11:757][ 27]LogModuleManager: Shutting down and abandoning module TextureAlignMode (227)
[2017.07.10-17.36.11:757][ 27]LogModuleManager: Shutting down and abandoning module BspMode (226)
[2017.07.10-17.36.11:757][ 27]LogModuleManager: Shutting down and abandoning module HardwareSurvey (225)
[2017.07.10-17.36.11:757][ 27]LogModuleManager: Shutting down and abandoning module SequenceRecorderSections (224)
[2017.07.10-17.36.11:757][ 27]LogModuleManager: Shutting down and abandoning module AutomationWorker (223)
[2017.07.10-17.36.11:757][ 27]LogModuleManager: Shutting down and abandoning module MatineeToLevelSequence (222)
[2017.07.10-17.36.11:757][ 27]LogModuleManager: Shutting down and abandoning module PlacementMode (221)
[2017.07.10-17.36.11:757][ 27]LogModuleManager: Shutting down and abandoning module LevelSequenceEditor (220)
[2017.07.10-17.36.11:757][ 27]LogModuleManager: Shutting down and abandoning module WmfMediaFactory (219)
[2017.07.10-17.36.11:757][ 27]LogModuleManager: Shutting down and abandoning module WmfMediaEditor (218)
[2017.07.10-17.36.11:757][ 27]LogModuleManager: Shutting down and abandoning module AvfMediaFactory (217)
[2017.07.10-17.36.11:757][ 27]LogModuleManager: Shutting down and abandoning module AvfMediaEditor (216)
[2017.07.10-17.36.11:759][ 27]LogModuleManager: Shutting down and abandoning module Media (215)
[2017.07.10-17.36.11:759][ 27]LogModuleManager: Shutting down and abandoning module AndroidMediaFactory (214)
[2017.07.10-17.36.11:759][ 27]LogModuleManager: Shutting down and abandoning module AndroidMediaEditor (213)
[2017.07.10-17.36.11:759][ 27]LogModuleManager: Shutting down and abandoning module CharacterAI (212)
[2017.07.10-17.36.11:759][ 27]LogModuleManager: Shutting down and abandoning module SequenceRecorder (211)
[2017.07.10-17.36.11:759][ 27]LogModuleManager: Shutting down and abandoning module AudioCapture (210)
[2017.07.10-17.36.11:759][ 27]LogModuleManager: Shutting down and abandoning module SmartSnapping (209)
[2017.07.10-17.36.11:759][ 27]LogModuleManager: Shutting down and abandoning module SessionServices (208)
[2017.07.10-17.36.11:759][ 27]LogModuleManager: Shutting down and abandoning module ViewportSnapping (207)
[2017.07.10-17.36.11:759][ 27]LogModuleManager: Shutting down and abandoning module ViewportInteraction (206)
[2017.07.10-17.36.11:759][ 27]LogModuleManager: Shutting down and abandoning module LogVisualizer (205)
[2017.07.10-17.36.11:759][ 27]LogModuleManager: Shutting down and abandoning module GameProjectGeneration (204)
[2017.07.10-17.36.11:759][ 27]LogModuleManager: Shutting down and abandoning module IntroTutorials (203)
[2017.07.10-17.36.11:759][ 27]LogModuleManager: Shutting down and abandoning module EditorLiveStreaming (202)
[2017.07.10-17.36.11:759][ 27]LogModuleManager: Shutting down and abandoning module IOSPlatformEditor (201)
[2017.07.10-17.36.11:759][ 27]LogModuleManager: Shutting down and abandoning module HTML5PlatformEditor (200)
[2017.07.10-17.36.11:759][ 27]LogModuleManager: Shutting down and abandoning module AndroidDeviceDetection (199)
[2017.07.10-17.36.12:149][ 27]LogModuleManager: Shutting down and abandoning module AndroidPlatformEditor (198)
[2017.07.10-17.36.12:150][ 27]LogModuleManager: Shutting down and abandoning module IOSRuntimeSettings (197)
[2017.07.10-17.36.12:150][ 27]LogModuleManager: Shutting down and abandoning module AndroidRuntimeSettings (196)
[2017.07.10-17.36.12:150][ 27]LogModuleManager: Shutting down and abandoning module InputBindingEditor (195)
[2017.07.10-17.36.12:150][ 27]LogModuleManager: Shutting down and abandoning module NiagaraEditor (194)
[2017.07.10-17.36.12:151][ 27]LogModuleManager: Shutting down and abandoning module MergeActors (193)
[2017.07.10-17.36.12:151][ 27]LogModuleManager: Shutting down and abandoning module SizeMap (192)
[2017.07.10-17.36.12:151][ 27]LogModuleManager: Shutting down and abandoning module TreeMap (191)
[2017.07.10-17.36.12:151][ 27]LogModuleManager: Shutting down and abandoning module ReferenceViewer (190)
[2017.07.10-17.36.12:151][ 27]LogModuleManager: Shutting down and abandoning module LocalizationService (189)
[2017.07.10-17.36.12:151][ 27]LogModuleManager: Shutting down and abandoning module LocalizationDashboard (188)
[2017.07.10-17.36.12:151][ 27]LogModuleManager: Shutting down and abandoning module HardwareTargeting (187)
[2017.07.10-17.36.12:151][ 27]LogModuleManager: Shutting down and abandoning module DeviceProfileEditor (186)
[2017.07.10-17.36.12:151][ 27]LogModuleManager: Shutting down and abandoning module UndoHistory (185)
[2017.07.10-17.36.12:151][ 27]LogModuleManager: Shutting down and abandoning module UserFeedback (184)
[2017.07.10-17.36.12:151][ 27]LogModuleManager: Shutting down and abandoning module XmlParser (183)
[2017.07.10-17.36.12:151][ 27]LogModuleManager: Shutting down and abandoning module Blutility (182)
[2017.07.10-17.36.12:151][ 27]LogModuleManager: Shutting down and abandoning module ProjectTargetPlatformEditor (181)
[2017.07.10-17.36.12:151][ 27]LogModuleManager: Shutting down and abandoning module ProjectSettingsViewer (180)
[2017.07.10-17.36.12:151][ 27]LogModuleManager: Shutting down and abandoning module EditorSettingsViewer (179)
[2017.07.10-17.36.12:151][ 27]LogModuleManager: Shutting down and abandoning module SettingsEditor (178)
[2017.07.10-17.36.12:151][ 27]LogModuleManager: Shutting down and abandoning module ProjectLauncher (177)
[2017.07.10-17.36.12:151][ 27]LogModuleManager: Shutting down and abandoning module SessionFrontend (176)
[2017.07.10-17.36.12:151][ 27]LogModuleManager: Shutting down and abandoning module ProfilerClient (175)
[2017.07.10-17.36.12:151][ 27]LogModuleManager: Shutting down and abandoning module TargetDeviceServices (174)
[2017.07.10-17.36.12:151][ 27]LogModuleManager: Shutting down and abandoning module DeviceManager (173)
[2017.07.10-17.36.12:204][ 27]LogModuleManager: Shutting down and abandoning module AutomationController (172)
[2017.07.10-17.36.12:204][ 27]LogModuleManager: Shutting down and abandoning module AutomationWindow (171)
[2017.07.10-17.36.12:204][ 27]LogModuleManager: Shutting down and abandoning module Layers (170)
[2017.07.10-17.36.12:204][ 27]LogModuleManager: Shutting down and abandoning module ComponentVisualizers (169)
[2017.07.10-17.36.12:204][ 27]LogModuleManager: Shutting down and abandoning module DetailCustomizations (168)
[2017.07.10-17.36.12:204][ 27]LogModuleManager: Shutting down and abandoning module PackagesDialog (167)
[2017.07.10-17.36.12:204][ 27]LogModuleManager: Shutting down and abandoning module AnimGraph (166)
[2017.07.10-17.36.12:205][ 27]LogModuleManager: Shutting down and abandoning module Persona (165)
[2017.07.10-17.36.12:205][ 27]LogModuleManager: Shutting down and abandoning module Kismet (164)
[2017.07.10-17.36.12:205][ 27]LogModuleManager: Shutting down and abandoning module GraphEditor (163)
[2017.07.10-17.36.12:205][ 27]LogModuleManager: Shutting down and abandoning module ClassViewer (162)
[2017.07.10-17.36.12:205][ 27]LogModuleManager: Shutting down and abandoning module Toolbox (161)
[2017.07.10-17.36.12:205][ 27]LogModuleManager: Shutting down and abandoning module ModuleUI (160)
[2017.07.10-17.36.12:205][ 27]LogModuleManager: Shutting down and abandoning module MovieSceneTools (159)
[2017.07.10-17.36.12:205][ 27]LogModuleManager: Shutting down and abandoning module OutputLog (158)
[2017.07.10-17.36.12:205][ 27]LogModuleManager: Shutting down and abandoning module GammaUI (157)
[2017.07.10-17.36.12:205][ 27]LogModuleManager: Shutting down and abandoning module Documentation (156)
[2017.07.10-17.36.12:205][ 27]LogModuleManager: Shutting down and abandoning module Niagara (155)
[2017.07.10-17.36.12:205][ 27]LogModuleManager: Shutting down and abandoning module StreamingPauseRendering (154)
[2017.07.10-17.36.12:205][ 27]LogModuleManager: Shutting down and abandoning module AnalyticsET (153)
[2017.07.10-17.36.12:205][ 27]LogModuleManager: Shutting down and abandoning module PortalServices (152)
[2017.07.10-17.36.12:205][ 27]LogModuleManager: Shutting down and abandoning module PortalRpc (151)
[2017.07.10-17.36.12:205][ 27]LogModuleManager: Shutting down and abandoning module MessagingRpc (150)
[2017.07.10-17.36.12:205][ 27]LogModuleManager: Shutting down and abandoning module GameplayDebugger (149)
[2017.07.10-17.36.12:205][ 27]LogModuleManager: Shutting down and abandoning module AITestSuite (148)
[2017.07.10-17.36.12:205][ 27]LogModuleManager: Shutting down and abandoning module AIModule (147)
[2017.07.10-17.36.12:205][ 27]LogModuleManager: Shutting down and abandoning module ProfilerService (146)
[2017.07.10-17.36.12:339][ 27]LogModuleManager: Shutting down and abandoning module TaskGraph (145)
[2017.07.10-17.36.12:339][ 27]LogModuleManager: Shutting down and abandoning module SlateRemote (144)
[2017.07.10-17.36.12:339][ 27]LogModuleManager: Shutting down and abandoning module SteamVRController (143)
[2017.07.10-17.36.12:339][ 27]LogModuleManager: Shutting down and abandoning module SteamVR (142)
[2017.07.10-17.36.12:339][ 27]LogModuleManager: Shutting down and abandoning module ProceduralMeshComponentEditor (141)
[2017.07.10-17.36.12:339][ 27]LogModuleManager: Shutting down and abandoning module ProceduralMeshComponent (140)
[2017.07.10-17.36.12:339][ 27]LogModuleManager: Shutting down and abandoning module OculusLibrary (139)
[2017.07.10-17.36.12:339][ 27]LogModuleManager: Shutting down and abandoning module OculusInput (138)
[2017.07.10-17.36.12:339][ 27]LogModuleManager: Shutting down and abandoning module MobilePatchingUtils (137)
[2017.07.10-17.36.12:339][ 27]LogModuleManager: Shutting down and abandoning module CustomMeshComponent (136)
[2017.07.10-17.36.12:339][ 27]LogModuleManager: Shutting down and abandoning module CableComponent (135)
[2017.07.10-17.36.12:339][ 27]LogModuleManager: Shutting down and abandoning module ArchVisCharacter (134)
[2017.07.10-17.36.12:339][ 27]LogModuleManager: Shutting down and abandoning module MediaPlayerEditor (132)
[2017.07.10-17.36.12:339][ 27]LogModuleManager: Shutting down and abandoning module HTML5Networking (131)
[2017.07.10-17.36.12:339][ 27]LogModuleManager: Shutting down and abandoning module GeometryCacheEd (130)
[2017.07.10-17.36.12:339][ 27]LogModuleManager: Shutting down and abandoning module GeometryCache (129)
[2017.07.10-17.36.12:339][ 27]LogModuleManager: Shutting down and abandoning module AlembicLibrary (128)
[2017.07.10-17.36.12:339][ 27]LogModuleManager: Shutting down and abandoning module AlembicImporter (127)
[2017.07.10-17.36.12:339][ 27]LogModuleManager: Shutting down and abandoning module SuperSearch (126)
[2017.07.10-17.36.12:339][ 27]LogModuleManager: Shutting down and abandoning module SuperSearchEditor (125)
[2017.07.10-17.36.12:339][ 27]LogModuleManager: Shutting down and abandoning module SpeedTreeImporter (124)
[2017.07.10-17.36.12:339][ 27]LogModuleManager: Shutting down and abandoning module PluginBrowser (123)
[2017.07.10-17.36.12:339][ 27]LogModuleManager: Shutting down and abandoning module MobileLauncherProfileWizard (122)
[2017.07.10-17.36.12:339][ 27]LogModuleManager: Shutting down and abandoning module EpicSurvey (121)
[2017.07.10-17.36.12:339][ 27]LogModuleManager: Shutting down and abandoning module DesktopPlatform (120)
[2017.07.10-17.36.12:339][ 27]LogModuleManager: Shutting down and abandoning module VisualStudioSourceCodeAccess (119)
[2017.07.10-17.36.12:339][ 27]LogModuleManager: Shutting down and abandoning module UObjectPlugin (118)
[2017.07.10-17.36.12:339][ 27]LogModuleManager: Shutting down and abandoning module SubversionSourceControl (117)
[2017.07.10-17.36.12:340][ 27]LogModuleManager: Shutting down and abandoning module PerforceSourceControl (116)
[2017.07.10-17.36.12:340][ 27]LogModuleManager: Shutting down and abandoning module SourceControl (115)
[2017.07.10-17.36.12:340][ 27]LogModuleManager: Shutting down and abandoning module GitSourceControl (114)
[2017.07.10-17.36.12:340][ 27]LogModuleManager: Shutting down and abandoning module LightPropagationVolumeEditor (113)
[2017.07.10-17.36.12:340][ 27]LogModuleManager: Shutting down and abandoning module PaperTiledImporter (112)
[2017.07.10-17.36.12:340][ 27]LogModuleManager: Shutting down and abandoning module PaperSpriteSheetImporter (111)
[2017.07.10-17.36.12:340][ 27]LogModuleManager: Shutting down and abandoning module MeshPaint (110)
[2017.07.10-17.36.12:340][ 27]LogModuleManager: Shutting down and abandoning module PixelInspectorModule (109)
[2017.07.10-17.36.12:340][ 27]LogModuleManager: Shutting down and abandoning module HotReload (108)
[2017.07.10-17.36.12:340][ 27]LogModuleManager: Shutting down and abandoning module MainFrame (107)
[2017.07.10-17.36.12:340][ 27]LogModuleManager: Shutting down and abandoning module LevelEditor (106)
[2017.07.10-17.36.12:341][ 27]LogModuleManager: Shutting down and abandoning module ContentBrowser (105)
[2017.07.10-17.36.12:342][ 27]LogModuleManager: Shutting down and abandoning module Paper2DEditor (104)
[2017.07.10-17.36.12:342][ 27]LogModuleManager: Shutting down and abandoning module UdpMessaging (103)
[2017.07.10-17.36.12:444][ 27]LogModuleManager: Shutting down and abandoning module TcpMessaging (102)
[2017.07.10-17.36.12:545][ 27]LogModuleManager: Shutting down and abandoning module LightPropagationVolumeRuntime (101)
[2017.07.10-17.36.12:545][ 27]LogModuleManager: Shutting down and abandoning module Paper2D (100)
[2017.07.10-17.36.12:545][ 27]LogModuleManager: Shutting down and abandoning module WindowsMoviePlayer (99)
[2017.07.10-17.36.12:545][ 27]LogModuleManager: Shutting down and abandoning module WmfMedia (98)
[2017.07.10-17.36.12:545][ 27]LogModuleManager: Shutting down and abandoning module MediaAssets (97)
[2017.07.10-17.36.12:545][ 27]LogModuleManager: Shutting down and abandoning module GameLiveStreaming (96)
[2017.07.10-17.36.12:545][ 27]LogModuleManager: Shutting down and abandoning module GameplayTagsEditor (95)
[2017.07.10-17.36.12:545][ 27]LogModuleManager: Shutting down and abandoning module VREditor (94)
[2017.07.10-17.36.12:545][ 27]LogModuleManager: Shutting down and abandoning module GameplayTasksEditor (93)
[2017.07.10-17.36.12:545][ 27]LogModuleManager: Shutting down and abandoning module BehaviorTreeEditor (92)
[2017.07.10-17.36.12:545][ 27]LogModuleManager: Shutting down and abandoning module FunctionalTesting (91)
[2017.07.10-17.36.12:545][ 27]LogModuleManager: Shutting down and abandoning module CollisionAnalyzer (90)
[2017.07.10-17.36.12:545][ 27]LogModuleManager: Shutting down and abandoning module Sequencer (89)
[2017.07.10-17.36.12:545][ 27]LogModuleManager: Shutting down and abandoning module WorkspaceMenuStructure (88)
[2017.07.10-17.36.12:545][ 27]LogModuleManager: Shutting down and abandoning module MessageLog (87)
[2017.07.10-17.36.12:545][ 27]LogModuleManager: Shutting down and abandoning module AssetTools (86)
[2017.07.10-17.36.12:545][ 27]LogModuleManager: Shutting down and abandoning module UMGEditor (85)
[2017.07.10-17.36.12:545][ 27]LogModuleManager: Shutting down and abandoning module UMG (84)
[2017.07.10-17.36.12:545][ 27]LogModuleManager: Shutting down and abandoning module SlateReflector (83)
[2017.07.10-17.36.12:545][ 27]LogModuleManager: Shutting down and abandoning module Slate (82)
[2017.07.10-17.36.12:545][ 27]LogModuleManager: Shutting down and abandoning module EditorStyle (81)
[2017.07.10-17.36.12:548][ 27]LogModuleManager: Shutting down and abandoning module SourceCodeAccess (80)
[2017.07.10-17.36.12:548][ 27]LogModuleManager: Shutting down and abandoning module HeadMountedDisplay (79)
[2017.07.10-17.36.12:548][ 27]LogModuleManager: Shutting down and abandoning module XAudio2 (78)
[2017.07.10-17.36.12:548][ 27]LogModuleManager: Shutting down and abandoning module Networking (76)
[2017.07.10-17.36.12:548][ 27]LogModuleManager: Shutting down and abandoning module Core (75)
[2017.07.10-17.36.12:548][ 27]LogModuleManager: Shutting down and abandoning module DirectoryWatcher (74)
[2017.07.10-17.36.12:548][ 27]LogDirectoryWatcher: A directory notification for '../../../Engine/Content/' was aborted.
[2017.07.10-17.36.12:548][ 27]LogDirectoryWatcher: A directory notification for 'D:/KOC/MyProject6/Content/' was aborted.
[2017.07.10-17.36.12:548][ 27]LogDirectoryWatcher: A directory notification for '../../../Engine/Plugins/2D/Paper2D/Content/' was aborted.
[2017.07.10-17.36.12:548][ 27]LogModuleManager: Shutting down and abandoning module AssetRegistry (73)
[2017.07.10-17.36.12:685][ 27]LogModuleManager: Shutting down and abandoning module KismetCompiler (72)
[2017.07.10-17.36.12:685][ 27]LogModuleManager: Shutting down and abandoning module PhysXFormats (71)
[2017.07.10-17.36.12:685][ 27]LogModuleManager: Shutting down and abandoning module SimplygonSwarm (70)
[2017.07.10-17.36.12:685][ 27]LogModuleManager: Shutting down and abandoning module SimplygonMeshReduction (69)
[2017.07.10-17.36.12:685][ 27]LogModuleManager: Shutting down and abandoning module QuadricMeshReduction (68)
[2017.07.10-17.36.12:685][ 27]LogModuleManager: Shutting down and abandoning module PropertyEditor (67)
[2017.07.10-17.36.12:685][ 27]LogModuleManager: Shutting down and abandoning module MeshUtilities (66)
[2017.07.10-17.36.12:685][ 27]LogModuleManager: Shutting down and abandoning module DerivedDataCache (65)
[2017.07.10-17.36.12:717][ 27]LogDerivedDataCache: Shutdown
[2017.07.10-17.36.12:717][ 27]LogModuleManager: Shutting down and abandoning module VulkanShaderFormat (64)
[2017.07.10-17.36.12:717][ 27]LogModuleManager: Shutting down and abandoning module ShaderFormatOpenGL (63)
[2017.07.10-17.36.12:717][ 27]LogModuleManager: Shutting down and abandoning module ShaderFormatD3D (62)
[2017.07.10-17.36.12:717][ 27]LogModuleManager: Shutting down and abandoning module MetalShaderFormat (61)
[2017.07.10-17.36.12:717][ 27]LogModuleManager: Shutting down and abandoning module TextureFormatUncompressed (60)
[2017.07.10-17.36.12:717][ 27]LogModuleManager: Shutting down and abandoning module TextureFormatPVR (59)
[2017.07.10-17.36.12:717][ 27]LogModuleManager: Shutting down and abandoning module TextureFormatDXT (58)
[2017.07.10-17.36.12:717][ 27]LogModuleManager: Shutting down and abandoning module TextureFormatIntelISPCTexComp (57)
[2017.07.10-17.36.12:717][ 27]LogModuleManager: Shutting down and abandoning module ImageWrapper (56)
[2017.07.10-17.36.12:717][ 27]LogModuleManager: Shutting down and abandoning module TextureFormatASTC (55)
[2017.07.10-17.36.12:717][ 27]LogModuleManager: Shutting down and abandoning module TextureFormatAndroid (54)
[2017.07.10-17.36.12:717][ 27]LogModuleManager: Shutting down and abandoning module AudioFormatOpus (53)
[2017.07.10-17.36.12:717][ 27]LogModuleManager: Shutting down and abandoning module AudioFormatOgg (52)
[2017.07.10-17.36.12:717][ 27]LogModuleManager: Shutting down and abandoning module AudioFormatADPCM (51)
[2017.07.10-17.36.12:717][ 27]LogModuleManager: Shutting down and abandoning module LinuxTargetPlatform (50)
[2017.07.10-17.36.12:717][ 27]LogModuleManager: Shutting down and abandoning module LinuxServerTargetPlatform (49)
[2017.07.10-17.36.12:717][ 27]LogModuleManager: Shutting down and abandoning module LinuxNoEditorTargetPlatform (48)
[2017.07.10-17.36.12:717][ 27]LogModuleManager: Shutting down and abandoning module LinuxClientTargetPlatform (47)
[2017.07.10-17.36.12:717][ 27]LogModuleManager: Shutting down and abandoning module TVOSTargetPlatform (46)
[2017.07.10-17.36.12:717][ 27]LogModuleManager: Shutting down and abandoning module Messaging (45)
[2017.07.10-17.36.12:717][ 27]LogModuleManager: Shutting down and abandoning module IOSTargetPlatform (44)
[2017.07.10-17.36.12:717][ 27]LogModuleManager: Shutting down and abandoning module HTML5TargetPlatform (43)
[2017.07.10-17.36.12:717][ 27]LogModuleManager: Shutting down and abandoning module Android_PVRTCTargetPlatform (42)
[2017.07.10-17.36.12:717][ 27]LogModuleManager: Shutting down and abandoning module Android_MultiTargetPlatform (41)
[2017.07.10-17.36.12:717][ 27]LogModuleManager: Shutting down and abandoning module Android_ETC2TargetPlatform (40)
[2017.07.10-17.36.12:717][ 27]LogModuleManager: Shutting down and abandoning module Android_ETC1TargetPlatform (39)
[2017.07.10-17.36.12:717][ 27]LogModuleManager: Shutting down and abandoning module Android_DXTTargetPlatform (38)
[2017.07.10-17.36.12:717][ 27]LogModuleManager: Shutting down and abandoning module Android_ATCTargetPlatform (37)
[2017.07.10-17.36.12:717][ 27]LogModuleManager: Shutting down and abandoning module Android_ASTCTargetPlatform (36)
[2017.07.10-17.36.12:717][ 27]LogModuleManager: Shutting down and abandoning module AndroidTargetPlatform (35)
[2017.07.10-17.36.12:717][ 27]LogModuleManager: Shutting down and abandoning module WindowsTargetPlatform (34)
[2017.07.10-17.36.12:717][ 27]LogModuleManager: Shutting down and abandoning module WindowsServerTargetPlatform (33)
[2017.07.10-17.36.12:717][ 27]LogModuleManager: Shutting down and abandoning module WindowsNoEditorTargetPlatform (32)
[2017.07.10-17.36.12:717][ 27]LogModuleManager: Shutting down and abandoning module WindowsClientTargetPlatform (31)
[2017.07.10-17.36.12:717][ 27]LogModuleManager: Shutting down and abandoning module MacTargetPlatform (30)
[2017.07.10-17.36.12:717][ 27]LogModuleManager: Shutting down and abandoning module MacServerTargetPlatform (29)
[2017.07.10-17.36.12:717][ 27]LogModuleManager: Shutting down and abandoning module MacNoEditorTargetPlatform (28)
[2017.07.10-17.36.12:717][ 27]LogModuleManager: Shutting down and abandoning module MacClientTargetPlatform (27)
[2017.07.10-17.36.12:717][ 27]LogModuleManager: Shutting down and abandoning module AllDesktopTargetPlatform (26)
[2017.07.10-17.36.12:717][ 27]LogModuleManager: Shutting down and abandoning module TargetPlatform (25)
[2017.07.10-17.36.12:717][ 27]LogModuleManager: Shutting down and abandoning module InputCore (24)
[2017.07.10-17.36.12:717][ 27]LogModuleManager: Shutting down and abandoning module Settings (23)
[2017.07.10-17.36.12:717][ 27]LogModuleManager: Shutting down and abandoning module OculusRift (22)
[2017.07.10-17.36.12:717][ 27]LogModuleManager: Shutting down and abandoning module ExampleDeviceProfileSelector (21)
[2017.07.10-17.36.12:717][ 27]LogModuleManager: Shutting down and abandoning module OnlineBlueprintSupport (20)
[2017.07.10-17.36.12:717][ 27]LogModuleManager: Shutting down and abandoning module OnlineSubsystem (18)
[2017.07.10-17.36.12:717][ 27]LogOnline:Display: Unloading online subsystem: NULL
[2017.07.10-17.36.12:717][ 27]LogModuleManager: Shutting down and abandoning module SSL (17)
[2017.07.10-17.36.12:719][ 27]LogModuleManager: Shutting down and abandoning module HTTP (16)
[2017.07.10-17.36.12:719][ 27]LogModuleManager: Shutting down and abandoning module XMPP (15)
[2017.07.10-17.36.12:719][ 27]LogModuleManager: Shutting down and abandoning module TextureCompressor (14)
[2017.07.10-17.36.12:719][ 27]LogModuleManager: Shutting down and abandoning module ShaderCore (13)
[2017.07.10-17.36.12:719][ 27]LogModuleManager: Shutting down and abandoning module Landscape (12)
[2017.07.10-17.36.12:719][ 27]LogModuleManager: Shutting down and abandoning module SlateRHIRenderer (11)
[2017.07.10-17.36.12:720][ 27]LogModuleManager: Shutting down and abandoning module OpenGLDrv (10)
[2017.07.10-17.36.12:720][ 27]LogModuleManager: Shutting down and abandoning module D3D11RHI (9)
[2017.07.10-17.36.12:720][ 27]LogModuleManager: Shutting down and abandoning module AnimGraphRuntime (8)
[2017.07.10-17.36.12:720][ 27]LogModuleManager: Shutting down and abandoning module Renderer (7)
[2017.07.10-17.36.12:720][ 27]LogModuleManager: Shutting down and abandoning module Engine (6)
[2017.07.10-17.36.12:720][ 27]LogModuleManager: Shutting down and abandoning module CoreUObject (5)
[2017.07.10-17.36.12:720][ 27]LogModuleManager: Shutting down and abandoning module NetworkFile (4)
[2017.07.10-17.36.12:720][ 27]LogModuleManager: Shutting down and abandoning module StreamingFile (3)
[2017.07.10-17.36.12:720][ 27]LogModuleManager: Shutting down and abandoning module SandboxFile (2)
[2017.07.10-17.36.12:720][ 27]LogModuleManager: Shutting down and abandoning module PakFile (1)
[2017.07.10-17.36.12:721][ 27]LogExit: Exiting.
[2017.07.10-17.36.12:730][ 27]Log file closed, 07/10/17 13:36:12
