Log file open, 07/11/17 14:28:21
LogInit:Display: Running engine for game: Parkour
LogPlatformFile: Not using cached read wrapper
LogInit:Display: RandInit(-1325865039) SRandInit(-1325865039).
LogTaskGraph: Started task graph with 5 named threads and 6 total threads with 1 sets of task threads.
LogStats: Stats thread started at 0.081110
LogPluginManager: Loaded Plugin Paper2D, From C:/Program Files (x86)/Epic Games/4.14/Engine/Plugins/2D/Paper2D/Paper2D.uplugin
LogPluginManager: Loaded Plugin LightPropagationVolume, From C:/Program Files (x86)/Epic Games/4.14/Engine/Plugins/Blendables/LightPropagationVolume/LightPropagationVolume.uplugin
LogPluginManager: Loaded Plugin BlankPlugin, From C:/Program Files (x86)/Epic Games/4.14/Engine/Plugins/Developer/BlankPlugin/BlankPlugin.uplugin
LogPluginManager: Loaded Plugin CodeLiteSourceCodeAccess, From C:/Program Files (x86)/Epic Games/4.14/Engine/Plugins/Developer/CodeLiteSourceCodeAccess/CodeLiteSourceCodeAccess.uplugin
LogPluginManager: Loaded Plugin GitSourceControl, From C:/Program Files (x86)/Epic Games/4.14/Engine/Plugins/Developer/GitSourceControl/GitSourceControl.uplugin
LogPluginManager: Loaded Plugin KDevelopSourceCodeAccess, From C:/Program Files (x86)/Epic Games/4.14/Engine/Plugins/Developer/KDevelopSourceCodeAccess/KDevelopSourceCodeAccess.uplugin
LogPluginManager: Loaded Plugin NullSourceCodeAccess, From C:/Program Files (x86)/Epic Games/4.14/Engine/Plugins/Developer/NullSourceCodeAccess/NullSourceCodeAccess.uplugin
LogPluginManager: Loaded Plugin OneSkyLocalizationService, From C:/Program Files (x86)/Epic Games/4.14/Engine/Plugins/Developer/OneSkyLocalizationService/OneSkyLocalizationService.uplugin
LogPluginManager: Loaded Plugin PerforceSourceControl, From C:/Program Files (x86)/Epic Games/4.14/Engine/Plugins/Developer/PerforceSourceControl/PerforceSourceControl.uplugin
LogPluginManager: Loaded Plugin SubversionSourceControl, From C:/Program Files (x86)/Epic Games/4.14/Engine/Plugins/Developer/SubversionSourceControl/SubversionSourceControl.uplugin
LogPluginManager: Loaded Plugin UObjectPlugin, From C:/Program Files (x86)/Epic Games/4.14/Engine/Plugins/Developer/UObjectPlugin/UObjectPlugin.uplugin
LogPluginManager: Loaded Plugin VisualStudioSourceCodeAccess, From C:/Program Files (x86)/Epic Games/4.14/Engine/Plugins/Developer/VisualStudioSourceCodeAccess/VisualStudioSourceCodeAccess.uplugin
LogPluginManager: Loaded Plugin XCodeSourceCodeAccess, From C:/Program Files (x86)/Epic Games/4.14/Engine/Plugins/Developer/XCodeSourceCodeAccess/XCodeSourceCodeAccess.uplugin
LogPluginManager: Loaded Plugin AudioCapture, From C:/Program Files (x86)/Epic Games/4.14/Engine/Plugins/Editor/AudioCapture/AudioCapture.uplugin
LogPluginManager: Loaded Plugin EpicSurvey, From C:/Program Files (x86)/Epic Games/4.14/Engine/Plugins/Editor/EpicSurvey/EpicSurvey.uplugin
LogPluginManager: Loaded Plugin MacGraphicsSwitching, From C:/Program Files (x86)/Epic Games/4.14/Engine/Plugins/Editor/MacGraphicsSwitching/MacGraphicsSwitching.uplugin
LogPluginManager: Loaded Plugin MobileLauncherProfileWizard, From C:/Program Files (x86)/Epic Games/4.14/Engine/Plugins/Editor/MobileLauncherProfileWizard/MobileLauncherProfileWizard.uplugin
LogPluginManager: Loaded Plugin PluginBrowser, From C:/Program Files (x86)/Epic Games/4.14/Engine/Plugins/Editor/PluginBrowser/PluginBrowser.uplugin
LogPluginManager: Loaded Plugin SpeedTreeImporter, From C:/Program Files (x86)/Epic Games/4.14/Engine/Plugins/Editor/SpeedTreeImporter/SpeedTreeImporter.uplugin
LogPluginManager: Loaded Plugin SuperSearchEditor, From C:/Program Files (x86)/Epic Games/4.14/Engine/Plugins/Editor/SuperSearchEditor/SuperSearchEditor.uplugin
LogPluginManager: Loaded Plugin AlembicImporter, From C:/Program Files (x86)/Epic Games/4.14/Engine/Plugins/Experimental/AlembicImporter/AlembicImporter.uplugin
LogPluginManager: Loaded Plugin BlueprintStats, From C:/Program Files (x86)/Epic Games/4.14/Engine/Plugins/Experimental/BlueprintStats/BlueprintStats.uplugin
LogPluginManager: Loaded Plugin CharacterAI, From C:/Program Files (x86)/Epic Games/4.14/Engine/Plugins/Experimental/CharacterAI/CharacterAI.uplugin
LogPluginManager: Loaded Plugin CodeEditor, From C:/Program Files (x86)/Epic Games/4.14/Engine/Plugins/Experimental/CodeEditor/CodeEditor.uplugin
LogPluginManager: Loaded Plugin CodeView, From C:/Program Files (x86)/Epic Games/4.14/Engine/Plugins/Experimental/CodeView/CodeView.uplugin
LogPluginManager: Loaded Plugin HTML5Networking, From C:/Program Files (x86)/Epic Games/4.14/Engine/Plugins/Experimental/HTML5Networking/HTML5Networking.uplugin
LogPluginManager: Loaded Plugin OSVR, From C:/Program Files (x86)/Epic Games/4.14/Engine/Plugins/Experimental/OSVR/OSVR.uplugin
LogPluginManager: Loaded Plugin Phya, From C:/Program Files (x86)/Epic Games/4.14/Engine/Plugins/Experimental/Phya/Phya.uplugin
LogPluginManager: Loaded Plugin SignificanceManager, From C:/Program Files (x86)/Epic Games/4.14/Engine/Plugins/Experimental/SignificanceManager/SignificanceManager.uplugin
LogPluginManager: Loaded Plugin SimpleHMD, From C:/Program Files (x86)/Epic Games/4.14/Engine/Plugins/Experimental/SimpleHMD/SimpleHMD.uplugin
LogPluginManager: Loaded Plugin StereoPanorama, From C:/Program Files (x86)/Epic Games/4.14/Engine/Plugins/Experimental/StereoPanorama/StereoPanorama.uplugin
LogPluginManager: Loaded Plugin StructBox, From C:/Program Files (x86)/Epic Games/4.14/Engine/Plugins/Experimental/StructBox/StructBox.uplugin
LogPluginManager: Loaded Plugin AndroidMedia, From C:/Program Files (x86)/Epic Games/4.14/Engine/Plugins/Media/AndroidMedia/AndroidMedia.uplugin
LogPluginManager: Loaded Plugin AvfMedia, From C:/Program Files (x86)/Epic Games/4.14/Engine/Plugins/Media/AvfMedia/AvfMedia.uplugin
LogPluginManager: Loaded Plugin MediaPlayerEditor, From C:/Program Files (x86)/Epic Games/4.14/Engine/Plugins/Media/MediaPlayerEditor/MediaPlayerEditor.uplugin
LogPluginManager: Loaded Plugin WmfMedia, From C:/Program Files (x86)/Epic Games/4.14/Engine/Plugins/Media/WmfMedia/WmfMedia.uplugin
LogPluginManager: Loaded Plugin MessagingDebugger, From C:/Program Files (x86)/Epic Games/4.14/Engine/Plugins/Messaging/MessagingDebugger/MessagingDebugger.uplugin
LogPluginManager: Loaded Plugin TcpMessaging, From C:/Program Files (x86)/Epic Games/4.14/Engine/Plugins/Messaging/TcpMessaging/TcpMessaging.uplugin
LogPluginManager: Loaded Plugin UdpMessaging, From C:/Program Files (x86)/Epic Games/4.14/Engine/Plugins/Messaging/UdpMessaging/UdpMessaging.uplugin
LogPluginManager: Loaded Plugin LevelSequenceEditor, From C:/Program Files (x86)/Epic Games/4.14/Engine/Plugins/MovieScene/LevelSequenceEditor/LevelSequenceEditor.uplugin
LogPluginManager: Loaded Plugin MatineeToLevelSequence, From C:/Program Files (x86)/Epic Games/4.14/Engine/Plugins/MovieScene/MatineeToLevelSequence/MatineeToLevelSequence.uplugin
LogPluginManager: Loaded Plugin NetcodeUnitTest, From C:/Program Files (x86)/Epic Games/4.14/Engine/Plugins/NetcodeUnitTest/NetcodeUnitTest/NetcodeUnitTest.uplugin
LogPluginManager: Loaded Plugin NUTUnrealEngine4, From C:/Program Files (x86)/Epic Games/4.14/Engine/Plugins/NetcodeUnitTest/NUTUnrealEngine4/NUTUnrealEngine4.uplugin
LogPluginManager: Loaded Plugin OnlineSubsystemGameCircle, From C:/Program Files (x86)/Epic Games/4.14/Engine/Plugins/Online/Android/OnlineSubsystemGameCircle/OnlineSubsystemGameCircle.uplugin
LogPluginManager: Loaded Plugin OnlineSubsystemGooglePlay, From C:/Program Files (x86)/Epic Games/4.14/Engine/Plugins/Online/Android/OnlineSubsystemGooglePlay/OnlineSubsystemGooglePlay.uplugin
LogPluginManager: Loaded Plugin OnlineSubsystemIOS, From C:/Program Files (x86)/Epic Games/4.14/Engine/Plugins/Online/IOS/OnlineSubsystemIOS/OnlineSubsystemIOS.uplugin
LogPluginManager: Loaded Plugin OnlineFramework, From C:/Program Files (x86)/Epic Games/4.14/Engine/Plugins/Online/OnlineFramework/OnlineFramework.uplugin
LogPluginManager: Loaded Plugin OnlineSubsystem, From C:/Program Files (x86)/Epic Games/4.14/Engine/Plugins/Online/OnlineSubsystem/OnlineSubsystem.uplugin
LogPluginManager: Loaded Plugin OnlineSubsystemAmazon, From C:/Program Files (x86)/Epic Games/4.14/Engine/Plugins/Online/OnlineSubsystemAmazon/OnlineSubsystemAmazon.uplugin
LogPluginManager: Loaded Plugin OnlineSubsystemFacebook, From C:/Program Files (x86)/Epic Games/4.14/Engine/Plugins/Online/OnlineSubsystemFacebook/OnlineSubsystemFacebook.uplugin
LogPluginManager: Loaded Plugin OnlineSubsystemNull, From C:/Program Files (x86)/Epic Games/4.14/Engine/Plugins/Online/OnlineSubsystemNull/OnlineSubsystemNull.uplugin
LogPluginManager: Loaded Plugin OnlineSubsystemOculus, From C:/Program Files (x86)/Epic Games/4.14/Engine/Plugins/Online/OnlineSubsystemOculus/OnlineSubsystemOculus.uplugin
LogPluginManager: Loaded Plugin OnlineSubsystemSteam, From C:/Program Files (x86)/Epic Games/4.14/Engine/Plugins/Online/OnlineSubsystemSteam/OnlineSubsystemSteam.uplugin
LogPluginManager: Loaded Plugin OnlineSubsystemUtils, From C:/Program Files (x86)/Epic Games/4.14/Engine/Plugins/Online/OnlineSubsystemUtils/OnlineSubsystemUtils.uplugin
LogPluginManager: Loaded Plugin IOSTapJoy, From C:/Program Files (x86)/Epic Games/4.14/Engine/Plugins/Runtime/Advertising/IOSTapJoy/IOSTapJoy.uplugin
LogPluginManager: Loaded Plugin AnalyticsBlueprintLibrary, From C:/Program Files (x86)/Epic Games/4.14/Engine/Plugins/Runtime/Analytics/AnalyticsBlueprintLibrary/AnalyticsBlueprintLibrary.uplugin
LogPluginManager: Loaded Plugin AnalyticsMulticast, From C:/Program Files (x86)/Epic Games/4.14/Engine/Plugins/Runtime/Analytics/AnalyticsMulticast/AnalyticsMulticast.uplugin
LogPluginManager: Loaded Plugin Apsalar, From C:/Program Files (x86)/Epic Games/4.14/Engine/Plugins/Runtime/Analytics/Apsalar/Apsalar.uplugin
LogPluginManager: Loaded Plugin FileLogging, From C:/Program Files (x86)/Epic Games/4.14/Engine/Plugins/Runtime/Analytics/FileLogging/FileLogging.uplugin
LogPluginManager: Loaded Plugin Flurry, From C:/Program Files (x86)/Epic Games/4.14/Engine/Plugins/Runtime/Analytics/Flurry/Flurry.uplugin
LogPluginManager: Loaded Plugin AndroidDeviceProfileSelector, From C:/Program Files (x86)/Epic Games/4.14/Engine/Plugins/Runtime/AndroidDeviceProfileSelector/AndroidDeviceProfileSelector.uplugin
LogPluginManager: Loaded Plugin AndroidMoviePlayer, From C:/Program Files (x86)/Epic Games/4.14/Engine/Plugins/Runtime/AndroidMoviePlayer/AndroidMoviePlayer.uplugin
LogPluginManager: Loaded Plugin AppleMoviePlayer, From C:/Program Files (x86)/Epic Games/4.14/Engine/Plugins/Runtime/AppleMoviePlayer/AppleMoviePlayer.uplugin
LogPluginManager: Loaded Plugin ArchVisCharacter, From C:/Program Files (x86)/Epic Games/4.14/Engine/Plugins/Runtime/ArchVisCharacter/ArchVisCharacter.uplugin
LogPluginManager: Loaded Plugin CableComponent, From C:/Program Files (x86)/Epic Games/4.14/Engine/Plugins/Runtime/CableComponent/CableComponent.uplugin
LogPluginManager: Loaded Plugin CustomMeshComponent, From C:/Program Files (x86)/Epic Games/4.14/Engine/Plugins/Runtime/CustomMeshComponent/CustomMeshComponent.uplugin
LogPluginManager: Loaded Plugin ExampleDeviceProfileSelector, From C:/Program Files (x86)/Epic Games/4.14/Engine/Plugins/Runtime/ExampleDeviceProfileSelector/ExampleDeviceProfileSelector.uplugin
LogPluginManager: Loaded Plugin GearVR, From C:/Program Files (x86)/Epic Games/4.14/Engine/Plugins/Runtime/GearVR/GearVR.uplugin
LogPluginManager: Loaded Plugin GoogleVRController, From C:/Program Files (x86)/Epic Games/4.14/Engine/Plugins/Runtime/GoogleVR/GoogleVRController/GoogleVRController.uplugin
LogPluginManager: Loaded Plugin GoogleVRHMD, From C:/Program Files (x86)/Epic Games/4.14/Engine/Plugins/Runtime/GoogleVR/GoogleVRHMD/GoogleVRHMD.uplugin
LogPluginManager: Loaded Plugin IOSDeviceProfileSelector, From C:/Program Files (x86)/Epic Games/4.14/Engine/Plugins/Runtime/IOSDeviceProfileSelector/IOSDeviceProfileSelector.uplugin
LogPluginManager: Loaded Plugin LeapMotion, From C:/Program Files (x86)/Epic Games/4.14/Engine/Plugins/Runtime/LeapMotion/LeapMotion.uplugin
LogPluginManager: Loaded Plugin LinuxDeviceProfileSelector, From C:/Program Files (x86)/Epic Games/4.14/Engine/Plugins/Runtime/LinuxDeviceProfileSelector/LinuxDeviceProfileSelector.uplugin
LogPluginManager: Loaded Plugin MIDIDevice, From C:/Program Files (x86)/Epic Games/4.14/Engine/Plugins/Runtime/MIDIDevice/MIDIDevice.uplugin
LogPluginManager: Loaded Plugin MobilePatchingUtils, From C:/Program Files (x86)/Epic Games/4.14/Engine/Plugins/Runtime/MobilePatchingUtils/MobilePatchingUtils.uplugin
LogPluginManager: Loaded Plugin Ansel, From C:/Program Files (x86)/Epic Games/4.14/Engine/Plugins/Runtime/Nvidia/Ansel/Ansel.uplugin
LogPluginManager: Loaded Plugin OculusAudio, From C:/Program Files (x86)/Epic Games/4.14/Engine/Plugins/Runtime/OculusAudio/OculusAudio.uplugin
LogPluginManager: Loaded Plugin OculusInput, From C:/Program Files (x86)/Epic Games/4.14/Engine/Plugins/Runtime/OculusInput/OculusInput.uplugin
LogPluginManager: Loaded Plugin OculusLibrary, From C:/Program Files (x86)/Epic Games/4.14/Engine/Plugins/Runtime/OculusLibrary/OculusLibrary.uplugin
LogPluginManager: Loaded Plugin OculusRift, From C:/Program Files (x86)/Epic Games/4.14/Engine/Plugins/Runtime/OculusRift/OculusRift.uplugin
LogPluginManager: Loaded Plugin Oodle, From C:/Program Files (x86)/Epic Games/4.14/Engine/Plugins/Runtime/PacketHandlers/CompressionComponents/Oodle/Oodle.uplugin
LogPluginManager: Loaded Plugin ProceduralMeshComponent, From C:/Program Files (x86)/Epic Games/4.14/Engine/Plugins/Runtime/ProceduralMeshComponent/ProceduralMeshComponent.uplugin
LogPluginManager: Loaded Plugin SoundMod, From C:/Program Files (x86)/Epic Games/4.14/Engine/Plugins/Runtime/SoundMod/SoundMod.uplugin
LogPluginManager: Loaded Plugin SoundVisualizations, From C:/Program Files (x86)/Epic Games/4.14/Engine/Plugins/Runtime/SoundVisualizations/SoundVisualizations.uplugin
LogPluginManager: Loaded Plugin SteamController, From C:/Program Files (x86)/Epic Games/4.14/Engine/Plugins/Runtime/Steam/SteamController/SteamController.uplugin
LogPluginManager: Loaded Plugin SteamVR, From C:/Program Files (x86)/Epic Games/4.14/Engine/Plugins/Runtime/Steam/SteamVR/SteamVR.uplugin
LogPluginManager: Loaded Plugin WebBrowserWidget, From C:/Program Files (x86)/Epic Games/4.14/Engine/Plugins/Runtime/WebBrowserWidget/WebBrowserWidget.uplugin
LogPluginManager: Loaded Plugin WindowsDeviceProfileSelector, From C:/Program Files (x86)/Epic Games/4.14/Engine/Plugins/Runtime/WindowsDeviceProfileSelector/WindowsDeviceProfileSelector.uplugin
LogPluginManager: Loaded Plugin WindowsMoviePlayer, From C:/Program Files (x86)/Epic Games/4.14/Engine/Plugins/Runtime/WindowsMoviePlayer/WindowsMoviePlayer.uplugin
LogPluginManager: Loaded Plugin ScriptPlugin, From C:/Program Files (x86)/Epic Games/4.14/Engine/Plugins/ScriptPlugin/ScriptPlugin.uplugin
LogPluginManager: Loaded Plugin SlateRemote, From C:/Program Files (x86)/Epic Games/4.14/Engine/Plugins/Slate/SlateRemote/SlateRemote.uplugin
LogPluginManager: Loaded Plugin EditorTests, From C:/Program Files (x86)/Epic Games/4.14/Engine/Plugins/Tests/EditorTests/EditorTests.uplugin
LogPluginManager: Loaded Plugin FbxAutomationTestBuilder, From C:/Program Files (x86)/Epic Games/4.14/Engine/Plugins/Tests/FbxAutomationTestBuilder/FbxAutomationTestBuilder.uplugin
LogPluginManager: Loaded Plugin FunctionalTestingEditor, From C:/Program Files (x86)/Epic Games/4.14/Engine/Plugins/Tests/FunctionalTestingEditor/FunctionalTestingEditor.uplugin
LogPluginManager: Loaded Plugin RuntimeTests, From C:/Program Files (x86)/Epic Games/4.14/Engine/Plugins/Tests/RuntimeTests/RuntimeTests.uplugin
LogPluginManager: Loaded Plugin ScreenshotTools, From C:/Program Files (x86)/Epic Games/4.14/Engine/Plugins/Tests/ScreenshotTools/ScreenshotTools.uplugin
LogInit: Using libcurl 7.47.1
LogInit:  - built for x86_64-pc-win32
LogInit:  - supports SSL with OpenSSL/1.0.2g
LogInit:  - supports HTTP deflate (compression) using libz 1.2.8
LogInit:  - other features:
LogInit:      CURL_VERSION_SSL
LogInit:      CURL_VERSION_LIBZ
LogInit:      CURL_VERSION_IPV6
LogInit:      CURL_VERSION_ASYNCHDNS
LogInit:      CURL_VERSION_LARGEFILE
LogInit:      CURL_VERSION_IDN
LogInit:  CurlRequestOptions (configurable via config and command line):
LogInit:  - bVerifyPeer = false  - Libcurl will NOT verify peer certificate
LogInit:  - bUseHttpProxy = false  - Libcurl will NOT use HTTP proxy
LogInit:  - bDontReuseConnections = false  - Libcurl will reuse connections
LogInit:  - CertBundlePath = nullptr  - Libcurl will use whatever was configured at build time.
LogInit: Build: ++UE4+Release-4.14-CL-3249277
LogInit: Engine Version: 4.14.3-3249277+++UE4+Release-4.14
LogInit: Compatible Engine Version: 4.14.0-3195953+++UE4+Release-4.14
LogInit: Net CL: 3195953
LogDevObjectVersion: Number of dev versions registered: 13
LogDevObjectVersion:   Dev-Blueprints (B0D832E4-1F89-4F0D-ACCF-7EB736FD4AA2): 7
LogDevObjectVersion:   Dev-Build (E1C64328-A22C-4D53-A36C-8E866417BD8C): 0
LogDevObjectVersion:   Dev-Core (375EC13C-06E4-48FB-B500-84F0262A717E): 1
LogDevObjectVersion:   Dev-Editor (E4B068ED-F494-42E9-A231-DA0B2E46BB41): 8
LogDevObjectVersion:   Dev-Framework (CFFC743F-43B0-4480-9391-14DF171D2073): 17
LogDevObjectVersion:   Dev-Mobile (B02B49B5-BB20-44E9-A304-32B752E40360): 0
LogDevObjectVersion:   Dev-Networking (A4E4105C-59A1-49B5-A7C5-40C4547EDFEE): 0
LogDevObjectVersion:   Dev-Online (39C831C9-5AE6-47DC-9A44-9C173E1C8E7C): 0
LogDevObjectVersion:   Dev-Physics (78F01B33-EBEA-4F98-B9B4-84EACCB95AA2): 0
LogDevObjectVersion:   Dev-Platform (6631380F-2D4D-43E0-8009-CF276956A95A): 0
LogDevObjectVersion:   Dev-Rendering (12F88B9F-8875-4AFC-A67C-D90C383ABD29): 12
LogDevObjectVersion:   Dev-Sequencer (7B5AE74C-D270-4C10-A958-57980B212A5A): 1
LogDevObjectVersion:   Dev-VR (D7296918-1DD6-4BDD-9DE2-64A83CC13884): 0
LogInit: Compiled (64-bit): Jan  6 2017 10:49:43
LogInit: Compiled with Visual C++: 19.00.23026.00
LogInit: Build Configuration: Development
LogInit: Branch Name: ++UE4+Release-4.14
LogInit: Command line: -EpicPortal
LogInit: Base directory: C:/Program Files (x86)/Epic Games/4.14/Engine/Binaries/Win64/
LogInit: Installed Engine Build: 1
LogInit: Presizing for max 8388607 objects, including 0 objects not considered by GC, pre-allocating 0 bytes for permanent pool.
LogInit: Object subsystem initialized
[2017.07.11-18.28.22:093][  0]LogInit: Selected Device Profile: [Windows]
[2017.07.11-18.28.22:093][  0]LogInit: Applying CVar settings loaded from the selected device profile: [Windows]
[2017.07.11-18.28.22:104][  0]LogInit: Computer: IGMOH1380-24
[2017.07.11-18.28.22:104][  0]LogInit: User: IGMAdmin
[2017.07.11-18.28.22:104][  0]LogInit: CPU Page size=65536, Cores=2
[2017.07.11-18.28.22:104][  0]LogInit: High frequency timer resolution =3.328126 MHz
[2017.07.11-18.28.22:104][  0]LogMemory: Memory total: Physical=15.9GB (16GB approx)
[2017.07.11-18.28.22:104][  0]LogMemory: Platform Memory Stats for Windows
[2017.07.11-18.28.22:104][  0]LogMemory: Process Physical Memory: 263.87 MB used, 263.87 MB peak
[2017.07.11-18.28.22:104][  0]LogMemory: Process Virtual Memory: 262.46 MB used, 262.46 MB peak
[2017.07.11-18.28.22:104][  0]LogMemory: Physical Memory: 3933.98 MB used,  12391.83 MB free, 16325.81 MB total
[2017.07.11-18.28.22:104][  0]LogMemory: Virtual Memory: 674.54 MB used,  12391.83 MB free, 134217728.00 MB total
[2017.07.11-18.28.22:133][  0]LogTextLocalizationManager: No specific translations for ('en-US') exist, so ('en') translations will be used.
[2017.07.11-18.28.22:765][  0]LogD3D11RHI: D3D11 adapters:
[2017.07.11-18.28.22:795][  0]LogD3D11RHI:    0. 'NVIDIA GeForce GTX 1070' (Feature Level 11_0)
[2017.07.11-18.28.22:795][  0]LogD3D11RHI:       8145/0/8162 MB DedicatedVideo/DedicatedSystem/SharedSystem, Outputs:2, VendorId:0x10de
[2017.07.11-18.28.22:796][  0]LogD3D11RHI:    1. 'Microsoft Basic Render Driver' (Feature Level 11_0)
[2017.07.11-18.28.22:796][  0]LogD3D11RHI:       0/0/8162 MB DedicatedVideo/DedicatedSystem/SharedSystem, Outputs:0, VendorId:0x1414
[2017.07.11-18.28.22:796][  0]LogD3D11RHI: Chosen D3D11 Adapter: 0
[2017.07.11-18.28.22:801][  0]LogD3D11RHI: Creating new Direct3DDevice
[2017.07.11-18.28.22:801][  0]LogD3D11RHI:     GPU DeviceId: 0x1b81 (for the marketing name, search the web for "GPU Device Id")
[2017.07.11-18.28.22:801][  0]LogWindows: EnumDisplayDevices:
[2017.07.11-18.28.22:801][  0]LogWindows:    0. 'NVIDIA GeForce GTX 1070' (P:1 D:1)
[2017.07.11-18.28.22:801][  0]LogWindows:    1. 'NVIDIA GeForce GTX 1070' (P:0 D:1)
[2017.07.11-18.28.22:801][  0]LogWindows:    2. 'NVIDIA GeForce GTX 1070' (P:0 D:0)
[2017.07.11-18.28.22:802][  0]LogWindows:    3. 'NVIDIA GeForce GTX 1070' (P:0 D:0)
[2017.07.11-18.28.22:802][  0]LogWindows: DebugString: FoundDriverCount:4 
[2017.07.11-18.28.22:802][  0]LogD3D11RHI:     Adapter Name: NVIDIA GeForce GTX 1070
[2017.07.11-18.28.22:802][  0]LogD3D11RHI:   Driver Version: 376.33 (internal:21.21.13.7633, unified:376.33)
[2017.07.11-18.28.22:802][  0]LogD3D11RHI:      Driver Date: 12-11-2016
[2017.07.11-18.28.22:802][  0]LogRHI: Texture pool is 1361 MB (70% of 1945 MB)
[2017.07.11-18.28.22:823][  0]LogD3D11RHI: Async texture creation enabled
[2017.07.11-18.28.22:834][  0]LogD3D11RHI: GPU Timing Frequency: 1000.000000 (Debug: 2 1)
[2017.07.11-18.28.22:834][  0]LogShaderCompilers: Guid format shader working directory is 34 characters bigger than the processId version (D:/KOC2/Parkour/Intermediate/Shaders/WorkingDirectory/9444/).
[2017.07.11-18.28.22:834][  0]LogShaderCompilers: Cleaned the shader compiler working directory 'C:/Users/IGMAdmin/AppData/Local/Temp/UnrealShaderWorkingDir/EC350D2C416E0C79D111E9BC9D070E7B/'.
[2017.07.11-18.28.22:834][  0]LogShaderCompilers:Display: Using Local Shader Compiler.
[2017.07.11-18.28.23:814][  0]LogTemp:Display: Loaded TP AllDesktopTargetPlatform
[2017.07.11-18.28.23:896][  0]LogTemp:Display: Loaded TP MacClientTargetPlatform
[2017.07.11-18.28.23:973][  0]LogTemp:Display: Loaded TP MacNoEditorTargetPlatform
[2017.07.11-18.28.24:035][  0]LogTemp:Display: Loaded TP MacServerTargetPlatform
[2017.07.11-18.28.24:097][  0]LogTemp:Display: Loaded TP MacTargetPlatform
[2017.07.11-18.28.24:161][  0]LogTemp:Display: Loaded TP WindowsClientTargetPlatform
[2017.07.11-18.28.24:238][  0]LogTemp:Display: Loaded TP WindowsNoEditorTargetPlatform
[2017.07.11-18.28.24:318][  0]LogTemp:Display: Loaded TP WindowsServerTargetPlatform
[2017.07.11-18.28.24:377][  0]LogTemp:Display: Loaded TP WindowsTargetPlatform
[2017.07.11-18.28.24:451][  0]LogTemp:Display: Loaded TP AndroidTargetPlatform
[2017.07.11-18.28.24:531][  0]LogTemp:Display: Loaded TP Android_ASTCTargetPlatform
[2017.07.11-18.28.24:606][  0]LogTemp:Display: Loaded TP Android_ATCTargetPlatform
[2017.07.11-18.28.24:677][  0]LogTemp:Display: Loaded TP Android_DXTTargetPlatform
[2017.07.11-18.28.24:734][  0]LogTemp:Display: Loaded TP Android_ETC1TargetPlatform
[2017.07.11-18.28.24:791][  0]LogTemp:Display: Loaded TP Android_ETC2TargetPlatform
[2017.07.11-18.28.24:937][  0]LogTemp:Display: Loaded TP Android_MultiTargetPlatform
[2017.07.11-18.28.24:938][  0]LogTemp:Display: Loaded TP Android_PVRTCTargetPlatform
[2017.07.11-18.28.25:006][  0]LogTemp:Display: Loaded TP HTML5TargetPlatform
[2017.07.11-18.28.25:118][  0]LogTemp:Display: Loaded TP IOSTargetPlatform
[2017.07.11-18.28.25:158][  0]LogTemp:Display: Loaded TP TVOSTargetPlatform
[2017.07.11-18.28.25:230][  0]LogTemp:Display: Loaded TP LinuxClientTargetPlatform
[2017.07.11-18.28.25:289][  0]LogTemp:Display: Loaded TP LinuxNoEditorTargetPlatform
[2017.07.11-18.28.25:357][  0]LogTemp:Display: Loaded TP LinuxServerTargetPlatform
[2017.07.11-18.28.25:444][  0]LogTemp:Display: Loaded TP LinuxTargetPlatform
[2017.07.11-18.28.25:444][  0]LogTargetPlatformManager:Display: Building Assets For Windows
[2017.07.11-18.28.25:961][  0]LogDerivedDataCache:Display: Max Cache Size: 512 MB
[2017.07.11-18.28.26:006][  0]LogDerivedDataCache: Loaded boot cache 0.04s 50MB C:/Users/IGMAdmin/AppData/Local/UnrealEngine/4.14/DerivedDataCache/Boot.ddc.
[2017.07.11-18.28.26:006][  0]LogDerivedDataCache:Display: Loaded Boot cache: C:/Users/IGMAdmin/AppData/Local/UnrealEngine/4.14/DerivedDataCache/Boot.ddc
[2017.07.11-18.28.26:006][  0]LogDerivedDataCache: FDerivedDataBackendGraph:  Pak pak cache file D:/KOC2/Parkour/DerivedDataCache/DDC.ddp not found, will not use a pak cache.
[2017.07.11-18.28.26:006][  0]LogDerivedDataCache: Unable to find inner node Pak for hierarchical cache Hierarchy.
[2017.07.11-18.28.26:006][  0]LogDerivedDataCache: FDerivedDataBackendGraph:  CompressedPak pak cache file D:/KOC2/Parkour/DerivedDataCache/Compressed.ddp not found, will not use a pak cache.
[2017.07.11-18.28.26:006][  0]LogDerivedDataCache: Unable to find inner node CompressedPak for hierarchical cache Hierarchy.
[2017.07.11-18.28.26:021][  0]LogDerivedDataCache:Display: Pak cache opened for reading ../../../Engine/DerivedDataCache/Compressed.ddp.
[2017.07.11-18.28.26:033][  0]LogDerivedDataCache: Using Local data cache path C:/Users/IGMAdmin/AppData/Local/UnrealEngine/Common/DerivedDataCache: Writable
[2017.07.11-18.28.26:221][  0]LogInit: Selected Device Profile: [Windows]
[2017.07.11-18.28.26:223][  0]LogContentStreaming: Texture pool size is 0.00 MB
[2017.07.11-18.28.26:403][  0]LogMeshUtilities: Using QuadricMeshReduction for automatic static mesh reduction
[2017.07.11-18.28.26:441][  0]LogSimplygon: Simplygon DLL not present - disabling.
[2017.07.11-18.28.26:481][  0]LogMeshUtilities: Using SimplygonSwarm for distributed automatic mesh merging
[2017.07.11-18.28.26:481][  0]LogMeshUtilities: No automatic skeletal mesh reduction module available
[2017.07.11-18.28.26:481][  0]LogMeshUtilities: No automatic mesh merging module available
[2017.07.11-18.28.26:909][  0]LogNetVersion: GetLocalNetworkVersion: CL: 3195953, ProjectName: parkour, ProjectVersion: , EngineNetworkVersion: 2, GameNetworkVersion: 0, NetworkChecksum: 262696617
[2017.07.11-18.28.26:960][  0]LogAssetRegistry: FAssetRegistry took 0.0215 seconds to start up
[2017.07.11-18.28.27:001][  0]LogPackageLocalizationCache: Processed 3 localized package path(s) for 2 prioritized culture(s) in 0.018735 seconds
[2017.07.11-18.28.27:006][  0]LogUObjectArray: 31946 objects as part of root set at end of initial load.
[2017.07.11-18.28.27:006][  0]LogUObjectAllocator: 6935848 out of 0 bytes used by permanent object pool.
[2017.07.11-18.28.27:006][  0]LogUObjectArray: CloseDisregardForGC: 0/0 objects in disregard for GC pool
[2017.07.11-18.28.27:056][  0]LogInit: WinSock: version 1.1 (2.2), MaxSocks=32767, MaxUdp=65467
[2017.07.11-18.28.27:682][  0]LogSlate: Using Freetype 2.6.0
[2017.07.11-18.28.27:682][  0]LogSlate: SlateFontCache - WITH_FREETYPE: 1, WITH_HARFBUZZ: 1
[2017.07.11-18.28.27:682][  0]LogSlate: SlateFontCache - WITH_FREETYPE: 1, WITH_HARFBUZZ: 1
[2017.07.11-18.28.28:342][  0]LogTcpMessaging: Initializing TcpMessaging bridge
[2017.07.11-18.28.28:376][  0]LogUdpMessaging: Initializing bridge on interface 0.0.0.0:0 to multicast group 230.0.0.1:6666.
[2017.07.11-18.28.28:645][  0]LogMaterial: Uniform references updated for custom material expression Custom.
[2017.07.11-18.28.28:971][  0]SourceControl: Info Source control is disabled
[2017.07.11-18.28.29:005][  0]SourceControl: Info Source control is disabled
[2017.07.11-18.28.29:044][  0]SourceControl: Info Source control is disabled
[2017.07.11-18.28.29:083][  0]SourceControl: Info Source control is disabled
[2017.07.11-18.28.30:160][  0]LogEngine: Initializing Engine...
[2017.07.11-18.28.30:160][  0]LogHMD: Failed to initialize OpenVR with code 110
[2017.07.11-18.28.30:376][  0]LogAIModule: Creating AISystem for world Untitled
[2017.07.11-18.28.30:392][  0]LogInit: XAudio2 using 'Alienware2210-C (NVIDIA High Definition Audio)' : 2 channels at 48 kHz using 16 bits per sample (channel mask 0x3)
[2017.07.11-18.28.30:408][  0]LogInit: FAudioDevice initialized.
[2017.07.11-18.28.30:429][  0]LogDerivedDataCache: Saved boot cache 0.02s 50MB C:/Users/IGMAdmin/AppData/Local/UnrealEngine/4.14/DerivedDataCache/Boot.ddc.
[2017.07.11-18.28.30:437][  0]LogInit: Texture streaming: Enabled
[2017.07.11-18.28.30:588][  0]LogInit: Transaction tracking system initialized
[2017.07.11-18.28.31:072][  0]BlueprintLog: New page: Editor Load
[2017.07.11-18.28.31:851][  0]LocalizationService: Info Localization service is disabled
[2017.07.11-18.28.32:624][  0]LogConsoleResponse:Display: 
[2017.07.11-18.28.32:768][  0]LogCook:Display: Max memory allowance for cook 16384mb min free memory 0mb
[2017.07.11-18.28.32:768][  0]LogCook:Display: Mobile HDR setting 1
[2017.07.11-18.28.32:912][  0]LogFileCache: Scanning file cache for directory 'D:/KOC2/Parkour/Content/' took 0.01s
[2017.07.11-18.28.33:581][  0]SourceControl: Info Source control is disabled
[2017.07.11-18.28.33:582][  0]Cmd: MAP LOAD FILE="D:/KOC2/Parkour/Content/FirstPersonBP/Maps/FirstPersonExampleMap.umap" TEMPLATE=0 SHOWPROGRESS=1 FEATURELEVEL=3
[2017.07.11-18.28.33:582][  0]LightingResults: New page: Lighting Build
[2017.07.11-18.28.33:617][  0]MapCheck: New page: Map Check
[2017.07.11-18.28.33:617][  0]LightingResults: New page: Lighting Build
[2017.07.11-18.28.34:212][  0]LogAIModule: Creating AISystem for world FirstPersonExampleMap
[2017.07.11-18.28.34:230][  0]LogEditorServer: Finished looking for orphan Actors (0.000 secs)
[2017.07.11-18.28.34:231][  0]Cmd: MAP CHECKDEP NOCLEARLOG
[2017.07.11-18.28.34:295][  0]MapCheck: Info Map check complete: 0 Error(s), 0 Warning(s), took 64.619ms to complete.
[2017.07.11-18.28.34:295][  0]LogFileHelpers: Loading map 'FirstPersonExampleMap' took 0.714
[2017.07.11-18.28.34:357][  0]LogWindowsTextInputMethodSystem:Display: IME system now deactivated.
[2017.07.11-18.28.34:471][  0]LogCollectionManager: Loaded 0 collections in 0.002663 seconds
[2017.07.11-18.28.34:596][  0]LogFileCache: Scanning file cache for directory 'D:/KOC2/Parkour/Saved/Collections/' took 0.01s
[2017.07.11-18.28.34:596][  0]LogFileCache: Scanning file cache for directory 'D:/KOC2/Parkour/Content/Developers/IGMAdmin/Collections/' took 0.01s
[2017.07.11-18.28.34:596][  0]LogFileCache: Scanning file cache for directory 'D:/KOC2/Parkour/Content/Collections/' took 0.01s
[2017.07.11-18.28.34:596][  0]LogCollectionManager: Rebuilt the GUID cache for 0 collections in 0.000002 seconds
[2017.07.11-18.28.34:613][  0]LogContentBrowser: Native class hierarchy populated in 0.0174 seconds. Added 2190 classes and 428 folders.
[2017.07.11-18.28.34:676][  0]LogStats: UGameplayTagsManager::ConstructGameplayTagTree: Construct from data asset -  0.000 s
[2017.07.11-18.28.34:676][  0]LogStats: UGameplayTagsManager::ConstructGameplayTagTree: GameplayTagTreeChangedEvent.Broadcast -  0.000 s
[2017.07.11-18.28.34:677][  0]LogContentBrowser: Native class hierarchy updated for 'GameplayTags' in 0.0007 seconds. Added 13 classes and 0 folders.
[2017.07.11-18.28.34:772][  0]LogContentBrowser: Native class hierarchy updated for 'WidgetCarousel' in 0.0006 seconds. Added 0 classes and 0 folders.
[2017.07.11-18.28.34:819][  0]LogContentBrowser: Native class hierarchy updated for 'AddContentDialog' in 0.0006 seconds. Added 0 classes and 0 folders.
[2017.07.11-18.28.34:866][  0]LogContentBrowser: Native class hierarchy updated for 'SceneOutliner' in 0.0004 seconds. Added 1 classes and 2 folders.
[2017.07.11-18.28.34:900][  0]LogCrashTracker: Crashtracker disabled due to settings.
[2017.07.11-18.28.34:904][  0]LogUObjectGlobals:Warning: Failed to find object 'Class None.'
[2017.07.11-18.28.34:965][  0]LogContentBrowser: Native class hierarchy updated for 'HierarchicalLODOutliner' in 0.0004 seconds. Added 1 classes and 2 folders.
[2017.07.11-18.28.34:965][  0]LogLoad: (Engine Initialization) Total time: 14.26 seconds
[2017.07.11-18.28.34:965][  0]LogLoad: (Engine Initialization) Total Blueprint compile time: 0.17 seconds
[2017.07.11-18.28.34:965][  0]LogExternalProfiler: Found external profiler: VSPerf
[2017.07.11-18.28.34:965][  0]LogExternalProfiler: Using external profiler: VSPerf
[2017.07.11-18.28.34:974][  0]LogOcInput: OculusInput pre-init called
[2017.07.11-18.28.34:992][  0]LogContentStreaming: Texture pool size now 1000 MB
[2017.07.11-18.28.35:114][  0]LogRenderer: Reallocating scene render targets to support 1208x576 NumSamples 1 (Frame:2).
[2017.07.11-18.28.35:174][  1]LogAssetRegistry: Asset discovery search completed in 8.2362 seconds
[2017.07.11-18.28.35:174][  1]LogCollectionManager: Rebuilt the object cache for 0 collections in 0.000001 seconds (found 0 objects)
[2017.07.11-18.28.35:174][  1]LogCollectionManager: Fixed up redirectors for 0 collections in 0.000019 seconds (updated 0 objects)
[2017.07.11-18.28.42:593][787]LogContentBrowser: Native class hierarchy updated for 'BlueprintGraph' in 0.0008 seconds. Added 111 classes and 0 folders.
[2017.07.11-18.29.07:821][505]Cmd: OBJ SAVEPACKAGE PACKAGE="/Game/FirstPersonBP/Blueprints/FirstPersonProjectile" FILE="D:/KOC2/Parkour/Content/FirstPersonBP/Blueprints/FirstPersonProjectile.uasset" SILENT=true
[2017.07.11-18.29.07:861][505]LogSavePackage: Save=38.36ms
[2017.07.11-18.29.07:861][505]LogSavePackage: Moving 'D:/KOC2/Parkour/Saved/FirstPersonProjectileB36A674D4962DC79521745A858842B63.tmp' to 'D:/KOC2/Parkour/Content/FirstPersonBP/Blueprints/FirstPersonProjectile.uasset'
[2017.07.11-18.29.07:867][505]LogSavePackage:Display: Finished SavePackage D:/KOC2/Parkour/Content/FirstPersonBP/Blueprints/FirstPersonProjectile.uasset
[2017.07.11-18.29.10:147][736]BlueprintLog: New page: Compile FirstPersonProjectile
[2017.07.11-18.29.13:203][ 35]LogTemp: Repeting last play command: Selected Viewport
[2017.07.11-18.29.13:228][ 35]LogBlueprintUserMessages: Early PlayInEditor Detection: Level '/Game/FirstPersonBP/Maps/FirstPersonExampleMap.FirstPersonExampleMap:PersistentLevel' has LevelScriptBlueprint '/Game/FirstPersonBP/Maps/FirstPersonExampleMap.FirstPersonExampleMap:PersistentLevel.FirstPersonExampleMap' with GeneratedClass '/Game/FirstPersonBP/Maps/FirstPersonExampleMap.FirstPersonExampleMap_C' with ClassGeneratedBy '/Game/FirstPersonBP/Maps/FirstPersonExampleMap.FirstPersonExampleMap:PersistentLevel.FirstPersonExampleMap'
[2017.07.11-18.29.13:228][ 35]LogPlayLevel: PlayLevel: No blueprints needed recompiling
[2017.07.11-18.29.13:228][ 35]PIE: New page: PIE session: FirstPersonExampleMap (Jul 11, 2017, 10:29:13 AM)
[2017.07.11-18.29.13:228][ 35]LogPlayLevel: Creating play world package: /Game/FirstPersonBP/Maps/UEDPIE_0_FirstPersonExampleMap
[2017.07.11-18.29.13:263][ 35]LogPlayLevel: PIE: StaticDuplicateObject took: (0.034772s)
[2017.07.11-18.29.13:264][ 35]LogAIModule: Creating AISystem for world FirstPersonExampleMap
[2017.07.11-18.29.13:264][ 35]LogPlayLevel: PIE: World Init took: (0.000866s)
[2017.07.11-18.29.13:264][ 35]LogPlayLevel: PIE: Created PIE world by copying editor world from /Game/FirstPersonBP/Maps/FirstPersonExampleMap.FirstPersonExampleMap to /Game/FirstPersonBP/Maps/UEDPIE_0_FirstPersonExampleMap.FirstPersonExampleMap (0.036050s)
[2017.07.11-18.29.13:329][ 35]LogInit: XAudio2 using 'Alienware2210-C (NVIDIA High Definition Audio)' : 2 channels at 48 kHz using 16 bits per sample (channel mask 0x3)
[2017.07.11-18.29.13:344][ 35]LogInit: FAudioDevice initialized.
[2017.07.11-18.29.13:401][ 35]LogLoad: Game class is 'FirstPersonGameMode_C'
[2017.07.11-18.29.13:408][ 35]LogWorld: Bringing World /Game/FirstPersonBP/Maps/UEDPIE_0_FirstPersonExampleMap.FirstPersonExampleMap up for play (max tick rate 0) at 2017.07.11-14.29.13
[2017.07.11-18.29.13:409][ 35]LogWorld: Bringing up level for play took: 0.006434
[2017.07.11-18.29.13:460][ 35]LogContentBrowser: Native class hierarchy updated for 'MovieSceneCapture' in 0.0005 seconds. Added 11 classes and 0 folders.
[2017.07.11-18.29.13:461][ 35]PIE: Info Play in editor start time for /Game/FirstPersonBP/Maps/UEDPIE_0_FirstPersonExampleMap 1.149
[2017.07.11-18.29.13:461][ 35]LogBlueprintUserMessages: Late PlayInEditor Detection: Level '/Game/FirstPersonBP/Maps/FirstPersonExampleMap.FirstPersonExampleMap:PersistentLevel' has LevelScriptBlueprint '/Game/FirstPersonBP/Maps/FirstPersonExampleMap.FirstPersonExampleMap:PersistentLevel.FirstPersonExampleMap' with GeneratedClass '/Game/FirstPersonBP/Maps/FirstPersonExampleMap.FirstPersonExampleMap_C' with ClassGeneratedBy '/Game/FirstPersonBP/Maps/FirstPersonExampleMap.FirstPersonExampleMap:PersistentLevel.FirstPersonExampleMap'
[2017.07.11-18.29.30:981][ 96]LogSpawn:Warning: SpawnActor failed because of collision at the spawn location [X=-1389.080 Y=1014.193 Z=158.686] for [FirstPersonProjectile_C]
[2017.07.11-18.29.31:164][118]LogSpawn:Warning: SpawnActor failed because of collision at the spawn location [X=-1380.597 Y=1021.401 Z=155.175] for [FirstPersonProjectile_C]
[2017.07.11-18.29.32:205][243]LogSpawn:Warning: SpawnActor failed because of collision at the spawn location [X=-1345.407 Y=1105.609 Z=148.107] for [FirstPersonProjectile_C]
[2017.07.11-18.29.33:131][354]LogSpawn:Warning: SpawnActor failed because of collision at the spawn location [X=-1343.134 Y=1104.267 Z=152.068] for [FirstPersonProjectile_C]
[2017.07.11-18.29.34:065][466]LogSpawn:Warning: SpawnActor failed because of collision at the spawn location [X=-1349.914 Y=1077.582 Z=147.931] for [FirstPersonProjectile_C]
[2017.07.11-18.29.34:266][490]LogSpawn:Warning: SpawnActor failed because of collision at the spawn location [X=-1345.351 Y=1089.794 Z=147.790] for [FirstPersonProjectile_C]
[2017.07.11-18.29.34:457][513]LogSpawn:Warning: SpawnActor failed because of collision at the spawn location [X=-1340.777 Y=1101.896 Z=149.257] for [FirstPersonProjectile_C]
[2017.07.11-18.29.34:649][536]LogSpawn:Warning: SpawnActor failed because of collision at the spawn location [X=-1342.559 Y=1102.240 Z=149.175] for [FirstPersonProjectile_C]
[2017.07.11-18.29.34:891][565]LogSpawn:Warning: SpawnActor failed because of collision at the spawn location [X=-1336.234 Y=1070.972 Z=146.431] for [FirstPersonProjectile_C]
[2017.07.11-18.29.35:216][604]LogSpawn:Warning: SpawnActor failed because of collision at the spawn location [X=-1371.942 Y=1044.368 Z=149.683] for [FirstPersonProjectile_C]
[2017.07.11-18.29.35:416][626]LogSpawn:Warning: SpawnActor failed because of collision at the spawn location [X=-1372.828 Y=1042.913 Z=151.572] for [FirstPersonProjectile_C]
[2017.07.11-18.29.36:747][781]LogSpawn:Warning: SpawnActor failed because of collision at the spawn location [X=-1323.832 Y=1084.050 Z=148.604] for [FirstPersonProjectile_C]
[2017.07.11-18.29.36:931][803]LogSpawn:Warning: SpawnActor failed because of collision at the spawn location [X=-1349.877 Y=1063.311 Z=148.253] for [FirstPersonProjectile_C]
[2017.07.11-18.29.37:131][827]LogSpawn:Warning: SpawnActor failed because of collision at the spawn location [X=-1349.230 Y=1064.325 Z=147.606] for [FirstPersonProjectile_C]
[2017.07.11-18.29.37:339][852]LogSpawn:Warning: SpawnActor failed because of collision at the spawn location [X=-1333.759 Y=1076.833 Z=147.548] for [FirstPersonProjectile_C]
[2017.07.11-18.29.37:514][873]LogSpawn:Warning: SpawnActor failed because of collision at the spawn location [X=-1333.993 Y=1075.573 Z=148.690] for [FirstPersonProjectile_C]
[2017.07.11-18.29.43:516][593]LogSpawn:Warning: SpawnActor failed because of collision at the spawn location [X=-1578.649 Y=289.541 Z=149.025] for [FirstPersonProjectile_C]
[2017.07.11-18.29.43:808][628]LogSpawn:Warning: SpawnActor failed because of collision at the spawn location [X=-1568.790 Y=284.403 Z=146.366] for [FirstPersonProjectile_C]
[2017.07.11-18.29.44:002][651]LogSpawn:Warning: SpawnActor failed because of collision at the spawn location [X=-1565.354 Y=284.461 Z=147.928] for [FirstPersonProjectile_C]
[2017.07.11-18.29.44:194][674]LogSpawn:Warning: SpawnActor failed because of collision at the spawn location [X=-1562.213 Y=283.600 Z=147.843] for [FirstPersonProjectile_C]
[2017.07.11-18.29.45:126][786]LogCharacterMovement: FirstPersonCharacter_C_1 is stuck and failed to move! Velocity: X=-232.22 Y=0.00 Z=0.00 Location: X=-1559.24 Y=265.01 Z=384.79 Normal: X=-0.06 Y=-0.35 Z=0.93 PenetrationDepth:36.354 Actor:FirstPersonProjectile_C_88 Component:Cylinder BoneName:None (0 other events since notify)
[2017.07.11-18.29.46:527][954]LogSpawn:Warning: SpawnActor failed because of collision at the spawn location [X=-2184.281 Y=281.510 Z=1490.199] for [FirstPersonProjectile_C]
[2017.07.11-18.29.46:752][981]LogSpawn:Warning: SpawnActor failed because of collision at the spawn location [X=-2184.383 Y=280.258 Z=1528.287] for [FirstPersonProjectile_C]
[2017.07.11-18.29.46:894][998]LogSpawn:Warning: SpawnActor failed because of collision at the spawn location [X=-2183.928 Y=281.276 Z=1530.163] for [FirstPersonProjectile_C]
[2017.07.11-18.29.47:077][ 20]LogSpawn:Warning: SpawnActor failed because of collision at the spawn location [X=-2183.615 Y=279.327 Z=1498.446] for [FirstPersonProjectile_C]
[2017.07.11-18.29.47:269][ 43]LogSpawn:Warning: SpawnActor failed because of collision at the spawn location [X=-2183.605 Y=278.535 Z=1431.549] for [FirstPersonProjectile_C]
[2017.07.11-18.29.59:316][488]LogSpawn:Warning: SpawnActor failed because of collision at the spawn location [X=-2195.792 Y=-83.851 Z=520.009] for [FirstPersonProjectile_C]
[2017.07.11-18.30.07:757][500]LogSpawn:Warning: SpawnActor failed because of collision at the spawn location [X=-289.223 Y=-1437.989 Z=153.614] for [FirstPersonProjectile_C]
[2017.07.11-18.30.08:015][531]LogSpawn:Warning: SpawnActor failed because of collision at the spawn location [X=-173.680 Y=-1474.220 Z=154.282] for [FirstPersonProjectile_C]
[2017.07.11-18.30.08:132][545]LogSpawn:Warning: SpawnActor failed because of collision at the spawn location [X=-107.880 Y=-1515.031 Z=161.857] for [FirstPersonProjectile_C]
[2017.07.11-18.30.08:343][570]LogSpawn:Warning: SpawnActor failed because of collision at the spawn location [X=-42.506 Y=-1599.899 Z=153.468] for [FirstPersonProjectile_C]
[2017.07.11-18.30.08:517][591]LogSpawn:Warning: SpawnActor failed because of collision at the spawn location [X=29.942 Y=-1612.872 Z=149.279] for [FirstPersonProjectile_C]
[2017.07.11-18.30.09:668][729]LogSpawn:Warning: SpawnActor failed because of collision at the spawn location [X=690.245 Y=-1510.905 Z=147.290] for [FirstPersonProjectile_C]
[2017.07.11-18.30.12:827][108]LogSpawn:Warning: SpawnActor failed because of collision at the spawn location [X=1510.989 Y=-1835.868 Z=147.362] for [FirstPersonProjectile_C]
[2017.07.11-18.30.12:968][125]LogSpawn:Warning: SpawnActor failed because of collision at the spawn location [X=1566.448 Y=-1833.268 Z=164.177] for [FirstPersonProjectile_C]
[2017.07.11-18.30.19:262][877]LogBlueprintUserMessages: Early EndPlayMap Detection: Level '/Game/FirstPersonBP/Maps/FirstPersonExampleMap.FirstPersonExampleMap:PersistentLevel' has LevelScriptBlueprint '/Game/FirstPersonBP/Maps/FirstPersonExampleMap.FirstPersonExampleMap:PersistentLevel.FirstPersonExampleMap' with GeneratedClass '/Game/FirstPersonBP/Maps/FirstPersonExampleMap.FirstPersonExampleMap_C' with ClassGeneratedBy '/Game/FirstPersonBP/Maps/FirstPersonExampleMap.FirstPersonExampleMap:PersistentLevel.FirstPersonExampleMap'
[2017.07.11-18.30.19:305][877]LogBlueprintUserMessages: Late EndPlayMap Detection: Level '/Game/FirstPersonBP/Maps/FirstPersonExampleMap.FirstPersonExampleMap:PersistentLevel' has LevelScriptBlueprint '/Game/FirstPersonBP/Maps/FirstPersonExampleMap.FirstPersonExampleMap:PersistentLevel.FirstPersonExampleMap' with GeneratedClass '/Game/FirstPersonBP/Maps/FirstPersonExampleMap.FirstPersonExampleMap_C' with ClassGeneratedBy '/Game/FirstPersonBP/Maps/FirstPersonExampleMap.FirstPersonExampleMap:PersistentLevel.FirstPersonExampleMap'
[2017.07.11-18.30.34:521][553]Cmd: OBJ SAVEPACKAGE PACKAGE="/Game/FirstPersonBP/Blueprints/FirstPersonProjectile" FILE="D:/KOC2/Parkour/Content/FirstPersonBP/Blueprints/FirstPersonProjectile.uasset" SILENT=true
[2017.07.11-18.30.34:542][553]LogSavePackage: Save=19.49ms
[2017.07.11-18.30.34:542][553]LogSavePackage: Moving 'D:/KOC2/Parkour/Saved/FirstPersonProjectile558F26EA4E2B3FDAEFAB759DE64D7F85.tmp' to 'D:/KOC2/Parkour/Content/FirstPersonBP/Blueprints/FirstPersonProjectile.uasset'
[2017.07.11-18.30.34:544][553]LogSavePackage:Display: Finished SavePackage D:/KOC2/Parkour/Content/FirstPersonBP/Blueprints/FirstPersonProjectile.uasset
[2017.07.11-18.30.35:969][717]BlueprintLog: New page: Compile FirstPersonProjectile
[2017.07.11-18.31.54:926][403]Cmd: OBJ SAVEPACKAGE PACKAGE="/Game/FirstPersonBP/Blueprints/FirstPersonProjectile" FILE="D:/KOC2/Parkour/Content/FirstPersonBP/Blueprints/FirstPersonProjectile.uasset" SILENT=true
[2017.07.11-18.31.54:952][403]LogSavePackage: Save=19.85ms
[2017.07.11-18.31.54:952][403]LogSavePackage: Moving 'D:/KOC2/Parkour/Saved/FirstPersonProjectile44EAC74349AE1FF60883CF9741B98EE5.tmp' to 'D:/KOC2/Parkour/Content/FirstPersonBP/Blueprints/FirstPersonProjectile.uasset'
[2017.07.11-18.31.54:953][403]LogSavePackage:Display: Finished SavePackage D:/KOC2/Parkour/Content/FirstPersonBP/Blueprints/FirstPersonProjectile.uasset
[2017.07.11-18.31.55:916][512]BlueprintLog: New page: Compile FirstPersonProjectile
[2017.07.11-18.32.02:979][266]LogEditorViewport: Clicking on Actor (LMB): StaticMeshActor (Floor)
[2017.07.11-18.32.29:502][370]LogEditorViewport: Clicking on Actor (context menu): StaticMeshActor (Wall2)
[2017.07.11-18.32.30:120][437]LogEditorViewport: Clicking on Actor (LMB): StaticMeshActor (Floor3)
[2017.07.11-18.32.31:615][612]LogEditorViewport: Clicking on Actor (LMB): StaticMeshActor (Floor2)
[2017.07.11-18.32.32:310][692]Cmd: DELETE
[2017.07.11-18.32.32:310][692]Cmd: ACTOR DELETE
[2017.07.11-18.32.32:311][692]LogEditorActor: Deleted Actor: StaticMeshActor
[2017.07.11-18.32.32:337][692]LogEditorActor: Deleted 1 Actors (0.026 secs)
[2017.07.11-18.32.33:060][779]LogEditorViewport: Clicking on Actor (LMB): StaticMeshActor (Floor3)
[2017.07.11-18.32.43:214][974]LogTemp: Repeting last play command: Selected Viewport
[2017.07.11-18.32.43:226][974]LogBlueprintUserMessages: Early PlayInEditor Detection: Level '/Game/FirstPersonBP/Maps/FirstPersonExampleMap.FirstPersonExampleMap:PersistentLevel' has LevelScriptBlueprint '/Game/FirstPersonBP/Maps/FirstPersonExampleMap.FirstPersonExampleMap:PersistentLevel.FirstPersonExampleMap' with GeneratedClass '/Game/FirstPersonBP/Maps/FirstPersonExampleMap.FirstPersonExampleMap_C' with ClassGeneratedBy '/Game/FirstPersonBP/Maps/FirstPersonExampleMap.FirstPersonExampleMap:PersistentLevel.FirstPersonExampleMap'
[2017.07.11-18.32.43:226][974]LogPlayLevel: PlayLevel: No blueprints needed recompiling
[2017.07.11-18.32.43:226][974]PIE: New page: PIE session: FirstPersonExampleMap (Jul 11, 2017, 10:32:43 AM)
[2017.07.11-18.32.43:226][974]LogPlayLevel: Creating play world package: /Game/FirstPersonBP/Maps/UEDPIE_0_FirstPersonExampleMap
[2017.07.11-18.32.43:249][974]LogPlayLevel: PIE: StaticDuplicateObject took: (0.023620s)
[2017.07.11-18.32.43:250][974]LogAIModule: Creating AISystem for world FirstPersonExampleMap
[2017.07.11-18.32.43:251][974]LogPlayLevel: PIE: World Init took: (0.001075s)
[2017.07.11-18.32.43:251][974]LogPlayLevel: PIE: Created PIE world by copying editor world from /Game/FirstPersonBP/Maps/FirstPersonExampleMap.FirstPersonExampleMap to /Game/FirstPersonBP/Maps/UEDPIE_0_FirstPersonExampleMap.FirstPersonExampleMap (0.025023s)
[2017.07.11-18.32.43:286][974]LogInit: XAudio2 using 'Alienware2210-C (NVIDIA High Definition Audio)' : 2 channels at 48 kHz using 16 bits per sample (channel mask 0x3)
[2017.07.11-18.32.43:290][974]LogInit: FAudioDevice initialized.
[2017.07.11-18.32.43:319][974]LogLoad: Game class is 'FirstPersonGameMode_C'
[2017.07.11-18.32.43:323][974]LogWorld: Bringing World /Game/FirstPersonBP/Maps/UEDPIE_0_FirstPersonExampleMap.FirstPersonExampleMap up for play (max tick rate 0) at 2017.07.11-14.32.43
[2017.07.11-18.32.43:323][974]LogWorld: Bringing up level for play took: 0.004143
[2017.07.11-18.32.43:324][974]PIE: Info Play in editor start time for /Game/FirstPersonBP/Maps/UEDPIE_0_FirstPersonExampleMap 1.016
[2017.07.11-18.32.43:324][974]LogBlueprintUserMessages: Late PlayInEditor Detection: Level '/Game/FirstPersonBP/Maps/FirstPersonExampleMap.FirstPersonExampleMap:PersistentLevel' has LevelScriptBlueprint '/Game/FirstPersonBP/Maps/FirstPersonExampleMap.FirstPersonExampleMap:PersistentLevel.FirstPersonExampleMap' with GeneratedClass '/Game/FirstPersonBP/Maps/FirstPersonExampleMap.FirstPersonExampleMap_C' with ClassGeneratedBy '/Game/FirstPersonBP/Maps/FirstPersonExampleMap.FirstPersonExampleMap:PersistentLevel.FirstPersonExampleMap'
[2017.07.11-18.32.46:180][292]LogActor:Warning: Sphere3 is outside the world bounds!
[2017.07.11-18.32.46:705][345]LogActor:Warning: Sphere4 is outside the world bounds!
[2017.07.11-18.32.47:844][481]LogActor:Warning: Sphere_206 is outside the world bounds!
[2017.07.11-18.32.48:019][502]LogActor:Warning: Sphere2 is outside the world bounds!
[2017.07.11-18.32.52:210][  4]LogActor:Warning: Sphere5 is outside the world bounds!
[2017.07.11-18.33.05:773][570]LogSpawn:Warning: SpawnActor failed because of collision at the spawn location [X=-2185.721 Y=-1880.015 Z=225.151] for [FirstPersonProjectile_C]
[2017.07.11-18.33.05:964][593]LogSpawn:Warning: SpawnActor failed because of collision at the spawn location [X=-2187.061 Y=-1880.015 Z=226.499] for [FirstPersonProjectile_C]
[2017.07.11-18.33.06:365][641]LogSpawn:Warning: SpawnActor failed because of collision at the spawn location [X=-2087.156 Y=-1783.776 Z=239.931] for [FirstPersonProjectile_C]
[2017.07.11-18.33.08:233][865]LogSpawn:Warning: SpawnActor failed because of collision at the spawn location [X=-1367.258 Y=-1526.697 Z=147.173] for [FirstPersonProjectile_C]
[2017.07.11-18.33.08:408][886]LogSpawn:Warning: SpawnActor failed because of collision at the spawn location [X=-1367.582 Y=-1529.002 Z=148.359] for [FirstPersonProjectile_C]
[2017.07.11-18.33.31:165][556]LogBlueprintUserMessages: Early EndPlayMap Detection: Level '/Game/FirstPersonBP/Maps/FirstPersonExampleMap.FirstPersonExampleMap:PersistentLevel' has LevelScriptBlueprint '/Game/FirstPersonBP/Maps/FirstPersonExampleMap.FirstPersonExampleMap:PersistentLevel.FirstPersonExampleMap' with GeneratedClass '/Game/FirstPersonBP/Maps/FirstPersonExampleMap.FirstPersonExampleMap_C' with ClassGeneratedBy '/Game/FirstPersonBP/Maps/FirstPersonExampleMap.FirstPersonExampleMap:PersistentLevel.FirstPersonExampleMap'
[2017.07.11-18.33.31:219][556]LogBlueprintUserMessages: Late EndPlayMap Detection: Level '/Game/FirstPersonBP/Maps/FirstPersonExampleMap.FirstPersonExampleMap:PersistentLevel' has LevelScriptBlueprint '/Game/FirstPersonBP/Maps/FirstPersonExampleMap.FirstPersonExampleMap:PersistentLevel.FirstPersonExampleMap' with GeneratedClass '/Game/FirstPersonBP/Maps/FirstPersonExampleMap.FirstPersonExampleMap_C' with ClassGeneratedBy '/Game/FirstPersonBP/Maps/FirstPersonExampleMap.FirstPersonExampleMap:PersistentLevel.FirstPersonExampleMap'
[2017.07.11-18.33.54:469][229]LogMaterial: Missing cached shader map for material TEMP2, compiling. 
[2017.07.11-18.33.54:546][229]LogMaterial: Missing cached shader map for material TEMP2, compiling. 
[2017.07.11-18.33.54:556][229]LogMaterial: 0.00 seconds spent updating 1 materials, 1 interfaces, 0 instances, 0 with static permutations.
[2017.07.11-18.33.54:581][229]LogMaterial: Missing cached shader map for material FMatExpressionPreview MaterialExpressionConstant3Vector_0, compiling. 
[2017.07.11-18.33.54:586][229]LogMaterial: Missing cached shader map for material FMatExpressionPreview MaterialExpressionTextureSample_0, compiling. 
[2017.07.11-18.33.57:929][477]MaterialEditorStats: Info Base pass shader with static lighting: 63 instructions
[2017.07.11-18.33.57:929][477]MaterialEditorStats: Info Base pass shader with only dynamic lighting: 37 instructions
[2017.07.11-18.33.57:929][477]MaterialEditorStats: Info Vertex shader: 31 instructions
[2017.07.11-18.33.57:929][477]MaterialEditorStats: Info Texture samplers: 3/16
[2017.07.11-18.35.16:413][ 16]LogTexture:Display: Building textures: T_Tech_Hex_Tile_M (AutoDXT)
[2017.07.11-18.35.16:885][ 16]LogTexture:Display: Building textures: T_Tech_Hex_Tile_N (BC5)
[2017.07.11-18.35.17:023][ 16]LogMaterial: Missing cached shader map for material M_Tech_Hex_Tile, compiling. 
[2017.07.11-18.35.17:080][ 16]LogMaterial: Missing cached shader map for material M_Tech_Hex_Tile, compiling. 
[2017.07.11-18.35.17:089][ 16]LogMaterial: 0.00 seconds spent updating 1 materials, 1 interfaces, 0 instances, 0 with static permutations.
[2017.07.11-18.35.17:114][ 16]LogMaterial: Missing cached shader map for material FMatExpressionPreview MaterialExpressionTextureSample_25, compiling. 
[2017.07.11-18.35.17:119][ 16]LogMaterial: Missing cached shader map for material FMatExpressionPreview MaterialExpressionBumpOffset_3, compiling. 
[2017.07.11-18.35.17:124][ 16]LogMaterial: Missing cached shader map for material FMatExpressionPreview MaterialExpressionTextureSample_26, compiling. 
[2017.07.11-18.35.17:129][ 16]LogMaterial: Missing cached shader map for material FMatExpressionPreview MaterialExpressionTextureSample_27, compiling. 
[2017.07.11-18.35.17:134][ 16]LogMaterial: Missing cached shader map for material FMatExpressionPreview MaterialExpressionTextureSample_28, compiling. 
[2017.07.11-18.35.17:139][ 16]LogMaterial: Missing cached shader map for material FMatExpressionPreview MaterialExpressionConstant3Vector_7, compiling. 
[2017.07.11-18.35.17:143][ 16]LogMaterial: Missing cached shader map for material FMatExpressionPreview MaterialExpressionVectorParameter_26, compiling. 
[2017.07.11-18.35.19:872][306]MaterialEditorStats: Info Base pass shader with static lighting: 97 instructions
[2017.07.11-18.35.19:872][306]MaterialEditorStats: Info Base pass shader with only dynamic lighting: 69 instructions
[2017.07.11-18.35.19:872][306]MaterialEditorStats: Info Vertex shader: 31 instructions
[2017.07.11-18.35.19:872][306]MaterialEditorStats: Info Texture samplers: 4/16
[2017.07.11-18.36.20:817][532]LogMaterial: Missing cached shader map for material M_Tech_Hex_Tile, compiling. 
[2017.07.11-18.36.20:827][532]LogMaterial: 0.00 seconds spent updating 1 materials, 1 interfaces, 0 instances, 0 with static permutations.
[2017.07.11-18.36.20:854][532]LogMaterial: Missing cached shader map for material FMatExpressionPreview MaterialExpressionVectorParameter_26, compiling. 
[2017.07.11-18.36.21:606][619]LogMaterial: Missing cached shader map for material M_Tech_Hex_Tile, compiling. 
[2017.07.11-18.36.21:622][619]LogMaterial: 0.00 seconds spent updating 1 materials, 1 interfaces, 0 instances, 0 with static permutations.
[2017.07.11-18.36.21:646][619]LogMaterial: Missing cached shader map for material FMatExpressionPreview MaterialExpressionVectorParameter_26, compiling. 
[2017.07.11-18.36.23:899][878]MaterialEditorStats: Info Base pass shader with static lighting: 97 instructions
[2017.07.11-18.36.23:899][878]MaterialEditorStats: Info Base pass shader with only dynamic lighting: 69 instructions
[2017.07.11-18.36.23:899][878]MaterialEditorStats: Info Vertex shader: 31 instructions
[2017.07.11-18.36.23:900][878]MaterialEditorStats: Info Texture samplers: 4/16
[2017.07.11-18.37.13:932][873]LogContentBrowser: Native class hierarchy updated for 'TextureEditor' in 0.0005 seconds. Added 1 classes and 2 folders.
[2017.07.11-18.37.24:036][ 41]Cmd: OBJ SAVEPACKAGE PACKAGE="/Game/StarterContent/Textures/T_Tech_Hex_Tile_M" FILE="D:/KOC2/Parkour/Content/StarterContent/Textures/T_Tech_Hex_Tile_M.uasset" SILENT=true
[2017.07.11-18.37.24:076][ 41]LogSavePackage: Save=33.13ms
[2017.07.11-18.37.24:076][ 41]LogSavePackage: Moving 'D:/KOC2/Parkour/Saved/T_Tech_Hex_Tile_M953CE4304A94E9FC4804BB94B1CB6F93.tmp' to 'D:/KOC2/Parkour/Content/StarterContent/Textures/T_Tech_Hex_Tile_M.uasset'
[2017.07.11-18.37.24:077][ 41]LogSavePackage:Display: Finished SavePackage D:/KOC2/Parkour/Content/StarterContent/Textures/T_Tech_Hex_Tile_M.uasset
[2017.07.11-18.37.44:487][403]LogMaterial: Missing cached shader map for material M_Tech_Hex_Tile, compiling. 
[2017.07.11-18.37.44:498][403]LogMaterial: 0.00 seconds spent updating 1 materials, 1 interfaces, 0 instances, 0 with static permutations.
[2017.07.11-18.37.47:145][710]MaterialEditorStats: Info Base pass shader with static lighting: 95 instructions
[2017.07.11-18.37.47:145][710]MaterialEditorStats: Info Base pass shader with only dynamic lighting: 68 instructions
[2017.07.11-18.37.47:145][710]MaterialEditorStats: Info Vertex shader: 31 instructions
[2017.07.11-18.37.47:145][710]MaterialEditorStats: Info Texture samplers: 4/16
[2017.07.11-18.37.57:916][999]LogMaterial: Missing cached shader map for material M_Tech_Hex_Tile, compiling. 
[2017.07.11-18.37.57:925][999]LogMaterial: 0.00 seconds spent updating 1 materials, 1 interfaces, 0 instances, 0 with static permutations.
[2017.07.11-18.37.57:951][999]LogMaterial: Missing cached shader map for material FMatExpressionPreview MaterialExpressionTextureSample_27, compiling. 
[2017.07.11-18.38.00:339][275]MaterialEditorStats: Info Base pass shader with static lighting: 97 instructions
[2017.07.11-18.38.00:339][275]MaterialEditorStats: Info Base pass shader with only dynamic lighting: 69 instructions
[2017.07.11-18.38.00:339][275]MaterialEditorStats: Info Vertex shader: 31 instructions
[2017.07.11-18.38.00:339][275]MaterialEditorStats: Info Texture samplers: 4/16
[2017.07.11-18.38.06:058][958]LogMaterial: Missing cached shader map for material M_Tech_Hex_Tile, compiling. 
[2017.07.11-18.38.06:068][958]LogMaterial: 0.00 seconds spent updating 1 materials, 1 interfaces, 0 instances, 0 with static permutations.
[2017.07.11-18.38.07:450][117]LogMaterial: Missing cached shader map for material M_Tech_Hex_Tile, compiling. 
[2017.07.11-18.38.07:466][117]LogMaterial: 0.00 seconds spent updating 1 materials, 1 interfaces, 0 instances, 0 with static permutations.
[2017.07.11-18.38.07:494][117]LogMaterial: Missing cached shader map for material FMatExpressionPreview MaterialExpressionTextureSample_27, compiling. 
[2017.07.11-18.38.09:841][381]LogMaterial: Missing cached shader map for material M_Tech_Hex_Tile, compiling. 
[2017.07.11-18.38.09:856][381]LogMaterial: 0.00 seconds spent updating 1 materials, 1 interfaces, 0 instances, 0 with static permutations.
[2017.07.11-18.38.12:670][699]MaterialEditorStats: Info Base pass shader with static lighting: 95 instructions
[2017.07.11-18.38.12:670][699]MaterialEditorStats: Info Base pass shader with only dynamic lighting: 68 instructions
[2017.07.11-18.38.12:670][699]MaterialEditorStats: Info Vertex shader: 31 instructions
[2017.07.11-18.38.12:670][699]MaterialEditorStats: Info Texture samplers: 4/16
[2017.07.11-18.40.29:052][ 30]LogSavePackage: Save=151.72ms
[2017.07.11-18.40.29:052][ 30]LogSavePackage: Moving 'D:/KOC2/Parkour/Saved/FirstPersonExampleMap_Auto196F26C1C4ECE5276090DFF909B07FC42.tmp' to 'D:/KOC2/Parkour/Saved/Autosaves/Game/FirstPersonBP/Maps/FirstPersonExampleMap_Auto1.umap'
[2017.07.11-18.40.29:053][ 30]LogSavePackage:Display: Finished SavePackage D:/KOC2/Parkour/Saved/Autosaves/Game/FirstPersonBP/Maps/FirstPersonExampleMap_Auto1.umap
[2017.07.11-18.40.29:057][ 30]LogFileHelpers: Editor autosave (incl. sublevels) for '/Game/FirstPersonBP/Maps/FirstPersonExampleMap' took 0.196
[2017.07.11-18.40.29:057][ 30]LogFileHelpers: Editor autosave (incl. sublevels) for all levels took 0.196
[2017.07.11-18.45.44:079][202]LogMaterial: Missing cached shader map for material M_Tech_Hex_Tile, compiling. 
[2017.07.11-18.45.44:100][202]LogMaterial: 0.00 seconds spent updating 1 materials, 1 interfaces, 0 instances, 0 with static permutations.
[2017.07.11-18.45.44:123][202]LogMaterial: Missing cached shader map for material M_Tech_Hex_Tile, compiling. 
[2017.07.11-18.45.44:165][202]LogMaterial: Missing cached shader map for material M_Tech_Hex_Tile, compiling. 
[2017.07.11-18.45.44:191][202]LogMaterial: 0.00 seconds spent updating 1 materials, 1 interfaces, 0 instances, 0 with static permutations.
[2017.07.11-18.45.54:396][170]LogTexture:Display: Building textures: T_MacroVariation (AutoDXT)
[2017.07.11-18.46.00:531][170]LogMaterial: Missing cached shader map for material M_Tech_Hex_Tile_Pulse, compiling. 
[2017.07.11-18.46.00:600][170]LogMaterial: Missing cached shader map for material M_Tech_Hex_Tile_Pulse, compiling. 
[2017.07.11-18.46.00:610][170]LogMaterial: 0.00 seconds spent updating 1 materials, 1 interfaces, 0 instances, 0 with static permutations.
[2017.07.11-18.46.00:636][170]LogMaterial: Missing cached shader map for material FMatExpressionPreview MaterialExpressionTextureSample_37, compiling. 
[2017.07.11-18.46.00:641][170]LogMaterial: Missing cached shader map for material FMatExpressionPreview MaterialExpressionTextureSample_38, compiling. 
[2017.07.11-18.46.00:646][170]LogMaterial: Missing cached shader map for material FMatExpressionPreview MaterialExpressionTextureSample_39, compiling. 
[2017.07.11-18.46.00:651][170]LogMaterial: Missing cached shader map for material FMatExpressionPreview MaterialExpressionBumpOffset_6, compiling. 
[2017.07.11-18.46.00:655][170]LogMaterial: Missing cached shader map for material FMatExpressionPreview MaterialExpressionTextureSample_40, compiling. 
[2017.07.11-18.46.00:660][170]LogMaterial: Missing cached shader map for material FMatExpressionPreview MaterialExpressionVectorParameter_24, compiling. 
[2017.07.11-18.46.00:665][170]LogMaterial: Missing cached shader map for material FMatExpressionPreview MaterialExpressionVectorParameter_25, compiling. 
[2017.07.11-18.46.03:970][335]MaterialEditorStats: Info Base pass shader with static lighting: 86 instructions
[2017.07.11-18.46.03:970][335]MaterialEditorStats: Info Base pass shader with only dynamic lighting: 60 instructions
[2017.07.11-18.46.03:970][335]MaterialEditorStats: Info Vertex shader: 31 instructions
[2017.07.11-18.46.03:970][335]MaterialEditorStats: Info Texture samplers: 5/16
[2017.07.11-18.46.56:387][830]Cmd: OBJ SAVEPACKAGE PACKAGE="/Game/FirstPersonBP/Maps/FirstPersonExampleMap" FILE="D:/KOC2/Parkour/Content/FirstPersonBP/Maps/FirstPersonExampleMap.umap" SILENT=true AUTOSAVING=false KEEPDIRTY=false
[2017.07.11-18.46.56:576][830]LogSavePackage: Save=156.15ms
[2017.07.11-18.46.56:576][830]LogSavePackage: Moving 'D:/KOC2/Parkour/Saved/FirstPersonExampleMap9EA090A14AEA0FB793DF6C86CB0C5946.tmp' to 'D:/KOC2/Parkour/Content/FirstPersonBP/Maps/FirstPersonExampleMap.umap'
[2017.07.11-18.46.56:580][830]LogSavePackage:Display: Finished SavePackage D:/KOC2/Parkour/Content/FirstPersonBP/Maps/FirstPersonExampleMap.umap
[2017.07.11-18.46.56:593][830]LogFileHelpers: Saving map 'FirstPersonExampleMap' took 0.254
[2017.07.11-18.46.56:608][830]Cmd: OBJ SAVEPACKAGE PACKAGE="/Game/StarterContent/Materials/M_Tech_Hex_Tile" FILE="D:/KOC2/Parkour/Content/StarterContent/Materials/M_Tech_Hex_Tile.uasset" SILENT=true
[2017.07.11-18.46.56:631][830]LogSavePackage: Save=17.93ms
[2017.07.11-18.46.56:631][830]LogSavePackage: Moving 'D:/KOC2/Parkour/Saved/M_Tech_Hex_TileE49746CF46BCC3656E6AA29D35668C57.tmp' to 'D:/KOC2/Parkour/Content/StarterContent/Materials/M_Tech_Hex_Tile.uasset'
[2017.07.11-18.46.56:632][830]LogSavePackage:Display: Finished SavePackage D:/KOC2/Parkour/Content/StarterContent/Materials/M_Tech_Hex_Tile.uasset
[2017.07.11-18.46.56:841][831]Cmd: QUIT_EDITOR
[2017.07.11-18.46.57:207][831]LogWindowsTextInputMethodSystem:Display: IME system now deactivated.
[2017.07.11-18.46.57:226][831]LogExit: Preparing to exit.
[2017.07.11-18.46.57:867][831]LogExit: Editor shut down
[2017.07.11-18.46.57:867][831]LogExit: Transaction tracking system shut down
[2017.07.11-18.46.57:942][831]LogObj: Freed 0b from 0 cluster array pools.
[2017.07.11-18.46.57:942][831]LogExit: Object subsystem successfully closed.
[2017.07.11-18.46.57:958][831]LogD3D11RHI: Shutdown
[2017.07.11-18.46.57:958][831]LogD3D11RHI: CleanupD3DDevice
[2017.07.11-18.46.58:041][831]LogD3D11RHI: ~FD3D11DynamicRHI
[2017.07.11-18.46.58:055][831]LogHttp:Display: Http module shutting down, but needs to wait on 1 outstanding Http requests:
[2017.07.11-18.46.58:055][831]LogHttp:Display: 	verb=[POST] url=[https://datarouter.ol.epicgames.com/datarouter/api/v1/public/data?SessionID=%7B386ABB61-4303-F6BA-61B9-96942615ED04%7D&AppID=UEEditor.Rocket.Release&AppVersion=4.14.3-3249277%2B%2B%2BUE4%2BRelease-4.14&UserID=822a24ed4865cb29cef75ea46c8807bb%7Cca90ae5a1e854e55bcc446bb84f5659c%7Ca59d3b82-35a8-4791-a9a2-916a193a2c3c&AppEnvironment=datacollector-binary&UploadType=eteventstream] status=Processing
[2017.07.11-18.46.58:070][831]LogModuleManager: Shutting down and abandoning module TextureEditor (246)
[2017.07.11-18.46.58:070][831]LogModuleManager: Shutting down and abandoning module MaterialEditor (245)
[2017.07.11-18.46.58:070][831]LogModuleManager: Shutting down and abandoning module MovieSceneCapture (244)
[2017.07.11-18.46.58:070][831]LogModuleManager: Shutting down and abandoning module BlueprintGraph (243)
[2017.07.11-18.46.58:070][831]LogModuleManager: Shutting down and abandoning module BlueprintProfiler (242)
[2017.07.11-18.46.58:070][831]LogModuleManager: Shutting down and abandoning module HierarchicalLODOutliner (241)
[2017.07.11-18.46.58:070][831]LogModuleManager: Shutting down and abandoning module CrashTracker (240)
[2017.07.11-18.46.58:070][831]LogModuleManager: Shutting down and abandoning module SceneOutliner (239)
[2017.07.11-18.46.58:070][831]LogModuleManager: Shutting down and abandoning module WidgetCarousel (238)
[2017.07.11-18.46.58:070][831]LogModuleManager: Shutting down and abandoning module AddContentDialog (237)
[2017.07.11-18.46.58:070][831]LogDirectoryWatcher: A directory notification for 'C:/Program Files (x86)/Epic Games/4.14/FeaturePacks/' was aborted.
[2017.07.11-18.46.58:071][831]LogModuleManager: Shutting down and abandoning module GameplayTags (236)
[2017.07.11-18.46.58:072][831]LogModuleManager: Shutting down and abandoning module EditorWidgets (235)
[2017.07.11-18.46.58:072][831]LogModuleManager: Shutting down and abandoning module CollectionManager (234)
[2017.07.11-18.46.58:072][831]LogDirectoryWatcher: A directory notification for 'D:/KOC2/Parkour/Content/Collections/' was aborted.
[2017.07.11-18.46.58:072][831]LogDirectoryWatcher: A directory notification for 'D:/KOC2/Parkour/Content/Developers/IGMAdmin/Collections/' was aborted.
[2017.07.11-18.46.58:072][831]LogDirectoryWatcher: A directory notification for 'D:/KOC2/Parkour/Saved/Collections/' was aborted.
[2017.07.11-18.46.58:072][831]LogModuleManager: Shutting down and abandoning module StatsViewer (233)
[2017.07.11-18.46.58:072][831]LogModuleManager: Shutting down and abandoning module FoliageEdit (232)
[2017.07.11-18.46.58:072][831]LogModuleManager: Shutting down and abandoning module LandscapeEditor (231)
[2017.07.11-18.46.58:072][831]LogModuleManager: Shutting down and abandoning module SceneDepthPickerMode (230)
[2017.07.11-18.46.58:072][831]LogModuleManager: Shutting down and abandoning module ActorPickerMode (229)
[2017.07.11-18.46.58:072][831]LogModuleManager: Shutting down and abandoning module GeometryMode (228)
[2017.07.11-18.46.58:072][831]LogModuleManager: Shutting down and abandoning module TextureAlignMode (227)
[2017.07.11-18.46.58:072][831]LogModuleManager: Shutting down and abandoning module BspMode (226)
[2017.07.11-18.46.58:072][831]LogModuleManager: Shutting down and abandoning module HardwareSurvey (225)
[2017.07.11-18.46.58:072][831]LogModuleManager: Shutting down and abandoning module SequenceRecorderSections (224)
[2017.07.11-18.46.58:072][831]LogModuleManager: Shutting down and abandoning module AutomationWorker (223)
[2017.07.11-18.46.58:072][831]LogModuleManager: Shutting down and abandoning module MatineeToLevelSequence (222)
[2017.07.11-18.46.58:072][831]LogModuleManager: Shutting down and abandoning module PlacementMode (221)
[2017.07.11-18.46.58:072][831]LogModuleManager: Shutting down and abandoning module LevelSequenceEditor (220)
[2017.07.11-18.46.58:072][831]LogModuleManager: Shutting down and abandoning module WmfMediaFactory (219)
[2017.07.11-18.46.58:072][831]LogModuleManager: Shutting down and abandoning module WmfMediaEditor (218)
[2017.07.11-18.46.58:072][831]LogModuleManager: Shutting down and abandoning module AvfMediaFactory (217)
[2017.07.11-18.46.58:072][831]LogModuleManager: Shutting down and abandoning module AvfMediaEditor (216)
[2017.07.11-18.46.58:072][831]LogModuleManager: Shutting down and abandoning module Media (215)
[2017.07.11-18.46.58:072][831]LogModuleManager: Shutting down and abandoning module AndroidMediaFactory (214)
[2017.07.11-18.46.58:072][831]LogModuleManager: Shutting down and abandoning module AndroidMediaEditor (213)
[2017.07.11-18.46.58:072][831]LogModuleManager: Shutting down and abandoning module CharacterAI (212)
[2017.07.11-18.46.58:072][831]LogModuleManager: Shutting down and abandoning module SequenceRecorder (211)
[2017.07.11-18.46.58:072][831]LogModuleManager: Shutting down and abandoning module AudioCapture (210)
[2017.07.11-18.46.58:072][831]LogModuleManager: Shutting down and abandoning module SmartSnapping (209)
[2017.07.11-18.46.58:072][831]LogModuleManager: Shutting down and abandoning module SessionServices (208)
[2017.07.11-18.46.58:072][831]LogModuleManager: Shutting down and abandoning module ViewportSnapping (207)
[2017.07.11-18.46.58:072][831]LogModuleManager: Shutting down and abandoning module ViewportInteraction (206)
[2017.07.11-18.46.58:072][831]LogModuleManager: Shutting down and abandoning module LogVisualizer (205)
[2017.07.11-18.46.58:072][831]LogModuleManager: Shutting down and abandoning module GameProjectGeneration (204)
[2017.07.11-18.46.58:072][831]LogModuleManager: Shutting down and abandoning module IntroTutorials (203)
[2017.07.11-18.46.58:072][831]LogModuleManager: Shutting down and abandoning module EditorLiveStreaming (202)
[2017.07.11-18.46.58:072][831]LogModuleManager: Shutting down and abandoning module IOSPlatformEditor (201)
[2017.07.11-18.46.58:072][831]LogModuleManager: Shutting down and abandoning module HTML5PlatformEditor (200)
[2017.07.11-18.46.58:072][831]LogModuleManager: Shutting down and abandoning module AndroidDeviceDetection (199)
[2017.07.11-18.46.58:791][831]LogModuleManager: Shutting down and abandoning module AndroidPlatformEditor (198)
[2017.07.11-18.46.58:791][831]LogModuleManager: Shutting down and abandoning module IOSRuntimeSettings (197)
[2017.07.11-18.46.58:791][831]LogModuleManager: Shutting down and abandoning module AndroidRuntimeSettings (196)
[2017.07.11-18.46.58:791][831]LogModuleManager: Shutting down and abandoning module InputBindingEditor (195)
[2017.07.11-18.46.58:791][831]LogModuleManager: Shutting down and abandoning module NiagaraEditor (194)
[2017.07.11-18.46.58:791][831]LogModuleManager: Shutting down and abandoning module MergeActors (193)
[2017.07.11-18.46.58:791][831]LogModuleManager: Shutting down and abandoning module SizeMap (192)
[2017.07.11-18.46.58:791][831]LogModuleManager: Shutting down and abandoning module TreeMap (191)
[2017.07.11-18.46.58:791][831]LogModuleManager: Shutting down and abandoning module ReferenceViewer (190)
[2017.07.11-18.46.58:791][831]LogModuleManager: Shutting down and abandoning module LocalizationService (189)
[2017.07.11-18.46.58:791][831]LogModuleManager: Shutting down and abandoning module LocalizationDashboard (188)
[2017.07.11-18.46.58:791][831]LogModuleManager: Shutting down and abandoning module HardwareTargeting (187)
[2017.07.11-18.46.58:791][831]LogModuleManager: Shutting down and abandoning module DeviceProfileEditor (186)
[2017.07.11-18.46.58:791][831]LogModuleManager: Shutting down and abandoning module UndoHistory (185)
[2017.07.11-18.46.58:791][831]LogModuleManager: Shutting down and abandoning module UserFeedback (184)
[2017.07.11-18.46.58:791][831]LogModuleManager: Shutting down and abandoning module XmlParser (183)
[2017.07.11-18.46.58:791][831]LogModuleManager: Shutting down and abandoning module Blutility (182)
[2017.07.11-18.46.58:791][831]LogModuleManager: Shutting down and abandoning module ProjectTargetPlatformEditor (181)
[2017.07.11-18.46.58:791][831]LogModuleManager: Shutting down and abandoning module ProjectSettingsViewer (180)
[2017.07.11-18.46.58:791][831]LogModuleManager: Shutting down and abandoning module EditorSettingsViewer (179)
[2017.07.11-18.46.58:791][831]LogModuleManager: Shutting down and abandoning module SettingsEditor (178)
[2017.07.11-18.46.58:791][831]LogModuleManager: Shutting down and abandoning module ProjectLauncher (177)
[2017.07.11-18.46.58:791][831]LogModuleManager: Shutting down and abandoning module SessionFrontend (176)
[2017.07.11-18.46.58:791][831]LogModuleManager: Shutting down and abandoning module ProfilerClient (175)
[2017.07.11-18.46.58:791][831]LogModuleManager: Shutting down and abandoning module TargetDeviceServices (174)
[2017.07.11-18.46.58:792][831]LogModuleManager: Shutting down and abandoning module DeviceManager (173)
[2017.07.11-18.46.58:844][831]LogModuleManager: Shutting down and abandoning module AutomationController (172)
[2017.07.11-18.46.58:844][831]LogModuleManager: Shutting down and abandoning module AutomationWindow (171)
[2017.07.11-18.46.58:844][831]LogModuleManager: Shutting down and abandoning module Layers (170)
[2017.07.11-18.46.58:844][831]LogModuleManager: Shutting down and abandoning module ComponentVisualizers (169)
[2017.07.11-18.46.58:844][831]LogModuleManager: Shutting down and abandoning module DetailCustomizations (168)
[2017.07.11-18.46.58:844][831]LogModuleManager: Shutting down and abandoning module PackagesDialog (167)
[2017.07.11-18.46.58:844][831]LogModuleManager: Shutting down and abandoning module AnimGraph (166)
[2017.07.11-18.46.58:844][831]LogModuleManager: Shutting down and abandoning module Persona (165)
[2017.07.11-18.46.58:844][831]LogModuleManager: Shutting down and abandoning module Kismet (164)
[2017.07.11-18.46.58:848][831]LogModuleManager: Shutting down and abandoning module GraphEditor (163)
[2017.07.11-18.46.58:848][831]LogModuleManager: Shutting down and abandoning module ClassViewer (162)
[2017.07.11-18.46.58:849][831]LogModuleManager: Shutting down and abandoning module Toolbox (161)
[2017.07.11-18.46.58:849][831]LogModuleManager: Shutting down and abandoning module ModuleUI (160)
[2017.07.11-18.46.58:849][831]LogModuleManager: Shutting down and abandoning module MovieSceneTools (159)
[2017.07.11-18.46.58:849][831]LogModuleManager: Shutting down and abandoning module OutputLog (158)
[2017.07.11-18.46.58:849][831]LogModuleManager: Shutting down and abandoning module GammaUI (157)
[2017.07.11-18.46.58:849][831]LogModuleManager: Shutting down and abandoning module Documentation (156)
[2017.07.11-18.46.58:849][831]LogModuleManager: Shutting down and abandoning module Niagara (155)
[2017.07.11-18.46.58:849][831]LogModuleManager: Shutting down and abandoning module StreamingPauseRendering (154)
[2017.07.11-18.46.58:849][831]LogModuleManager: Shutting down and abandoning module AnalyticsET (153)
[2017.07.11-18.46.58:849][831]LogModuleManager: Shutting down and abandoning module PortalServices (152)
[2017.07.11-18.46.58:849][831]LogModuleManager: Shutting down and abandoning module PortalRpc (151)
[2017.07.11-18.46.58:849][831]LogModuleManager: Shutting down and abandoning module MessagingRpc (150)
[2017.07.11-18.46.58:849][831]LogModuleManager: Shutting down and abandoning module GameplayDebugger (149)
[2017.07.11-18.46.58:849][831]LogModuleManager: Shutting down and abandoning module AITestSuite (148)
[2017.07.11-18.46.58:849][831]LogModuleManager: Shutting down and abandoning module AIModule (147)
[2017.07.11-18.46.58:849][831]LogModuleManager: Shutting down and abandoning module ProfilerService (146)
[2017.07.11-18.46.59:055][831]LogModuleManager: Shutting down and abandoning module TaskGraph (145)
[2017.07.11-18.46.59:055][831]LogModuleManager: Shutting down and abandoning module SlateRemote (144)
[2017.07.11-18.46.59:055][831]LogModuleManager: Shutting down and abandoning module SteamVRController (143)
[2017.07.11-18.46.59:055][831]LogModuleManager: Shutting down and abandoning module SteamVR (142)
[2017.07.11-18.46.59:055][831]LogModuleManager: Shutting down and abandoning module ProceduralMeshComponentEditor (141)
[2017.07.11-18.46.59:055][831]LogModuleManager: Shutting down and abandoning module ProceduralMeshComponent (140)
[2017.07.11-18.46.59:055][831]LogModuleManager: Shutting down and abandoning module OculusLibrary (139)
[2017.07.11-18.46.59:055][831]LogModuleManager: Shutting down and abandoning module OculusInput (138)
[2017.07.11-18.46.59:055][831]LogModuleManager: Shutting down and abandoning module MobilePatchingUtils (137)
[2017.07.11-18.46.59:055][831]LogModuleManager: Shutting down and abandoning module CustomMeshComponent (136)
[2017.07.11-18.46.59:055][831]LogModuleManager: Shutting down and abandoning module CableComponent (135)
[2017.07.11-18.46.59:055][831]LogModuleManager: Shutting down and abandoning module ArchVisCharacter (134)
[2017.07.11-18.46.59:055][831]LogModuleManager: Shutting down and abandoning module MediaPlayerEditor (132)
[2017.07.11-18.46.59:055][831]LogModuleManager: Shutting down and abandoning module HTML5Networking (131)
[2017.07.11-18.46.59:055][831]LogModuleManager: Shutting down and abandoning module GeometryCacheEd (130)
[2017.07.11-18.46.59:055][831]LogModuleManager: Shutting down and abandoning module GeometryCache (129)
[2017.07.11-18.46.59:055][831]LogModuleManager: Shutting down and abandoning module AlembicLibrary (128)
[2017.07.11-18.46.59:055][831]LogModuleManager: Shutting down and abandoning module AlembicImporter (127)
[2017.07.11-18.46.59:055][831]LogModuleManager: Shutting down and abandoning module SuperSearch (126)
[2017.07.11-18.46.59:055][831]LogModuleManager: Shutting down and abandoning module SuperSearchEditor (125)
[2017.07.11-18.46.59:055][831]LogModuleManager: Shutting down and abandoning module SpeedTreeImporter (124)
[2017.07.11-18.46.59:055][831]LogModuleManager: Shutting down and abandoning module PluginBrowser (123)
[2017.07.11-18.46.59:055][831]LogModuleManager: Shutting down and abandoning module MobileLauncherProfileWizard (122)
[2017.07.11-18.46.59:055][831]LogModuleManager: Shutting down and abandoning module EpicSurvey (121)
[2017.07.11-18.46.59:055][831]LogModuleManager: Shutting down and abandoning module DesktopPlatform (120)
[2017.07.11-18.46.59:055][831]LogModuleManager: Shutting down and abandoning module VisualStudioSourceCodeAccess (119)
[2017.07.11-18.46.59:055][831]LogModuleManager: Shutting down and abandoning module UObjectPlugin (118)
[2017.07.11-18.46.59:055][831]LogModuleManager: Shutting down and abandoning module SubversionSourceControl (117)
[2017.07.11-18.46.59:055][831]LogModuleManager: Shutting down and abandoning module PerforceSourceControl (116)
[2017.07.11-18.46.59:055][831]LogModuleManager: Shutting down and abandoning module SourceControl (115)
[2017.07.11-18.46.59:055][831]LogModuleManager: Shutting down and abandoning module GitSourceControl (114)
[2017.07.11-18.46.59:055][831]LogModuleManager: Shutting down and abandoning module LightPropagationVolumeEditor (113)
[2017.07.11-18.46.59:055][831]LogModuleManager: Shutting down and abandoning module PaperTiledImporter (112)
[2017.07.11-18.46.59:055][831]LogModuleManager: Shutting down and abandoning module PaperSpriteSheetImporter (111)
[2017.07.11-18.46.59:055][831]LogModuleManager: Shutting down and abandoning module MeshPaint (110)
[2017.07.11-18.46.59:055][831]LogModuleManager: Shutting down and abandoning module PixelInspectorModule (109)
[2017.07.11-18.46.59:055][831]LogModuleManager: Shutting down and abandoning module HotReload (108)
[2017.07.11-18.46.59:055][831]LogModuleManager: Shutting down and abandoning module MainFrame (107)
[2017.07.11-18.46.59:055][831]LogModuleManager: Shutting down and abandoning module LevelEditor (106)
[2017.07.11-18.46.59:057][831]LogModuleManager: Shutting down and abandoning module ContentBrowser (105)
[2017.07.11-18.46.59:057][831]LogModuleManager: Shutting down and abandoning module Paper2DEditor (104)
[2017.07.11-18.46.59:057][831]LogModuleManager: Shutting down and abandoning module UdpMessaging (103)
[2017.07.11-18.46.59:158][831]LogModuleManager: Shutting down and abandoning module TcpMessaging (102)
[2017.07.11-18.46.59:259][831]LogModuleManager: Shutting down and abandoning module LightPropagationVolumeRuntime (101)
[2017.07.11-18.46.59:259][831]LogModuleManager: Shutting down and abandoning module Paper2D (100)
[2017.07.11-18.46.59:259][831]LogModuleManager: Shutting down and abandoning module WindowsMoviePlayer (99)
[2017.07.11-18.46.59:259][831]LogModuleManager: Shutting down and abandoning module WmfMedia (98)
[2017.07.11-18.46.59:259][831]LogModuleManager: Shutting down and abandoning module MediaAssets (97)
[2017.07.11-18.46.59:259][831]LogModuleManager: Shutting down and abandoning module GameLiveStreaming (96)
[2017.07.11-18.46.59:259][831]LogModuleManager: Shutting down and abandoning module GameplayTagsEditor (95)
[2017.07.11-18.46.59:259][831]LogModuleManager: Shutting down and abandoning module VREditor (94)
[2017.07.11-18.46.59:259][831]LogModuleManager: Shutting down and abandoning module GameplayTasksEditor (93)
[2017.07.11-18.46.59:259][831]LogModuleManager: Shutting down and abandoning module BehaviorTreeEditor (92)
[2017.07.11-18.46.59:259][831]LogModuleManager: Shutting down and abandoning module FunctionalTesting (91)
[2017.07.11-18.46.59:259][831]LogModuleManager: Shutting down and abandoning module CollisionAnalyzer (90)
[2017.07.11-18.46.59:259][831]LogModuleManager: Shutting down and abandoning module Sequencer (89)
[2017.07.11-18.46.59:259][831]LogModuleManager: Shutting down and abandoning module WorkspaceMenuStructure (88)
[2017.07.11-18.46.59:259][831]LogModuleManager: Shutting down and abandoning module MessageLog (87)
[2017.07.11-18.46.59:259][831]LogModuleManager: Shutting down and abandoning module AssetTools (86)
[2017.07.11-18.46.59:259][831]LogModuleManager: Shutting down and abandoning module UMGEditor (85)
[2017.07.11-18.46.59:259][831]LogModuleManager: Shutting down and abandoning module UMG (84)
[2017.07.11-18.46.59:259][831]LogModuleManager: Shutting down and abandoning module SlateReflector (83)
[2017.07.11-18.46.59:259][831]LogModuleManager: Shutting down and abandoning module Slate (82)
[2017.07.11-18.46.59:259][831]LogModuleManager: Shutting down and abandoning module EditorStyle (81)
[2017.07.11-18.46.59:261][831]LogModuleManager: Shutting down and abandoning module SourceCodeAccess (80)
[2017.07.11-18.46.59:261][831]LogModuleManager: Shutting down and abandoning module HeadMountedDisplay (79)
[2017.07.11-18.46.59:261][831]LogModuleManager: Shutting down and abandoning module XAudio2 (78)
[2017.07.11-18.46.59:261][831]LogModuleManager: Shutting down and abandoning module Networking (76)
[2017.07.11-18.46.59:261][831]LogModuleManager: Shutting down and abandoning module Core (75)
[2017.07.11-18.46.59:261][831]LogModuleManager: Shutting down and abandoning module DirectoryWatcher (74)
[2017.07.11-18.46.59:261][831]LogDirectoryWatcher: A directory notification for '../../../Engine/Content/' was aborted.
[2017.07.11-18.46.59:261][831]LogDirectoryWatcher: A directory notification for 'D:/KOC2/Parkour/Content/' was aborted.
[2017.07.11-18.46.59:261][831]LogDirectoryWatcher: A directory notification for '../../../Engine/Plugins/2D/Paper2D/Content/' was aborted.
[2017.07.11-18.46.59:262][831]LogModuleManager: Shutting down and abandoning module AssetRegistry (73)
[2017.07.11-18.46.59:356][831]LogModuleManager: Shutting down and abandoning module KismetCompiler (72)
[2017.07.11-18.46.59:356][831]LogModuleManager: Shutting down and abandoning module PhysXFormats (71)
[2017.07.11-18.46.59:356][831]LogModuleManager: Shutting down and abandoning module SimplygonSwarm (70)
[2017.07.11-18.46.59:356][831]LogModuleManager: Shutting down and abandoning module SimplygonMeshReduction (69)
[2017.07.11-18.46.59:356][831]LogModuleManager: Shutting down and abandoning module QuadricMeshReduction (68)
[2017.07.11-18.46.59:356][831]LogModuleManager: Shutting down and abandoning module PropertyEditor (67)
[2017.07.11-18.46.59:356][831]LogModuleManager: Shutting down and abandoning module MeshUtilities (66)
[2017.07.11-18.46.59:356][831]LogModuleManager: Shutting down and abandoning module DerivedDataCache (65)
[2017.07.11-18.46.59:407][831]LogDerivedDataCache: Shutdown
[2017.07.11-18.46.59:407][831]LogModuleManager: Shutting down and abandoning module VulkanShaderFormat (64)
[2017.07.11-18.46.59:407][831]LogModuleManager: Shutting down and abandoning module ShaderFormatOpenGL (63)
[2017.07.11-18.46.59:407][831]LogModuleManager: Shutting down and abandoning module ShaderFormatD3D (62)
[2017.07.11-18.46.59:407][831]LogModuleManager: Shutting down and abandoning module MetalShaderFormat (61)
[2017.07.11-18.46.59:407][831]LogModuleManager: Shutting down and abandoning module TextureFormatUncompressed (60)
[2017.07.11-18.46.59:407][831]LogModuleManager: Shutting down and abandoning module TextureFormatPVR (59)
[2017.07.11-18.46.59:407][831]LogModuleManager: Shutting down and abandoning module TextureFormatDXT (58)
[2017.07.11-18.46.59:407][831]LogModuleManager: Shutting down and abandoning module TextureFormatIntelISPCTexComp (57)
[2017.07.11-18.46.59:407][831]LogModuleManager: Shutting down and abandoning module ImageWrapper (56)
[2017.07.11-18.46.59:407][831]LogModuleManager: Shutting down and abandoning module TextureFormatASTC (55)
[2017.07.11-18.46.59:407][831]LogModuleManager: Shutting down and abandoning module TextureFormatAndroid (54)
[2017.07.11-18.46.59:407][831]LogModuleManager: Shutting down and abandoning module AudioFormatOpus (53)
[2017.07.11-18.46.59:407][831]LogModuleManager: Shutting down and abandoning module AudioFormatOgg (52)
[2017.07.11-18.46.59:407][831]LogModuleManager: Shutting down and abandoning module AudioFormatADPCM (51)
[2017.07.11-18.46.59:407][831]LogModuleManager: Shutting down and abandoning module LinuxTargetPlatform (50)
[2017.07.11-18.46.59:407][831]LogModuleManager: Shutting down and abandoning module LinuxServerTargetPlatform (49)
[2017.07.11-18.46.59:407][831]LogModuleManager: Shutting down and abandoning module LinuxNoEditorTargetPlatform (48)
[2017.07.11-18.46.59:407][831]LogModuleManager: Shutting down and abandoning module LinuxClientTargetPlatform (47)
[2017.07.11-18.46.59:407][831]LogModuleManager: Shutting down and abandoning module TVOSTargetPlatform (46)
[2017.07.11-18.46.59:407][831]LogModuleManager: Shutting down and abandoning module Messaging (45)
[2017.07.11-18.46.59:407][831]LogModuleManager: Shutting down and abandoning module IOSTargetPlatform (44)
[2017.07.11-18.46.59:407][831]LogModuleManager: Shutting down and abandoning module HTML5TargetPlatform (43)
[2017.07.11-18.46.59:407][831]LogModuleManager: Shutting down and abandoning module Android_PVRTCTargetPlatform (42)
[2017.07.11-18.46.59:407][831]LogModuleManager: Shutting down and abandoning module Android_MultiTargetPlatform (41)
[2017.07.11-18.46.59:407][831]LogModuleManager: Shutting down and abandoning module Android_ETC2TargetPlatform (40)
[2017.07.11-18.46.59:407][831]LogModuleManager: Shutting down and abandoning module Android_ETC1TargetPlatform (39)
[2017.07.11-18.46.59:407][831]LogModuleManager: Shutting down and abandoning module Android_DXTTargetPlatform (38)
[2017.07.11-18.46.59:407][831]LogModuleManager: Shutting down and abandoning module Android_ATCTargetPlatform (37)
[2017.07.11-18.46.59:407][831]LogModuleManager: Shutting down and abandoning module Android_ASTCTargetPlatform (36)
[2017.07.11-18.46.59:407][831]LogModuleManager: Shutting down and abandoning module AndroidTargetPlatform (35)
[2017.07.11-18.46.59:407][831]LogModuleManager: Shutting down and abandoning module WindowsTargetPlatform (34)
[2017.07.11-18.46.59:407][831]LogModuleManager: Shutting down and abandoning module WindowsServerTargetPlatform (33)
[2017.07.11-18.46.59:407][831]LogModuleManager: Shutting down and abandoning module WindowsNoEditorTargetPlatform (32)
[2017.07.11-18.46.59:407][831]LogModuleManager: Shutting down and abandoning module WindowsClientTargetPlatform (31)
[2017.07.11-18.46.59:407][831]LogModuleManager: Shutting down and abandoning module MacTargetPlatform (30)
[2017.07.11-18.46.59:407][831]LogModuleManager: Shutting down and abandoning module MacServerTargetPlatform (29)
[2017.07.11-18.46.59:408][831]LogModuleManager: Shutting down and abandoning module MacNoEditorTargetPlatform (28)
[2017.07.11-18.46.59:408][831]LogModuleManager: Shutting down and abandoning module MacClientTargetPlatform (27)
[2017.07.11-18.46.59:408][831]LogModuleManager: Shutting down and abandoning module AllDesktopTargetPlatform (26)
[2017.07.11-18.46.59:408][831]LogModuleManager: Shutting down and abandoning module TargetPlatform (25)
[2017.07.11-18.46.59:408][831]LogModuleManager: Shutting down and abandoning module InputCore (24)
[2017.07.11-18.46.59:408][831]LogModuleManager: Shutting down and abandoning module Settings (23)
[2017.07.11-18.46.59:408][831]LogModuleManager: Shutting down and abandoning module OculusRift (22)
[2017.07.11-18.46.59:408][831]LogModuleManager: Shutting down and abandoning module ExampleDeviceProfileSelector (21)
[2017.07.11-18.46.59:408][831]LogModuleManager: Shutting down and abandoning module OnlineBlueprintSupport (20)
[2017.07.11-18.46.59:408][831]LogModuleManager: Shutting down and abandoning module OnlineSubsystem (18)
[2017.07.11-18.46.59:408][831]LogOnline:Display: Unloading online subsystem: NULL
[2017.07.11-18.46.59:408][831]LogModuleManager: Shutting down and abandoning module SSL (17)
[2017.07.11-18.46.59:409][831]LogModuleManager: Shutting down and abandoning module HTTP (16)
[2017.07.11-18.46.59:409][831]LogModuleManager: Shutting down and abandoning module XMPP (15)
[2017.07.11-18.46.59:409][831]LogModuleManager: Shutting down and abandoning module TextureCompressor (14)
[2017.07.11-18.46.59:409][831]LogModuleManager: Shutting down and abandoning module ShaderCore (13)
[2017.07.11-18.46.59:409][831]LogModuleManager: Shutting down and abandoning module Landscape (12)
[2017.07.11-18.46.59:409][831]LogModuleManager: Shutting down and abandoning module SlateRHIRenderer (11)
[2017.07.11-18.46.59:411][831]LogModuleManager: Shutting down and abandoning module OpenGLDrv (10)
[2017.07.11-18.46.59:411][831]LogModuleManager: Shutting down and abandoning module D3D11RHI (9)
[2017.07.11-18.46.59:411][831]LogModuleManager: Shutting down and abandoning module AnimGraphRuntime (8)
[2017.07.11-18.46.59:411][831]LogModuleManager: Shutting down and abandoning module Renderer (7)
[2017.07.11-18.46.59:411][831]LogModuleManager: Shutting down and abandoning module Engine (6)
[2017.07.11-18.46.59:411][831]LogModuleManager: Shutting down and abandoning module CoreUObject (5)
[2017.07.11-18.46.59:411][831]LogModuleManager: Shutting down and abandoning module NetworkFile (4)
[2017.07.11-18.46.59:411][831]LogModuleManager: Shutting down and abandoning module StreamingFile (3)
[2017.07.11-18.46.59:411][831]LogModuleManager: Shutting down and abandoning module SandboxFile (2)
[2017.07.11-18.46.59:411][831]LogModuleManager: Shutting down and abandoning module PakFile (1)
[2017.07.11-18.46.59:412][831]LogExit: Exiting.
[2017.07.11-18.46.59:420][831]Log file closed, 07/11/17 14:46:59
