Log file open, 07/11/17 09:17:10
LogInit:Display: Running engine for game: FPS_Day1
LogPlatformFile: Not using cached read wrapper
LogInit:Display: RandInit(956531238) SRandInit(956531238).
LogTaskGraph: Started task graph with 5 named threads and 6 total threads with 1 sets of task threads.
LogStats: Stats thread started at 0.054459
LogPluginManager: Loaded Plugin Paper2D, From C:/Program Files (x86)/Epic Games/4.14/Engine/Plugins/2D/Paper2D/Paper2D.uplugin
LogPluginManager: Loaded Plugin LightPropagationVolume, From C:/Program Files (x86)/Epic Games/4.14/Engine/Plugins/Blendables/LightPropagationVolume/LightPropagationVolume.uplugin
LogPluginManager: Loaded Plugin BlankPlugin, From C:/Program Files (x86)/Epic Games/4.14/Engine/Plugins/Developer/BlankPlugin/BlankPlugin.uplugin
LogPluginManager: Loaded Plugin CodeLiteSourceCodeAccess, From C:/Program Files (x86)/Epic Games/4.14/Engine/Plugins/Developer/CodeLiteSourceCodeAccess/CodeLiteSourceCodeAccess.uplugin
LogPluginManager: Loaded Plugin GitSourceControl, From C:/Program Files (x86)/Epic Games/4.14/Engine/Plugins/Developer/GitSourceControl/GitSourceControl.uplugin
LogPluginManager: Loaded Plugin KDevelopSourceCodeAccess, From C:/Program Files (x86)/Epic Games/4.14/Engine/Plugins/Developer/KDevelopSourceCodeAccess/KDevelopSourceCodeAccess.uplugin
LogPluginManager: Loaded Plugin NullSourceCodeAccess, From C:/Program Files (x86)/Epic Games/4.14/Engine/Plugins/Developer/NullSourceCodeAccess/NullSourceCodeAccess.uplugin
LogPluginManager: Loaded Plugin OneSkyLocalizationService, From C:/Program Files (x86)/Epic Games/4.14/Engine/Plugins/Developer/OneSkyLocalizationService/OneSkyLocalizationService.uplugin
LogPluginManager: Loaded Plugin PerforceSourceControl, From C:/Program Files (x86)/Epic Games/4.14/Engine/Plugins/Developer/PerforceSourceControl/PerforceSourceControl.uplugin
LogPluginManager: Loaded Plugin SubversionSourceControl, From C:/Program Files (x86)/Epic Games/4.14/Engine/Plugins/Developer/SubversionSourceControl/SubversionSourceControl.uplugin
LogPluginManager: Loaded Plugin UObjectPlugin, From C:/Program Files (x86)/Epic Games/4.14/Engine/Plugins/Developer/UObjectPlugin/UObjectPlugin.uplugin
LogPluginManager: Loaded Plugin VisualStudioSourceCodeAccess, From C:/Program Files (x86)/Epic Games/4.14/Engine/Plugins/Developer/VisualStudioSourceCodeAccess/VisualStudioSourceCodeAccess.uplugin
LogPluginManager: Loaded Plugin XCodeSourceCodeAccess, From C:/Program Files (x86)/Epic Games/4.14/Engine/Plugins/Developer/XCodeSourceCodeAccess/XCodeSourceCodeAccess.uplugin
LogPluginManager: Loaded Plugin AudioCapture, From C:/Program Files (x86)/Epic Games/4.14/Engine/Plugins/Editor/AudioCapture/AudioCapture.uplugin
LogPluginManager: Loaded Plugin EpicSurvey, From C:/Program Files (x86)/Epic Games/4.14/Engine/Plugins/Editor/EpicSurvey/EpicSurvey.uplugin
LogPluginManager: Loaded Plugin MacGraphicsSwitching, From C:/Program Files (x86)/Epic Games/4.14/Engine/Plugins/Editor/MacGraphicsSwitching/MacGraphicsSwitching.uplugin
LogPluginManager: Loaded Plugin MobileLauncherProfileWizard, From C:/Program Files (x86)/Epic Games/4.14/Engine/Plugins/Editor/MobileLauncherProfileWizard/MobileLauncherProfileWizard.uplugin
LogPluginManager: Loaded Plugin PluginBrowser, From C:/Program Files (x86)/Epic Games/4.14/Engine/Plugins/Editor/PluginBrowser/PluginBrowser.uplugin
LogPluginManager: Loaded Plugin SpeedTreeImporter, From C:/Program Files (x86)/Epic Games/4.14/Engine/Plugins/Editor/SpeedTreeImporter/SpeedTreeImporter.uplugin
LogPluginManager: Loaded Plugin SuperSearchEditor, From C:/Program Files (x86)/Epic Games/4.14/Engine/Plugins/Editor/SuperSearchEditor/SuperSearchEditor.uplugin
LogPluginManager: Loaded Plugin AlembicImporter, From C:/Program Files (x86)/Epic Games/4.14/Engine/Plugins/Experimental/AlembicImporter/AlembicImporter.uplugin
LogPluginManager: Loaded Plugin BlueprintStats, From C:/Program Files (x86)/Epic Games/4.14/Engine/Plugins/Experimental/BlueprintStats/BlueprintStats.uplugin
LogPluginManager: Loaded Plugin CharacterAI, From C:/Program Files (x86)/Epic Games/4.14/Engine/Plugins/Experimental/CharacterAI/CharacterAI.uplugin
LogPluginManager: Loaded Plugin CodeEditor, From C:/Program Files (x86)/Epic Games/4.14/Engine/Plugins/Experimental/CodeEditor/CodeEditor.uplugin
LogPluginManager: Loaded Plugin CodeView, From C:/Program Files (x86)/Epic Games/4.14/Engine/Plugins/Experimental/CodeView/CodeView.uplugin
LogPluginManager: Loaded Plugin HTML5Networking, From C:/Program Files (x86)/Epic Games/4.14/Engine/Plugins/Experimental/HTML5Networking/HTML5Networking.uplugin
LogPluginManager: Loaded Plugin OSVR, From C:/Program Files (x86)/Epic Games/4.14/Engine/Plugins/Experimental/OSVR/OSVR.uplugin
LogPluginManager: Loaded Plugin Phya, From C:/Program Files (x86)/Epic Games/4.14/Engine/Plugins/Experimental/Phya/Phya.uplugin
LogPluginManager: Loaded Plugin SignificanceManager, From C:/Program Files (x86)/Epic Games/4.14/Engine/Plugins/Experimental/SignificanceManager/SignificanceManager.uplugin
LogPluginManager: Loaded Plugin SimpleHMD, From C:/Program Files (x86)/Epic Games/4.14/Engine/Plugins/Experimental/SimpleHMD/SimpleHMD.uplugin
LogPluginManager: Loaded Plugin StereoPanorama, From C:/Program Files (x86)/Epic Games/4.14/Engine/Plugins/Experimental/StereoPanorama/StereoPanorama.uplugin
LogPluginManager: Loaded Plugin StructBox, From C:/Program Files (x86)/Epic Games/4.14/Engine/Plugins/Experimental/StructBox/StructBox.uplugin
LogPluginManager: Loaded Plugin AndroidMedia, From C:/Program Files (x86)/Epic Games/4.14/Engine/Plugins/Media/AndroidMedia/AndroidMedia.uplugin
LogPluginManager: Loaded Plugin AvfMedia, From C:/Program Files (x86)/Epic Games/4.14/Engine/Plugins/Media/AvfMedia/AvfMedia.uplugin
LogPluginManager: Loaded Plugin MediaPlayerEditor, From C:/Program Files (x86)/Epic Games/4.14/Engine/Plugins/Media/MediaPlayerEditor/MediaPlayerEditor.uplugin
LogPluginManager: Loaded Plugin WmfMedia, From C:/Program Files (x86)/Epic Games/4.14/Engine/Plugins/Media/WmfMedia/WmfMedia.uplugin
LogPluginManager: Loaded Plugin MessagingDebugger, From C:/Program Files (x86)/Epic Games/4.14/Engine/Plugins/Messaging/MessagingDebugger/MessagingDebugger.uplugin
LogPluginManager: Loaded Plugin TcpMessaging, From C:/Program Files (x86)/Epic Games/4.14/Engine/Plugins/Messaging/TcpMessaging/TcpMessaging.uplugin
LogPluginManager: Loaded Plugin UdpMessaging, From C:/Program Files (x86)/Epic Games/4.14/Engine/Plugins/Messaging/UdpMessaging/UdpMessaging.uplugin
LogPluginManager: Loaded Plugin LevelSequenceEditor, From C:/Program Files (x86)/Epic Games/4.14/Engine/Plugins/MovieScene/LevelSequenceEditor/LevelSequenceEditor.uplugin
LogPluginManager: Loaded Plugin MatineeToLevelSequence, From C:/Program Files (x86)/Epic Games/4.14/Engine/Plugins/MovieScene/MatineeToLevelSequence/MatineeToLevelSequence.uplugin
LogPluginManager: Loaded Plugin NetcodeUnitTest, From C:/Program Files (x86)/Epic Games/4.14/Engine/Plugins/NetcodeUnitTest/NetcodeUnitTest/NetcodeUnitTest.uplugin
LogPluginManager: Loaded Plugin NUTUnrealEngine4, From C:/Program Files (x86)/Epic Games/4.14/Engine/Plugins/NetcodeUnitTest/NUTUnrealEngine4/NUTUnrealEngine4.uplugin
LogPluginManager: Loaded Plugin OnlineSubsystemGameCircle, From C:/Program Files (x86)/Epic Games/4.14/Engine/Plugins/Online/Android/OnlineSubsystemGameCircle/OnlineSubsystemGameCircle.uplugin
LogPluginManager: Loaded Plugin OnlineSubsystemGooglePlay, From C:/Program Files (x86)/Epic Games/4.14/Engine/Plugins/Online/Android/OnlineSubsystemGooglePlay/OnlineSubsystemGooglePlay.uplugin
LogPluginManager: Loaded Plugin OnlineSubsystemIOS, From C:/Program Files (x86)/Epic Games/4.14/Engine/Plugins/Online/IOS/OnlineSubsystemIOS/OnlineSubsystemIOS.uplugin
LogPluginManager: Loaded Plugin OnlineFramework, From C:/Program Files (x86)/Epic Games/4.14/Engine/Plugins/Online/OnlineFramework/OnlineFramework.uplugin
LogPluginManager: Loaded Plugin OnlineSubsystem, From C:/Program Files (x86)/Epic Games/4.14/Engine/Plugins/Online/OnlineSubsystem/OnlineSubsystem.uplugin
LogPluginManager: Loaded Plugin OnlineSubsystemAmazon, From C:/Program Files (x86)/Epic Games/4.14/Engine/Plugins/Online/OnlineSubsystemAmazon/OnlineSubsystemAmazon.uplugin
LogPluginManager: Loaded Plugin OnlineSubsystemFacebook, From C:/Program Files (x86)/Epic Games/4.14/Engine/Plugins/Online/OnlineSubsystemFacebook/OnlineSubsystemFacebook.uplugin
LogPluginManager: Loaded Plugin OnlineSubsystemNull, From C:/Program Files (x86)/Epic Games/4.14/Engine/Plugins/Online/OnlineSubsystemNull/OnlineSubsystemNull.uplugin
LogPluginManager: Loaded Plugin OnlineSubsystemOculus, From C:/Program Files (x86)/Epic Games/4.14/Engine/Plugins/Online/OnlineSubsystemOculus/OnlineSubsystemOculus.uplugin
LogPluginManager: Loaded Plugin OnlineSubsystemSteam, From C:/Program Files (x86)/Epic Games/4.14/Engine/Plugins/Online/OnlineSubsystemSteam/OnlineSubsystemSteam.uplugin
LogPluginManager: Loaded Plugin OnlineSubsystemUtils, From C:/Program Files (x86)/Epic Games/4.14/Engine/Plugins/Online/OnlineSubsystemUtils/OnlineSubsystemUtils.uplugin
LogPluginManager: Loaded Plugin IOSTapJoy, From C:/Program Files (x86)/Epic Games/4.14/Engine/Plugins/Runtime/Advertising/IOSTapJoy/IOSTapJoy.uplugin
LogPluginManager: Loaded Plugin AnalyticsBlueprintLibrary, From C:/Program Files (x86)/Epic Games/4.14/Engine/Plugins/Runtime/Analytics/AnalyticsBlueprintLibrary/AnalyticsBlueprintLibrary.uplugin
LogPluginManager: Loaded Plugin AnalyticsMulticast, From C:/Program Files (x86)/Epic Games/4.14/Engine/Plugins/Runtime/Analytics/AnalyticsMulticast/AnalyticsMulticast.uplugin
LogPluginManager: Loaded Plugin Apsalar, From C:/Program Files (x86)/Epic Games/4.14/Engine/Plugins/Runtime/Analytics/Apsalar/Apsalar.uplugin
LogPluginManager: Loaded Plugin FileLogging, From C:/Program Files (x86)/Epic Games/4.14/Engine/Plugins/Runtime/Analytics/FileLogging/FileLogging.uplugin
LogPluginManager: Loaded Plugin Flurry, From C:/Program Files (x86)/Epic Games/4.14/Engine/Plugins/Runtime/Analytics/Flurry/Flurry.uplugin
LogPluginManager: Loaded Plugin AndroidDeviceProfileSelector, From C:/Program Files (x86)/Epic Games/4.14/Engine/Plugins/Runtime/AndroidDeviceProfileSelector/AndroidDeviceProfileSelector.uplugin
LogPluginManager: Loaded Plugin AndroidMoviePlayer, From C:/Program Files (x86)/Epic Games/4.14/Engine/Plugins/Runtime/AndroidMoviePlayer/AndroidMoviePlayer.uplugin
LogPluginManager: Loaded Plugin AppleMoviePlayer, From C:/Program Files (x86)/Epic Games/4.14/Engine/Plugins/Runtime/AppleMoviePlayer/AppleMoviePlayer.uplugin
LogPluginManager: Loaded Plugin ArchVisCharacter, From C:/Program Files (x86)/Epic Games/4.14/Engine/Plugins/Runtime/ArchVisCharacter/ArchVisCharacter.uplugin
LogPluginManager: Loaded Plugin CableComponent, From C:/Program Files (x86)/Epic Games/4.14/Engine/Plugins/Runtime/CableComponent/CableComponent.uplugin
LogPluginManager: Loaded Plugin CustomMeshComponent, From C:/Program Files (x86)/Epic Games/4.14/Engine/Plugins/Runtime/CustomMeshComponent/CustomMeshComponent.uplugin
LogPluginManager: Loaded Plugin ExampleDeviceProfileSelector, From C:/Program Files (x86)/Epic Games/4.14/Engine/Plugins/Runtime/ExampleDeviceProfileSelector/ExampleDeviceProfileSelector.uplugin
LogPluginManager: Loaded Plugin GearVR, From C:/Program Files (x86)/Epic Games/4.14/Engine/Plugins/Runtime/GearVR/GearVR.uplugin
LogPluginManager: Loaded Plugin GoogleVRController, From C:/Program Files (x86)/Epic Games/4.14/Engine/Plugins/Runtime/GoogleVR/GoogleVRController/GoogleVRController.uplugin
LogPluginManager: Loaded Plugin GoogleVRHMD, From C:/Program Files (x86)/Epic Games/4.14/Engine/Plugins/Runtime/GoogleVR/GoogleVRHMD/GoogleVRHMD.uplugin
LogPluginManager: Loaded Plugin IOSDeviceProfileSelector, From C:/Program Files (x86)/Epic Games/4.14/Engine/Plugins/Runtime/IOSDeviceProfileSelector/IOSDeviceProfileSelector.uplugin
LogPluginManager: Loaded Plugin LeapMotion, From C:/Program Files (x86)/Epic Games/4.14/Engine/Plugins/Runtime/LeapMotion/LeapMotion.uplugin
LogPluginManager: Loaded Plugin LinuxDeviceProfileSelector, From C:/Program Files (x86)/Epic Games/4.14/Engine/Plugins/Runtime/LinuxDeviceProfileSelector/LinuxDeviceProfileSelector.uplugin
LogPluginManager: Loaded Plugin MIDIDevice, From C:/Program Files (x86)/Epic Games/4.14/Engine/Plugins/Runtime/MIDIDevice/MIDIDevice.uplugin
LogPluginManager: Loaded Plugin MobilePatchingUtils, From C:/Program Files (x86)/Epic Games/4.14/Engine/Plugins/Runtime/MobilePatchingUtils/MobilePatchingUtils.uplugin
LogPluginManager: Loaded Plugin Ansel, From C:/Program Files (x86)/Epic Games/4.14/Engine/Plugins/Runtime/Nvidia/Ansel/Ansel.uplugin
LogPluginManager: Loaded Plugin OculusAudio, From C:/Program Files (x86)/Epic Games/4.14/Engine/Plugins/Runtime/OculusAudio/OculusAudio.uplugin
LogPluginManager: Loaded Plugin OculusInput, From C:/Program Files (x86)/Epic Games/4.14/Engine/Plugins/Runtime/OculusInput/OculusInput.uplugin
LogPluginManager: Loaded Plugin OculusLibrary, From C:/Program Files (x86)/Epic Games/4.14/Engine/Plugins/Runtime/OculusLibrary/OculusLibrary.uplugin
LogPluginManager: Loaded Plugin OculusRift, From C:/Program Files (x86)/Epic Games/4.14/Engine/Plugins/Runtime/OculusRift/OculusRift.uplugin
LogPluginManager: Loaded Plugin Oodle, From C:/Program Files (x86)/Epic Games/4.14/Engine/Plugins/Runtime/PacketHandlers/CompressionComponents/Oodle/Oodle.uplugin
LogPluginManager: Loaded Plugin ProceduralMeshComponent, From C:/Program Files (x86)/Epic Games/4.14/Engine/Plugins/Runtime/ProceduralMeshComponent/ProceduralMeshComponent.uplugin
LogPluginManager: Loaded Plugin SoundMod, From C:/Program Files (x86)/Epic Games/4.14/Engine/Plugins/Runtime/SoundMod/SoundMod.uplugin
LogPluginManager: Loaded Plugin SoundVisualizations, From C:/Program Files (x86)/Epic Games/4.14/Engine/Plugins/Runtime/SoundVisualizations/SoundVisualizations.uplugin
LogPluginManager: Loaded Plugin SteamController, From C:/Program Files (x86)/Epic Games/4.14/Engine/Plugins/Runtime/Steam/SteamController/SteamController.uplugin
LogPluginManager: Loaded Plugin SteamVR, From C:/Program Files (x86)/Epic Games/4.14/Engine/Plugins/Runtime/Steam/SteamVR/SteamVR.uplugin
LogPluginManager: Loaded Plugin WebBrowserWidget, From C:/Program Files (x86)/Epic Games/4.14/Engine/Plugins/Runtime/WebBrowserWidget/WebBrowserWidget.uplugin
LogPluginManager: Loaded Plugin WindowsDeviceProfileSelector, From C:/Program Files (x86)/Epic Games/4.14/Engine/Plugins/Runtime/WindowsDeviceProfileSelector/WindowsDeviceProfileSelector.uplugin
LogPluginManager: Loaded Plugin WindowsMoviePlayer, From C:/Program Files (x86)/Epic Games/4.14/Engine/Plugins/Runtime/WindowsMoviePlayer/WindowsMoviePlayer.uplugin
LogPluginManager: Loaded Plugin ScriptPlugin, From C:/Program Files (x86)/Epic Games/4.14/Engine/Plugins/ScriptPlugin/ScriptPlugin.uplugin
LogPluginManager: Loaded Plugin SlateRemote, From C:/Program Files (x86)/Epic Games/4.14/Engine/Plugins/Slate/SlateRemote/SlateRemote.uplugin
LogPluginManager: Loaded Plugin EditorTests, From C:/Program Files (x86)/Epic Games/4.14/Engine/Plugins/Tests/EditorTests/EditorTests.uplugin
LogPluginManager: Loaded Plugin FbxAutomationTestBuilder, From C:/Program Files (x86)/Epic Games/4.14/Engine/Plugins/Tests/FbxAutomationTestBuilder/FbxAutomationTestBuilder.uplugin
LogPluginManager: Loaded Plugin FunctionalTestingEditor, From C:/Program Files (x86)/Epic Games/4.14/Engine/Plugins/Tests/FunctionalTestingEditor/FunctionalTestingEditor.uplugin
LogPluginManager: Loaded Plugin RuntimeTests, From C:/Program Files (x86)/Epic Games/4.14/Engine/Plugins/Tests/RuntimeTests/RuntimeTests.uplugin
LogPluginManager: Loaded Plugin ScreenshotTools, From C:/Program Files (x86)/Epic Games/4.14/Engine/Plugins/Tests/ScreenshotTools/ScreenshotTools.uplugin
LogInit: Using libcurl 7.47.1
LogInit:  - built for x86_64-pc-win32
LogInit:  - supports SSL with OpenSSL/1.0.2g
LogInit:  - supports HTTP deflate (compression) using libz 1.2.8
LogInit:  - other features:
LogInit:      CURL_VERSION_SSL
LogInit:      CURL_VERSION_LIBZ
LogInit:      CURL_VERSION_IPV6
LogInit:      CURL_VERSION_ASYNCHDNS
LogInit:      CURL_VERSION_LARGEFILE
LogInit:      CURL_VERSION_IDN
LogInit:  CurlRequestOptions (configurable via config and command line):
LogInit:  - bVerifyPeer = false  - Libcurl will NOT verify peer certificate
LogInit:  - bUseHttpProxy = false  - Libcurl will NOT use HTTP proxy
LogInit:  - bDontReuseConnections = false  - Libcurl will reuse connections
LogInit:  - CertBundlePath = nullptr  - Libcurl will use whatever was configured at build time.
LogInit: Build: ++UE4+Release-4.14-CL-3249277
LogInit: Engine Version: 4.14.3-3249277+++UE4+Release-4.14
LogInit: Compatible Engine Version: 4.14.0-3195953+++UE4+Release-4.14
LogInit: Net CL: 3195953
LogDevObjectVersion: Number of dev versions registered: 13
LogDevObjectVersion:   Dev-Blueprints (B0D832E4-1F89-4F0D-ACCF-7EB736FD4AA2): 7
LogDevObjectVersion:   Dev-Build (E1C64328-A22C-4D53-A36C-8E866417BD8C): 0
LogDevObjectVersion:   Dev-Core (375EC13C-06E4-48FB-B500-84F0262A717E): 1
LogDevObjectVersion:   Dev-Editor (E4B068ED-F494-42E9-A231-DA0B2E46BB41): 8
LogDevObjectVersion:   Dev-Framework (CFFC743F-43B0-4480-9391-14DF171D2073): 17
LogDevObjectVersion:   Dev-Mobile (B02B49B5-BB20-44E9-A304-32B752E40360): 0
LogDevObjectVersion:   Dev-Networking (A4E4105C-59A1-49B5-A7C5-40C4547EDFEE): 0
LogDevObjectVersion:   Dev-Online (39C831C9-5AE6-47DC-9A44-9C173E1C8E7C): 0
LogDevObjectVersion:   Dev-Physics (78F01B33-EBEA-4F98-B9B4-84EACCB95AA2): 0
LogDevObjectVersion:   Dev-Platform (6631380F-2D4D-43E0-8009-CF276956A95A): 0
LogDevObjectVersion:   Dev-Rendering (12F88B9F-8875-4AFC-A67C-D90C383ABD29): 12
LogDevObjectVersion:   Dev-Sequencer (7B5AE74C-D270-4C10-A958-57980B212A5A): 1
LogDevObjectVersion:   Dev-VR (D7296918-1DD6-4BDD-9DE2-64A83CC13884): 0
LogInit: Compiled (64-bit): Jan  6 2017 10:49:43
LogInit: Compiled with Visual C++: 19.00.23026.00
LogInit: Build Configuration: Development
LogInit: Branch Name: ++UE4+Release-4.14
LogInit: Command line:  
LogInit: Base directory: C:/Program Files (x86)/Epic Games/4.14/Engine/Binaries/Win64/
LogInit: Installed Engine Build: 1
LogInit: Presizing for max 8388607 objects, including 0 objects not considered by GC, pre-allocating 0 bytes for permanent pool.
LogInit: Object subsystem initialized
[2017.07.11-13.17.10:402][  0]LogInit: Selected Device Profile: [Windows]
[2017.07.11-13.17.10:402][  0]LogInit: Applying CVar settings loaded from the selected device profile: [Windows]
[2017.07.11-13.17.10:415][  0]LogInit: Computer: IGMOH1380-24
[2017.07.11-13.17.10:415][  0]LogInit: User: IGMAdmin
[2017.07.11-13.17.10:415][  0]LogInit: CPU Page size=65536, Cores=2
[2017.07.11-13.17.10:415][  0]LogInit: High frequency timer resolution =3.328126 MHz
[2017.07.11-13.17.10:415][  0]LogMemory: Memory total: Physical=15.9GB (16GB approx)
[2017.07.11-13.17.10:415][  0]LogMemory: Platform Memory Stats for Windows
[2017.07.11-13.17.10:415][  0]LogMemory: Process Physical Memory: 263.55 MB used, 263.55 MB peak
[2017.07.11-13.17.10:415][  0]LogMemory: Process Virtual Memory: 262.48 MB used, 262.48 MB peak
[2017.07.11-13.17.10:415][  0]LogMemory: Physical Memory: 4158.17 MB used,  12167.64 MB free, 16325.81 MB total
[2017.07.11-13.17.10:415][  0]LogMemory: Virtual Memory: 674.54 MB used,  12167.64 MB free, 134217728.00 MB total
[2017.07.11-13.17.10:440][  0]LogTextLocalizationManager: No specific translations for ('en-US') exist, so ('en') translations will be used.
[2017.07.11-13.17.10:981][  0]LogD3D11RHI: D3D11 adapters:
[2017.07.11-13.17.11:007][  0]LogD3D11RHI:    0. 'NVIDIA GeForce GTX 1070' (Feature Level 11_0)
[2017.07.11-13.17.11:007][  0]LogD3D11RHI:       8145/0/8162 MB DedicatedVideo/DedicatedSystem/SharedSystem, Outputs:2, VendorId:0x10de
[2017.07.11-13.17.11:008][  0]LogD3D11RHI:    1. 'Microsoft Basic Render Driver' (Feature Level 11_0)
[2017.07.11-13.17.11:008][  0]LogD3D11RHI:       0/0/8162 MB DedicatedVideo/DedicatedSystem/SharedSystem, Outputs:0, VendorId:0x1414
[2017.07.11-13.17.11:008][  0]LogD3D11RHI: Chosen D3D11 Adapter: 0
[2017.07.11-13.17.11:012][  0]LogD3D11RHI: Creating new Direct3DDevice
[2017.07.11-13.17.11:012][  0]LogD3D11RHI:     GPU DeviceId: 0x1b81 (for the marketing name, search the web for "GPU Device Id")
[2017.07.11-13.17.11:012][  0]LogWindows: EnumDisplayDevices:
[2017.07.11-13.17.11:012][  0]LogWindows:    0. 'NVIDIA GeForce GTX 1070' (P:1 D:1)
[2017.07.11-13.17.11:012][  0]LogWindows:    1. 'NVIDIA GeForce GTX 1070' (P:0 D:1)
[2017.07.11-13.17.11:012][  0]LogWindows:    2. 'NVIDIA GeForce GTX 1070' (P:0 D:0)
[2017.07.11-13.17.11:012][  0]LogWindows:    3. 'NVIDIA GeForce GTX 1070' (P:0 D:0)
[2017.07.11-13.17.11:012][  0]LogWindows: DebugString: FoundDriverCount:4 
[2017.07.11-13.17.11:012][  0]LogD3D11RHI:     Adapter Name: NVIDIA GeForce GTX 1070
[2017.07.11-13.17.11:012][  0]LogD3D11RHI:   Driver Version: 376.33 (internal:21.21.13.7633, unified:376.33)
[2017.07.11-13.17.11:012][  0]LogD3D11RHI:      Driver Date: 12-11-2016
[2017.07.11-13.17.11:012][  0]LogRHI: Texture pool is 1361 MB (70% of 1945 MB)
[2017.07.11-13.17.11:029][  0]LogD3D11RHI: Async texture creation enabled
[2017.07.11-13.17.11:039][  0]LogD3D11RHI: GPU Timing Frequency: 1000.000000 (Debug: 2 1)
[2017.07.11-13.17.11:039][  0]LogShaderCompilers: Guid format shader working directory is 34 characters bigger than the processId version (D:/KOC/FPS_Day1/Intermediate/Shaders/WorkingDirectory/3672/).
[2017.07.11-13.17.11:039][  0]LogShaderCompilers: Cleaned the shader compiler working directory 'C:/Users/IGMAdmin/AppData/Local/Temp/UnrealShaderWorkingDir/363882624F7F326F2016CDA952DAAA91/'.
[2017.07.11-13.17.11:039][  0]LogShaderCompilers:Display: Using Local Shader Compiler.
[2017.07.11-13.17.11:960][  0]LogTemp:Display: Loaded TP AllDesktopTargetPlatform
[2017.07.11-13.17.12:007][  0]LogTemp:Display: Loaded TP MacClientTargetPlatform
[2017.07.11-13.17.12:054][  0]LogTemp:Display: Loaded TP MacNoEditorTargetPlatform
[2017.07.11-13.17.12:102][  0]LogTemp:Display: Loaded TP MacServerTargetPlatform
[2017.07.11-13.17.12:149][  0]LogTemp:Display: Loaded TP MacTargetPlatform
[2017.07.11-13.17.12:197][  0]LogTemp:Display: Loaded TP WindowsClientTargetPlatform
[2017.07.11-13.17.12:244][  0]LogTemp:Display: Loaded TP WindowsNoEditorTargetPlatform
[2017.07.11-13.17.12:292][  0]LogTemp:Display: Loaded TP WindowsServerTargetPlatform
[2017.07.11-13.17.12:335][  0]LogTemp:Display: Loaded TP WindowsTargetPlatform
[2017.07.11-13.17.12:385][  0]LogTemp:Display: Loaded TP AndroidTargetPlatform
[2017.07.11-13.17.12:435][  0]LogTemp:Display: Loaded TP Android_ASTCTargetPlatform
[2017.07.11-13.17.12:481][  0]LogTemp:Display: Loaded TP Android_ATCTargetPlatform
[2017.07.11-13.17.12:526][  0]LogTemp:Display: Loaded TP Android_DXTTargetPlatform
[2017.07.11-13.17.12:573][  0]LogTemp:Display: Loaded TP Android_ETC1TargetPlatform
[2017.07.11-13.17.12:620][  0]LogTemp:Display: Loaded TP Android_ETC2TargetPlatform
[2017.07.11-13.17.12:713][  0]LogTemp:Display: Loaded TP Android_MultiTargetPlatform
[2017.07.11-13.17.12:713][  0]LogTemp:Display: Loaded TP Android_PVRTCTargetPlatform
[2017.07.11-13.17.12:746][  0]LogTemp:Display: Loaded TP HTML5TargetPlatform
[2017.07.11-13.17.12:821][  0]LogTemp:Display: Loaded TP IOSTargetPlatform
[2017.07.11-13.17.12:850][  0]LogTemp:Display: Loaded TP TVOSTargetPlatform
[2017.07.11-13.17.12:896][  0]LogTemp:Display: Loaded TP LinuxClientTargetPlatform
[2017.07.11-13.17.12:942][  0]LogTemp:Display: Loaded TP LinuxNoEditorTargetPlatform
[2017.07.11-13.17.12:989][  0]LogTemp:Display: Loaded TP LinuxServerTargetPlatform
[2017.07.11-13.17.13:034][  0]LogTemp:Display: Loaded TP LinuxTargetPlatform
[2017.07.11-13.17.13:034][  0]LogTargetPlatformManager:Display: Building Assets For Windows
[2017.07.11-13.17.13:370][  0]LogDerivedDataCache:Display: Max Cache Size: 512 MB
[2017.07.11-13.17.13:414][  0]LogDerivedDataCache: Loaded boot cache 0.04s 50MB C:/Users/IGMAdmin/AppData/Local/UnrealEngine/4.14/DerivedDataCache/Boot.ddc.
[2017.07.11-13.17.13:414][  0]LogDerivedDataCache:Display: Loaded Boot cache: C:/Users/IGMAdmin/AppData/Local/UnrealEngine/4.14/DerivedDataCache/Boot.ddc
[2017.07.11-13.17.13:414][  0]LogDerivedDataCache: FDerivedDataBackendGraph:  Pak pak cache file D:/KOC/FPS_Day1/DerivedDataCache/DDC.ddp not found, will not use a pak cache.
[2017.07.11-13.17.13:414][  0]LogDerivedDataCache: Unable to find inner node Pak for hierarchical cache Hierarchy.
[2017.07.11-13.17.13:414][  0]LogDerivedDataCache: FDerivedDataBackendGraph:  CompressedPak pak cache file D:/KOC/FPS_Day1/DerivedDataCache/Compressed.ddp not found, will not use a pak cache.
[2017.07.11-13.17.13:414][  0]LogDerivedDataCache: Unable to find inner node CompressedPak for hierarchical cache Hierarchy.
[2017.07.11-13.17.13:429][  0]LogDerivedDataCache:Display: Pak cache opened for reading ../../../Engine/DerivedDataCache/Compressed.ddp.
[2017.07.11-13.17.13:441][  0]LogDerivedDataCache: Using Local data cache path C:/Users/IGMAdmin/AppData/Local/UnrealEngine/Common/DerivedDataCache: Writable
[2017.07.11-13.17.13:611][  0]LogInit: Selected Device Profile: [Windows]
[2017.07.11-13.17.13:615][  0]LogContentStreaming: Texture pool size is 0.00 MB
[2017.07.11-13.17.13:789][  0]LogMeshUtilities: Using QuadricMeshReduction for automatic static mesh reduction
[2017.07.11-13.17.13:826][  0]LogSimplygon: Simplygon DLL not present - disabling.
[2017.07.11-13.17.13:866][  0]LogMeshUtilities: Using SimplygonSwarm for distributed automatic mesh merging
[2017.07.11-13.17.13:866][  0]LogMeshUtilities: No automatic skeletal mesh reduction module available
[2017.07.11-13.17.13:866][  0]LogMeshUtilities: No automatic mesh merging module available
[2017.07.11-13.17.14:279][  0]LogNetVersion: GetLocalNetworkVersion: CL: 3195953, ProjectName: fps_day1, ProjectVersion: , EngineNetworkVersion: 2, GameNetworkVersion: 0, NetworkChecksum: 4114353822
[2017.07.11-13.17.14:331][  0]LogAssetRegistry: FAssetRegistry took 0.0217 seconds to start up
[2017.07.11-13.17.14:379][  0]LogPackageLocalizationCache: Processed 3 localized package path(s) for 2 prioritized culture(s) in 0.024993 seconds
[2017.07.11-13.17.14:385][  0]LogUObjectArray: 31946 objects as part of root set at end of initial load.
[2017.07.11-13.17.14:385][  0]LogUObjectAllocator: 6935848 out of 0 bytes used by permanent object pool.
[2017.07.11-13.17.14:385][  0]LogUObjectArray: CloseDisregardForGC: 0/0 objects in disregard for GC pool
[2017.07.11-13.17.14:447][  0]LogInit: WinSock: version 1.1 (2.2), MaxSocks=32767, MaxUdp=65467
[2017.07.11-13.17.15:071][  0]LogSlate: Using Freetype 2.6.0
[2017.07.11-13.17.15:071][  0]LogSlate: SlateFontCache - WITH_FREETYPE: 1, WITH_HARFBUZZ: 1
[2017.07.11-13.17.15:071][  0]LogSlate: SlateFontCache - WITH_FREETYPE: 1, WITH_HARFBUZZ: 1
[2017.07.11-13.17.15:739][  0]LogTcpMessaging: Initializing TcpMessaging bridge
[2017.07.11-13.17.15:773][  0]LogUdpMessaging: Initializing bridge on interface 0.0.0.0:0 to multicast group 230.0.0.1:6666.
[2017.07.11-13.17.16:037][  0]LogMaterial: Uniform references updated for custom material expression Custom.
[2017.07.11-13.17.16:365][  0]SourceControl: Info Source control is disabled
[2017.07.11-13.17.16:402][  0]SourceControl: Info Source control is disabled
[2017.07.11-13.17.16:442][  0]SourceControl: Info Source control is disabled
[2017.07.11-13.17.16:480][  0]SourceControl: Info Source control is disabled
[2017.07.11-13.17.17:559][  0]LogEngine: Initializing Engine...
[2017.07.11-13.17.17:559][  0]LogHMD: Failed to initialize OpenVR with code 110
[2017.07.11-13.17.17:768][  0]LogAIModule: Creating AISystem for world Untitled
[2017.07.11-13.17.17:784][  0]LogInit: XAudio2 using 'Alienware2210-C (NVIDIA High Definition Audio)' : 2 channels at 48 kHz using 16 bits per sample (channel mask 0x3)
[2017.07.11-13.17.17:801][  0]LogInit: FAudioDevice initialized.
[2017.07.11-13.17.17:822][  0]LogDerivedDataCache: Saved boot cache 0.02s 50MB C:/Users/IGMAdmin/AppData/Local/UnrealEngine/4.14/DerivedDataCache/Boot.ddc.
[2017.07.11-13.17.17:828][  0]LogInit: Texture streaming: Enabled
[2017.07.11-13.17.17:983][  0]LogInit: Transaction tracking system initialized
[2017.07.11-13.17.18:279][  0]BlueprintLog: New page: Editor Load
[2017.07.11-13.17.19:043][  0]LocalizationService: Info Localization service is disabled
[2017.07.11-13.17.19:694][  0]LogConsoleResponse:Display: 
[2017.07.11-13.17.19:842][  0]LogCook:Display: Max memory allowance for cook 16384mb min free memory 0mb
[2017.07.11-13.17.19:842][  0]LogCook:Display: Mobile HDR setting 1
[2017.07.11-13.17.20:024][  0]LogFileCache: Scanning file cache for directory 'D:/KOC/FPS_Day1/Content/' took 0.02s
[2017.07.11-13.17.20:654][  0]SourceControl: Info Source control is disabled
[2017.07.11-13.17.20:654][  0]Cmd: MAP LOAD FILE="D:/KOC/FPS_Day1/Content/FirstPersonBP/Maps/FirstPersonExampleMap.umap" TEMPLATE=0 SHOWPROGRESS=1 FEATURELEVEL=3
[2017.07.11-13.17.20:655][  0]LightingResults: New page: Lighting Build
[2017.07.11-13.17.20:692][  0]MapCheck: New page: Map Check
[2017.07.11-13.17.20:692][  0]LightingResults: New page: Lighting Build
[2017.07.11-13.17.21:556][  0]LogAIModule: Creating AISystem for world FirstPersonExampleMap
[2017.07.11-13.17.21:569][  0]LogEditorServer: Finished looking for orphan Actors (0.000 secs)
[2017.07.11-13.17.21:570][  0]Cmd: MAP CHECKDEP NOCLEARLOG
[2017.07.11-13.17.21:609][  0]MapCheck: Info Map check complete: 0 Error(s), 0 Warning(s), took 39.06ms to complete.
[2017.07.11-13.17.21:609][  0]LogFileHelpers: Loading map 'FirstPersonExampleMap' took 0.954
[2017.07.11-13.17.21:672][  0]LogWindowsTextInputMethodSystem:Display: IME system now deactivated.
[2017.07.11-13.17.21:741][  0]LogCollectionManager: Loaded 0 collections in 0.001250 seconds
[2017.07.11-13.17.21:803][  0]LogFileCache: Scanning file cache for directory 'D:/KOC/FPS_Day1/Saved/Collections/' took 0.01s
[2017.07.11-13.17.21:803][  0]LogFileCache: Scanning file cache for directory 'D:/KOC/FPS_Day1/Content/Developers/IGMAdmin/Collections/' took 0.01s
[2017.07.11-13.17.21:803][  0]LogFileCache: Scanning file cache for directory 'D:/KOC/FPS_Day1/Content/Collections/' took 0.00s
[2017.07.11-13.17.21:803][  0]LogCollectionManager: Rebuilt the GUID cache for 0 collections in 0.000002 seconds
[2017.07.11-13.17.21:811][  0]LogContentBrowser: Native class hierarchy populated in 0.0076 seconds. Added 2190 classes and 428 folders.
[2017.07.11-13.17.21:847][  0]LogStats: UGameplayTagsManager::ConstructGameplayTagTree: Construct from data asset -  0.000 s
[2017.07.11-13.17.21:847][  0]LogStats: UGameplayTagsManager::ConstructGameplayTagTree: GameplayTagTreeChangedEvent.Broadcast -  0.000 s
[2017.07.11-13.17.21:847][  0]LogContentBrowser: Native class hierarchy updated for 'GameplayTags' in 0.0004 seconds. Added 13 classes and 0 folders.
[2017.07.11-13.17.21:900][  0]LogContentBrowser: Native class hierarchy updated for 'WidgetCarousel' in 0.0004 seconds. Added 0 classes and 0 folders.
[2017.07.11-13.17.21:932][  0]LogContentBrowser: Native class hierarchy updated for 'AddContentDialog' in 0.0004 seconds. Added 0 classes and 0 folders.
[2017.07.11-13.17.21:969][  0]LogContentBrowser: Native class hierarchy updated for 'SceneOutliner' in 0.0004 seconds. Added 1 classes and 2 folders.
[2017.07.11-13.17.22:004][  0]LogCrashTracker: Crashtracker disabled due to settings.
[2017.07.11-13.17.22:008][  0]LogUObjectGlobals:Warning: Failed to find object 'Class None.'
[2017.07.11-13.17.22:072][  0]LogContentBrowser: Native class hierarchy updated for 'HierarchicalLODOutliner' in 0.0004 seconds. Added 1 classes and 2 folders.
[2017.07.11-13.17.22:072][  0]LogLoad: (Engine Initialization) Total time: 12.80 seconds
[2017.07.11-13.17.22:072][  0]LogLoad: (Engine Initialization) Total Blueprint compile time: 0.16 seconds
[2017.07.11-13.17.22:072][  0]LogExternalProfiler: Found external profiler: VSPerf
[2017.07.11-13.17.22:072][  0]LogExternalProfiler: Using external profiler: VSPerf
[2017.07.11-13.17.22:081][  0]LogOcInput: OculusInput pre-init called
[2017.07.11-13.17.22:098][  0]LogContentStreaming: Texture pool size now 1000 MB
[2017.07.11-13.17.22:220][  0]LogRenderer: Reallocating scene render targets to support 1208x576 NumSamples 1 (Frame:2).
[2017.07.11-13.17.22:292][  1]LogAssetRegistry: Asset discovery search completed in 7.9828 seconds
[2017.07.11-13.17.22:292][  1]LogCollectionManager: Rebuilt the object cache for 0 collections in 0.000001 seconds (found 0 objects)
[2017.07.11-13.17.22:292][  1]LogCollectionManager: Fixed up redirectors for 0 collections in 0.000019 seconds (updated 0 objects)
[2017.07.11-13.17.26:126][449]LogTemp: Repeting last play command: Selected Viewport
[2017.07.11-13.17.26:135][449]LogBlueprintUserMessages: Early PlayInEditor Detection: Level '/Game/FirstPersonBP/Maps/FirstPersonExampleMap.FirstPersonExampleMap:PersistentLevel' has LevelScriptBlueprint '/Game/FirstPersonBP/Maps/FirstPersonExampleMap.FirstPersonExampleMap:PersistentLevel.FirstPersonExampleMap' with GeneratedClass '/Game/FirstPersonBP/Maps/FirstPersonExampleMap.FirstPersonExampleMap_C' with ClassGeneratedBy '/Game/FirstPersonBP/Maps/FirstPersonExampleMap.FirstPersonExampleMap:PersistentLevel.FirstPersonExampleMap'
[2017.07.11-13.17.26:135][449]LogPlayLevel: PlayLevel: No blueprints needed recompiling
[2017.07.11-13.17.26:135][449]PIE: New page: PIE session: FirstPersonExampleMap (Jul 11, 2017, 5:17:26 AM)
[2017.07.11-13.17.26:135][449]LogPlayLevel: Creating play world package: /Game/FirstPersonBP/Maps/UEDPIE_0_FirstPersonExampleMap
[2017.07.11-13.17.26:160][449]LogPlayLevel: PIE: StaticDuplicateObject took: (0.024725s)
[2017.07.11-13.17.26:161][449]LogAIModule: Creating AISystem for world FirstPersonExampleMap
[2017.07.11-13.17.26:161][449]LogPlayLevel: PIE: World Init took: (0.001024s)
[2017.07.11-13.17.26:161][449]LogPlayLevel: PIE: Created PIE world by copying editor world from /Game/FirstPersonBP/Maps/FirstPersonExampleMap.FirstPersonExampleMap to /Game/FirstPersonBP/Maps/UEDPIE_0_FirstPersonExampleMap.FirstPersonExampleMap (0.026007s)
[2017.07.11-13.17.26:190][449]LogInit: XAudio2 using 'Alienware2210-C (NVIDIA High Definition Audio)' : 2 channels at 48 kHz using 16 bits per sample (channel mask 0x3)
[2017.07.11-13.17.26:194][449]LogInit: FAudioDevice initialized.
[2017.07.11-13.17.26:238][449]LogLoad: Game class is 'FirstPersonGameMode_C'
[2017.07.11-13.17.26:240][449]LogWorld: Bringing World /Game/FirstPersonBP/Maps/UEDPIE_0_FirstPersonExampleMap.FirstPersonExampleMap up for play (max tick rate 0) at 2017.07.11-09.17.26
[2017.07.11-13.17.26:242][449]LogWorld: Bringing up level for play took: 0.003375
[2017.07.11-13.17.26:279][449]LogContentBrowser: Native class hierarchy updated for 'MovieSceneCapture' in 0.0005 seconds. Added 11 classes and 0 folders.
[2017.07.11-13.17.26:280][449]PIE: Info Play in editor start time for /Game/FirstPersonBP/Maps/UEDPIE_0_FirstPersonExampleMap -0.375
[2017.07.11-13.17.26:280][449]LogBlueprintUserMessages: Late PlayInEditor Detection: Level '/Game/FirstPersonBP/Maps/FirstPersonExampleMap.FirstPersonExampleMap:PersistentLevel' has LevelScriptBlueprint '/Game/FirstPersonBP/Maps/FirstPersonExampleMap.FirstPersonExampleMap:PersistentLevel.FirstPersonExampleMap' with GeneratedClass '/Game/FirstPersonBP/Maps/FirstPersonExampleMap.FirstPersonExampleMap_C' with ClassGeneratedBy '/Game/FirstPersonBP/Maps/FirstPersonExampleMap.FirstPersonExampleMap:PersistentLevel.FirstPersonExampleMap'
[2017.07.11-13.17.51:751][497]LogBlueprintUserMessages: Early EndPlayMap Detection: Level '/Game/FirstPersonBP/Maps/FirstPersonExampleMap.FirstPersonExampleMap:PersistentLevel' has LevelScriptBlueprint '/Game/FirstPersonBP/Maps/FirstPersonExampleMap.FirstPersonExampleMap:PersistentLevel.FirstPersonExampleMap' with GeneratedClass '/Game/FirstPersonBP/Maps/FirstPersonExampleMap.FirstPersonExampleMap_C' with ClassGeneratedBy '/Game/FirstPersonBP/Maps/FirstPersonExampleMap.FirstPersonExampleMap:PersistentLevel.FirstPersonExampleMap'
[2017.07.11-13.17.51:784][497]LogBlueprintUserMessages: Late EndPlayMap Detection: Level '/Game/FirstPersonBP/Maps/FirstPersonExampleMap.FirstPersonExampleMap:PersistentLevel' has LevelScriptBlueprint '/Game/FirstPersonBP/Maps/FirstPersonExampleMap.FirstPersonExampleMap:PersistentLevel.FirstPersonExampleMap' with GeneratedClass '/Game/FirstPersonBP/Maps/FirstPersonExampleMap.FirstPersonExampleMap_C' with ClassGeneratedBy '/Game/FirstPersonBP/Maps/FirstPersonExampleMap.FirstPersonExampleMap:PersistentLevel.FirstPersonExampleMap'
[2017.07.11-13.17.56:701][ 36]LogContentBrowser: Native class hierarchy updated for 'BlueprintGraph' in 0.0007 seconds. Added 111 classes and 0 folders.
[2017.07.11-13.19.11:190][216]Cmd: OBJ SAVEPACKAGE PACKAGE="/Game/FirstPersonBP/Blueprints/FirstPersonProjectile" FILE="D:/KOC/FPS_Day1/Content/FirstPersonBP/Blueprints/FirstPersonProjectile.uasset" SILENT=true
[2017.07.11-13.19.11:224][216]LogSavePackage: Save=27.27ms
[2017.07.11-13.19.11:225][216]LogSavePackage: Moving 'D:/KOC/FPS_Day1/Saved/FirstPersonProjectile5D5FEC53469D35B4FBD6D6867033BF31.tmp' to 'D:/KOC/FPS_Day1/Content/FirstPersonBP/Blueprints/FirstPersonProjectile.uasset'
[2017.07.11-13.19.11:228][216]LogSavePackage:Display: Finished SavePackage D:/KOC/FPS_Day1/Content/FirstPersonBP/Blueprints/FirstPersonProjectile.uasset
[2017.07.11-13.19.12:163][319]BlueprintLog: New page: Compile FirstPersonProjectile
[2017.07.11-13.19.16:031][749]LogTemp: Repeting last play command: Selected Viewport
[2017.07.11-13.19.16:045][749]LogBlueprintUserMessages: Early PlayInEditor Detection: Level '/Game/FirstPersonBP/Maps/FirstPersonExampleMap.FirstPersonExampleMap:PersistentLevel' has LevelScriptBlueprint '/Game/FirstPersonBP/Maps/FirstPersonExampleMap.FirstPersonExampleMap:PersistentLevel.FirstPersonExampleMap' with GeneratedClass '/Game/FirstPersonBP/Maps/FirstPersonExampleMap.FirstPersonExampleMap_C' with ClassGeneratedBy '/Game/FirstPersonBP/Maps/FirstPersonExampleMap.FirstPersonExampleMap:PersistentLevel.FirstPersonExampleMap'
[2017.07.11-13.19.16:045][749]LogPlayLevel: PlayLevel: No blueprints needed recompiling
[2017.07.11-13.19.16:045][749]PIE: New page: PIE session: FirstPersonExampleMap (Jul 11, 2017, 5:19:16 AM)
[2017.07.11-13.19.16:045][749]LogPlayLevel: Creating play world package: /Game/FirstPersonBP/Maps/UEDPIE_0_FirstPersonExampleMap
[2017.07.11-13.19.16:064][749]LogPlayLevel: PIE: StaticDuplicateObject took: (0.019396s)
[2017.07.11-13.19.16:065][749]LogAIModule: Creating AISystem for world FirstPersonExampleMap
[2017.07.11-13.19.16:065][749]LogPlayLevel: PIE: World Init took: (0.000670s)
[2017.07.11-13.19.16:065][749]LogPlayLevel: PIE: Created PIE world by copying editor world from /Game/FirstPersonBP/Maps/FirstPersonExampleMap.FirstPersonExampleMap to /Game/FirstPersonBP/Maps/UEDPIE_0_FirstPersonExampleMap.FirstPersonExampleMap (0.020376s)
[2017.07.11-13.19.16:099][749]LogInit: XAudio2 using 'Alienware2210-C (NVIDIA High Definition Audio)' : 2 channels at 48 kHz using 16 bits per sample (channel mask 0x3)
[2017.07.11-13.19.16:104][749]LogInit: FAudioDevice initialized.
[2017.07.11-13.19.16:136][749]LogLoad: Game class is 'FirstPersonGameMode_C'
[2017.07.11-13.19.16:138][749]LogWorld: Bringing World /Game/FirstPersonBP/Maps/UEDPIE_0_FirstPersonExampleMap.FirstPersonExampleMap up for play (max tick rate 0) at 2017.07.11-09.19.16
[2017.07.11-13.19.16:138][749]LogWorld: Bringing up level for play took: 0.001787
[2017.07.11-13.19.16:139][749]PIE: Info Play in editor start time for /Game/FirstPersonBP/Maps/UEDPIE_0_FirstPersonExampleMap -0.514
[2017.07.11-13.19.16:139][749]LogBlueprintUserMessages: Late PlayInEditor Detection: Level '/Game/FirstPersonBP/Maps/FirstPersonExampleMap.FirstPersonExampleMap:PersistentLevel' has LevelScriptBlueprint '/Game/FirstPersonBP/Maps/FirstPersonExampleMap.FirstPersonExampleMap:PersistentLevel.FirstPersonExampleMap' with GeneratedClass '/Game/FirstPersonBP/Maps/FirstPersonExampleMap.FirstPersonExampleMap_C' with ClassGeneratedBy '/Game/FirstPersonBP/Maps/FirstPersonExampleMap.FirstPersonExampleMap:PersistentLevel.FirstPersonExampleMap'
[2017.07.11-13.19.36:790][223]LogBlueprintUserMessages: Early EndPlayMap Detection: Level '/Game/FirstPersonBP/Maps/FirstPersonExampleMap.FirstPersonExampleMap:PersistentLevel' has LevelScriptBlueprint '/Game/FirstPersonBP/Maps/FirstPersonExampleMap.FirstPersonExampleMap:PersistentLevel.FirstPersonExampleMap' with GeneratedClass '/Game/FirstPersonBP/Maps/FirstPersonExampleMap.FirstPersonExampleMap_C' with ClassGeneratedBy '/Game/FirstPersonBP/Maps/FirstPersonExampleMap.FirstPersonExampleMap:PersistentLevel.FirstPersonExampleMap'
[2017.07.11-13.19.36:821][223]LogBlueprintUserMessages: Late EndPlayMap Detection: Level '/Game/FirstPersonBP/Maps/FirstPersonExampleMap.FirstPersonExampleMap:PersistentLevel' has LevelScriptBlueprint '/Game/FirstPersonBP/Maps/FirstPersonExampleMap.FirstPersonExampleMap:PersistentLevel.FirstPersonExampleMap' with GeneratedClass '/Game/FirstPersonBP/Maps/FirstPersonExampleMap.FirstPersonExampleMap_C' with ClassGeneratedBy '/Game/FirstPersonBP/Maps/FirstPersonExampleMap.FirstPersonExampleMap:PersistentLevel.FirstPersonExampleMap'
[2017.07.11-13.19.57:794][733]LogActorFactory: Actor Factory created Cube
[2017.07.11-13.20.00:106][  9]LogActorFactory: Actor Factory created Cube
[2017.07.11-13.20.17:392][ 60]LogPhysics:Warning: Initialising Body : Scale3D is (nearly) zero: Component: Cube_2.StaticMeshComponent0 Cube 
[2017.07.11-13.20.24:806][947]LogEditorViewport: Clicking on Actor (LMB): StaticMeshActor (Cube)
[2017.07.11-13.20.53:461][333]LogEditorViewport: Clicking on Actor (LMB): StaticMeshActor (Floor)
[2017.07.11-13.20.54:722][480]LogEditorViewport: Clicking on Actor (LMB): StaticMeshActor (Cube9)
[2017.07.11-13.20.58:292][904]LogEditorViewport: Clicking on Actor (LMB): StaticMeshActor (Floor)
[2017.07.11-13.20.59:341][ 26]LogEditorViewport: Clicking on Actor (CTRL LMB): StaticMeshActor (Cube)
[2017.07.11-13.21.00:062][107]LogEditorViewport: Clicking on Actor (CTRL LMB): StaticMeshActor (Cube2)
[2017.07.11-13.21.00:892][203]LogEditorViewport: Clicking on Actor (CTRL LMB): StaticMeshActor (Cube3)
[2017.07.11-13.21.01:659][291]LogEditorViewport: Clicking on Actor (CTRL LMB): StaticMeshActor (Cube4)
[2017.07.11-13.21.02:313][366]LogEditorViewport: Clicking on Actor (CTRL LMB): StaticMeshActor (Cube6)
[2017.07.11-13.21.03:007][445]LogEditorViewport: Clicking on Actor (CTRL LMB): StaticMeshActor (Cube7)
[2017.07.11-13.21.03:724][527]LogEditorViewport: Clicking on Actor (CTRL LMB): StaticMeshActor (Cube8)
[2017.07.11-13.21.04:347][598]LogEditorViewport: Clicking on Actor (CTRL LMB): StaticMeshActor (Cube9)
[2017.07.11-13.21.06:713][873]Cmd: EDIT COPY
[2017.07.11-13.21.29:970][610]LogTemp: Repeting last play command: Selected Viewport
[2017.07.11-13.21.29:979][610]LogBlueprintUserMessages: Early PlayInEditor Detection: Level '/Game/FirstPersonBP/Maps/FirstPersonExampleMap.FirstPersonExampleMap:PersistentLevel' has LevelScriptBlueprint '/Game/FirstPersonBP/Maps/FirstPersonExampleMap.FirstPersonExampleMap:PersistentLevel.FirstPersonExampleMap' with GeneratedClass '/Game/FirstPersonBP/Maps/FirstPersonExampleMap.FirstPersonExampleMap_C' with ClassGeneratedBy '/Game/FirstPersonBP/Maps/FirstPersonExampleMap.FirstPersonExampleMap:PersistentLevel.FirstPersonExampleMap'
[2017.07.11-13.21.29:979][610]LogPlayLevel: PlayLevel: No blueprints needed recompiling
[2017.07.11-13.21.29:979][610]PIE: New page: PIE session: FirstPersonExampleMap (Jul 11, 2017, 5:21:29 AM)
[2017.07.11-13.21.29:979][610]LogPlayLevel: Creating play world package: /Game/FirstPersonBP/Maps/UEDPIE_0_FirstPersonExampleMap
[2017.07.11-13.21.30:001][610]LogPlayLevel: PIE: StaticDuplicateObject took: (0.022118s)
[2017.07.11-13.21.30:002][610]LogAIModule: Creating AISystem for world FirstPersonExampleMap
[2017.07.11-13.21.30:002][610]LogPlayLevel: PIE: World Init took: (0.000873s)
[2017.07.11-13.21.30:003][610]LogPlayLevel: PIE: Created PIE world by copying editor world from /Game/FirstPersonBP/Maps/FirstPersonExampleMap.FirstPersonExampleMap to /Game/FirstPersonBP/Maps/UEDPIE_0_FirstPersonExampleMap.FirstPersonExampleMap (0.023305s)
[2017.07.11-13.21.30:040][610]LogInit: XAudio2 using 'Alienware2210-C (NVIDIA High Definition Audio)' : 2 channels at 48 kHz using 16 bits per sample (channel mask 0x3)
[2017.07.11-13.21.30:045][610]LogInit: FAudioDevice initialized.
[2017.07.11-13.21.30:075][610]LogLoad: Game class is 'FirstPersonGameMode_C'
[2017.07.11-13.21.30:078][610]LogWorld: Bringing World /Game/FirstPersonBP/Maps/UEDPIE_0_FirstPersonExampleMap.FirstPersonExampleMap up for play (max tick rate 0) at 2017.07.11-09.21.30
[2017.07.11-13.21.30:078][610]LogWorld: Bringing up level for play took: 0.003123
[2017.07.11-13.21.30:079][610]PIE: Info Play in editor start time for /Game/FirstPersonBP/Maps/UEDPIE_0_FirstPersonExampleMap -0.571
[2017.07.11-13.21.30:079][610]LogBlueprintUserMessages: Late PlayInEditor Detection: Level '/Game/FirstPersonBP/Maps/FirstPersonExampleMap.FirstPersonExampleMap:PersistentLevel' has LevelScriptBlueprint '/Game/FirstPersonBP/Maps/FirstPersonExampleMap.FirstPersonExampleMap:PersistentLevel.FirstPersonExampleMap' with GeneratedClass '/Game/FirstPersonBP/Maps/FirstPersonExampleMap.FirstPersonExampleMap_C' with ClassGeneratedBy '/Game/FirstPersonBP/Maps/FirstPersonExampleMap.FirstPersonExampleMap:PersistentLevel.FirstPersonExampleMap'
[2017.07.11-13.21.46:439][569]LogBlueprintUserMessages: Early EndPlayMap Detection: Level '/Game/FirstPersonBP/Maps/FirstPersonExampleMap.FirstPersonExampleMap:PersistentLevel' has LevelScriptBlueprint '/Game/FirstPersonBP/Maps/FirstPersonExampleMap.FirstPersonExampleMap:PersistentLevel.FirstPersonExampleMap' with GeneratedClass '/Game/FirstPersonBP/Maps/FirstPersonExampleMap.FirstPersonExampleMap_C' with ClassGeneratedBy '/Game/FirstPersonBP/Maps/FirstPersonExampleMap.FirstPersonExampleMap:PersistentLevel.FirstPersonExampleMap'
[2017.07.11-13.21.46:484][569]LogBlueprintUserMessages: Late EndPlayMap Detection: Level '/Game/FirstPersonBP/Maps/FirstPersonExampleMap.FirstPersonExampleMap:PersistentLevel' has LevelScriptBlueprint '/Game/FirstPersonBP/Maps/FirstPersonExampleMap.FirstPersonExampleMap:PersistentLevel.FirstPersonExampleMap' with GeneratedClass '/Game/FirstPersonBP/Maps/FirstPersonExampleMap.FirstPersonExampleMap_C' with ClassGeneratedBy '/Game/FirstPersonBP/Maps/FirstPersonExampleMap.FirstPersonExampleMap:PersistentLevel.FirstPersonExampleMap'
[2017.07.11-13.24.06:883][760]LogEditorViewport: Clicking on Actor (CTRL LMB): StaticMeshActor (Cube42)
[2017.07.11-13.24.07:256][800]LogEditorViewport: Clicking on Actor (CTRL LMB): StaticMeshActor (Cube34)
[2017.07.11-13.24.08:098][896]LogEditorViewport: Clicking on Actor (CTRL LMB): StaticMeshActor (Cube26)
[2017.07.11-13.24.08:692][962]LogEditorViewport: Clicking on Actor (CTRL LMB): StaticMeshActor (Cube18)
[2017.07.11-13.24.09:004][994]LogEditorViewport: Clicking on Actor (CTRL LMB): StaticMeshActor (Cube10)
[2017.07.11-13.24.09:315][ 27]LogEditorViewport: Clicking on Actor (CTRL LMB): StaticMeshActor (Cube)
[2017.07.11-13.24.10:178][126]LogEditorViewport: Clicking on Actor (CTRL LMB): StaticMeshActor (Cube2)
[2017.07.11-13.24.13:820][554]LogEditorViewport: Clicking on Actor (CTRL LMB): StaticMeshActor (Cube19)
[2017.07.11-13.24.15:038][695]LogEditorViewport: Clicking on Actor (CTRL LMB): StaticMeshActor (Cube11)
[2017.07.11-13.24.16:196][829]LogEditorViewport: Clicking on Actor (CTRL LMB): StaticMeshActor (Cube51)
[2017.07.11-13.24.16:737][889]LogEditorViewport: Clicking on Actor (CTRL LMB): StaticMeshActor (Cube35)
[2017.07.11-13.24.17:662][995]LogEditorViewport: Clicking on Actor (CTRL LMB): StaticMeshActor (Cube27)
[2017.07.11-13.24.18:764][121]LogEditorViewport: Clicking on Actor (CTRL LMB): StaticMeshActor (Cube44)
[2017.07.11-13.24.19:319][183]LogEditorViewport: Clicking on Actor (CTRL LMB): StaticMeshActor (Cube36)
[2017.07.11-13.24.19:698][224]LogEditorViewport: Clicking on Actor (CTRL LMB): StaticMeshActor (Cube28)
[2017.07.11-13.24.20:125][270]LogEditorViewport: Clicking on Actor (CTRL LMB): StaticMeshActor (Cube20)
[2017.07.11-13.24.20:539][315]LogEditorViewport: Clicking on Actor (CTRL LMB): StaticMeshActor (Cube12)
[2017.07.11-13.24.20:926][356]LogEditorViewport: Clicking on Actor (CTRL LMB): StaticMeshActor (Cube3)
[2017.07.11-13.24.21:801][456]LogEditorViewport: Clicking on Actor (CTRL LMB): StaticMeshActor (Cube45)
[2017.07.11-13.24.22:258][506]LogEditorViewport: Clicking on Actor (CTRL LMB): StaticMeshActor (Cube37)
[2017.07.11-13.24.23:037][593]LogEditorViewport: Clicking on Actor (CTRL LMB): StaticMeshActor (Cube21)
[2017.07.11-13.24.23:816][680]LogEditorViewport: Clicking on Actor (CTRL LMB): StaticMeshActor (Cube29)
[2017.07.11-13.24.24:638][770]LogEditorViewport: Clicking on Actor (CTRL LMB): StaticMeshActor (Cube13)
[2017.07.11-13.24.25:092][819]LogEditorViewport: Clicking on Actor (CTRL LMB): StaticMeshActor (Cube5)
[2017.07.11-13.24.26:069][930]LogEditorViewport: Clicking on Actor (CTRL LMB): StaticMeshActor (Floor)
[2017.07.11-13.24.27:505][ 95]LogEditorViewport: Clicking on Actor (CTRL LMB): StaticMeshActor (Cube4)
[2017.07.11-13.24.29:501][323]LogEditorViewport: Clicking on Actor (CTRL LMB): StaticMeshActor (Cube38)
[2017.07.11-13.24.30:495][434]LogEditorViewport: Clicking on Actor (CTRL LMB): StaticMeshActor (Cube54)
[2017.07.11-13.24.32:086][617]LogEditorViewport: Clicking on Actor (CTRL LMB): StaticMeshActor (Cube47)
[2017.07.11-13.24.33:977][830]LogEditorViewport: Clicking on Actor (CTRL LMB): StaticMeshActor (Cube39)
[2017.07.11-13.24.35:258][977]LogEditorViewport: Clicking on Actor (CTRL LMB): StaticMeshActor (Cube30)
[2017.07.11-13.24.35:915][ 49]LogEditorViewport: Clicking on Actor (CTRL LMB): StaticMeshActor (Cube32)
[2017.07.11-13.24.36:446][108]LogEditorViewport: Clicking on Actor (CTRL LMB): StaticMeshActor (Cube23)
[2017.07.11-13.24.38:482][342]LogEditorViewport: Clicking on Actor (CTRL LMB): StaticMeshActor (Cube15)
[2017.07.11-13.24.39:315][436]LogEditorViewport: Clicking on Actor (CTRL LMB): StaticMeshActor (Cube22)
[2017.07.11-13.24.41:768][714]LogEditorViewport: Clicking on Actor (CTRL LMB): StaticMeshActor (Cube14)
[2017.07.11-13.24.42:470][793]LogEditorViewport: Clicking on Actor (CTRL LMB): StaticMeshActor (Cube6)
[2017.07.11-13.24.42:992][850]LogEditorViewport: Clicking on Actor (CTRL LMB): StaticMeshActor (Cube7)
[2017.07.11-13.24.43:578][915]LogEditorViewport: Clicking on Actor (CTRL LMB): StaticMeshActor (Cube8)
[2017.07.11-13.24.45:528][141]LogEditorViewport: Clicking on Actor (CTRL LMB): StaticMeshActor (Cube17)
[2017.07.11-13.24.46:366][234]LogEditorViewport: Clicking on Actor (CTRL LMB): StaticMeshActor (Cube24)
[2017.07.11-13.24.49:879][642]LogEditorViewport: Clicking on Actor (CTRL LMB): StaticMeshActor (Cube49)
[2017.07.11-13.24.54:033][124]LogEditorViewport: Clicking on Actor (CTRL LMB): StaticMeshActor (Cube41)
[2017.07.11-13.24.54:388][162]LogEditorViewport: Clicking on Actor (CTRL LMB): StaticMeshActor (Cube33)
[2017.07.11-13.24.54:993][229]LogEditorViewport: Clicking on Actor (CTRL LMB): StaticMeshActor (Cube25)
[2017.07.11-13.24.55:835][322]LogEditorViewport: Clicking on Actor (CTRL LMB): StaticMeshActor (Cube9)
[2017.07.11-13.24.56:825][434]LogEditorViewport: Clicking on Actor (CTRL LMB): StaticMeshActor (Cube40)
[2017.07.11-13.24.58:428][619]LogEditorViewport: Clicking on Actor (CTRL LMB): StaticMeshActor (Cube56)
[2017.07.11-13.25.00:100][807]LogEditorViewport: Clicking on Actor (CTRL LMB): StaticMeshActor (Cube47)
[2017.07.11-13.25.09:203][841]LogTemp: Repeting last play command: Selected Viewport
[2017.07.11-13.25.09:213][841]LogBlueprintUserMessages: Early PlayInEditor Detection: Level '/Game/FirstPersonBP/Maps/FirstPersonExampleMap.FirstPersonExampleMap:PersistentLevel' has LevelScriptBlueprint '/Game/FirstPersonBP/Maps/FirstPersonExampleMap.FirstPersonExampleMap:PersistentLevel.FirstPersonExampleMap' with GeneratedClass '/Game/FirstPersonBP/Maps/FirstPersonExampleMap.FirstPersonExampleMap_C' with ClassGeneratedBy '/Game/FirstPersonBP/Maps/FirstPersonExampleMap.FirstPersonExampleMap:PersistentLevel.FirstPersonExampleMap'
[2017.07.11-13.25.09:213][841]LogPlayLevel: PlayLevel: No blueprints needed recompiling
[2017.07.11-13.25.09:213][841]PIE: New page: PIE session: FirstPersonExampleMap (Jul 11, 2017, 5:25:09 AM)
[2017.07.11-13.25.09:213][841]LogPlayLevel: Creating play world package: /Game/FirstPersonBP/Maps/UEDPIE_0_FirstPersonExampleMap
[2017.07.11-13.25.09:236][841]LogPlayLevel: PIE: StaticDuplicateObject took: (0.022867s)
[2017.07.11-13.25.09:236][841]LogAIModule: Creating AISystem for world FirstPersonExampleMap
[2017.07.11-13.25.09:237][841]LogPlayLevel: PIE: World Init took: (0.000910s)
[2017.07.11-13.25.09:237][841]LogPlayLevel: PIE: Created PIE world by copying editor world from /Game/FirstPersonBP/Maps/FirstPersonExampleMap.FirstPersonExampleMap to /Game/FirstPersonBP/Maps/UEDPIE_0_FirstPersonExampleMap.FirstPersonExampleMap (0.024133s)
[2017.07.11-13.25.09:274][841]LogInit: XAudio2 using 'Alienware2210-C (NVIDIA High Definition Audio)' : 2 channels at 48 kHz using 16 bits per sample (channel mask 0x3)
[2017.07.11-13.25.09:278][841]LogInit: FAudioDevice initialized.
[2017.07.11-13.25.09:310][841]LogLoad: Game class is 'FirstPersonGameMode_C'
[2017.07.11-13.25.09:314][841]LogWorld: Bringing World /Game/FirstPersonBP/Maps/UEDPIE_0_FirstPersonExampleMap.FirstPersonExampleMap up for play (max tick rate 0) at 2017.07.11-09.25.09
[2017.07.11-13.25.09:314][841]LogWorld: Bringing up level for play took: 0.003430
[2017.07.11-13.25.09:315][841]PIE: Info Play in editor start time for /Game/FirstPersonBP/Maps/UEDPIE_0_FirstPersonExampleMap 0.669
[2017.07.11-13.25.09:315][841]LogBlueprintUserMessages: Late PlayInEditor Detection: Level '/Game/FirstPersonBP/Maps/FirstPersonExampleMap.FirstPersonExampleMap:PersistentLevel' has LevelScriptBlueprint '/Game/FirstPersonBP/Maps/FirstPersonExampleMap.FirstPersonExampleMap:PersistentLevel.FirstPersonExampleMap' with GeneratedClass '/Game/FirstPersonBP/Maps/FirstPersonExampleMap.FirstPersonExampleMap_C' with ClassGeneratedBy '/Game/FirstPersonBP/Maps/FirstPersonExampleMap.FirstPersonExampleMap:PersistentLevel.FirstPersonExampleMap'
[2017.07.11-13.25.31:489][495]LogSpawn:Warning: SpawnActor failed because of collision at the spawn location [X=-2022.972 Y=1873.578 Z=289.850] for [FirstPersonProjectile_C]
[2017.07.11-13.25.31:771][529]LogSpawn:Warning: SpawnActor failed because of collision at the spawn location [X=-2023.309 Y=1874.519 Z=291.405] for [FirstPersonProjectile_C]
[2017.07.11-13.25.31:947][550]LogSpawn:Warning: SpawnActor failed because of collision at the spawn location [X=-2025.427 Y=1874.575 Z=302.130] for [FirstPersonProjectile_C]
[2017.07.11-13.25.32:322][595]LogSpawn:Warning: SpawnActor failed because of collision at the spawn location [X=-2008.997 Y=1867.848 Z=300.526] for [FirstPersonProjectile_C]
[2017.07.11-13.25.32:388][603]LogCharacterMovement: FirstPersonCharacter_C_1 is stuck and failed to move! Velocity: X=369.06 Y=46.54 Z=0.00 Location: X=-1843.53 Y=1848.81 Z=266.11 Normal: X=-0.00 Y=-0.00 Z=1.00 PenetrationDepth:0.701 Actor:Floor_16 Component:StaticMeshComponent0 BoneName:None (0 other events since notify)
[2017.07.11-13.25.44:214][ 21]LogActor:Warning: Cube65 is outside the world bounds!
[2017.07.11-13.25.58:437][727]LogActor:Warning: Cube10 is outside the world bounds!
[2017.07.11-13.26.04:065][402]LogSpawn:Warning: SpawnActor failed because of collision at the spawn location [X=-1307.342 Y=-1111.247 Z=278.862] for [FirstPersonProjectile_C]
[2017.07.11-13.26.04:389][441]LogSpawn:Warning: SpawnActor failed because of collision at the spawn location [X=-1279.083 Y=-1060.089 Z=270.521] for [FirstPersonProjectile_C]
[2017.07.11-13.26.04:673][475]LogSpawn:Warning: SpawnActor failed because of collision at the spawn location [X=-1298.108 Y=-1015.554 Z=269.410] for [FirstPersonProjectile_C]
[2017.07.11-13.26.04:901][502]LogSpawn:Warning: SpawnActor failed because of collision at the spawn location [X=-1309.457 Y=-983.593 Z=279.233] for [FirstPersonProjectile_C]
[2017.07.11-13.26.05:133][530]LogSpawn:Warning: SpawnActor failed because of collision at the spawn location [X=-1331.554 Y=-989.427 Z=328.069] for [FirstPersonProjectile_C]
[2017.07.11-13.26.20:088][321]LogSpawn:Warning: SpawnActor failed because of collision at the spawn location [X=-1842.987 Y=1384.760 Z=340.281] for [FirstPersonProjectile_C]
[2017.07.11-13.26.20:288][345]LogSpawn:Warning: SpawnActor failed because of collision at the spawn location [X=-1901.058 Y=1381.371 Z=402.911] for [FirstPersonProjectile_C]
[2017.07.11-13.26.20:496][370]LogSpawn:Warning: SpawnActor failed because of collision at the spawn location [X=-1934.334 Y=1396.726 Z=426.995] for [FirstPersonProjectile_C]
[2017.07.11-13.26.27:064][156]LogSpawn:Warning: SpawnActor failed because of collision at the spawn location [X=-1717.805 Y=1575.597 Z=140.047] for [FirstPersonProjectile_C]
[2017.07.11-13.26.27:697][232]LogSpawn:Warning: SpawnActor failed because of collision at the spawn location [X=-1683.699 Y=1543.013 Z=186.556] for [FirstPersonProjectile_C]
[2017.07.11-13.26.27:855][251]LogSpawn:Warning: SpawnActor failed because of collision at the spawn location [X=-1698.118 Y=1549.392 Z=168.918] for [FirstPersonProjectile_C]
[2017.07.11-13.26.28:064][276]LogSpawn:Warning: SpawnActor failed because of collision at the spawn location [X=-1700.239 Y=1549.763 Z=168.395] for [FirstPersonProjectile_C]
[2017.07.11-13.26.28:289][303]LogSpawn:Warning: SpawnActor failed because of collision at the spawn location [X=-1699.369 Y=1539.061 Z=162.704] for [FirstPersonProjectile_C]
[2017.07.11-13.26.35:487][166]LogBlueprintUserMessages: Early EndPlayMap Detection: Level '/Game/FirstPersonBP/Maps/FirstPersonExampleMap.FirstPersonExampleMap:PersistentLevel' has LevelScriptBlueprint '/Game/FirstPersonBP/Maps/FirstPersonExampleMap.FirstPersonExampleMap:PersistentLevel.FirstPersonExampleMap' with GeneratedClass '/Game/FirstPersonBP/Maps/FirstPersonExampleMap.FirstPersonExampleMap_C' with ClassGeneratedBy '/Game/FirstPersonBP/Maps/FirstPersonExampleMap.FirstPersonExampleMap:PersistentLevel.FirstPersonExampleMap'
[2017.07.11-13.26.35:533][166]LogBlueprintUserMessages: Late EndPlayMap Detection: Level '/Game/FirstPersonBP/Maps/FirstPersonExampleMap.FirstPersonExampleMap:PersistentLevel' has LevelScriptBlueprint '/Game/FirstPersonBP/Maps/FirstPersonExampleMap.FirstPersonExampleMap:PersistentLevel.FirstPersonExampleMap' with GeneratedClass '/Game/FirstPersonBP/Maps/FirstPersonExampleMap.FirstPersonExampleMap_C' with ClassGeneratedBy '/Game/FirstPersonBP/Maps/FirstPersonExampleMap.FirstPersonExampleMap:PersistentLevel.FirstPersonExampleMap'
[2017.07.11-13.28.35:839][672]LogEditorViewport: Clicking on Actor (LMB): BP_Sky_Sphere_C (SkySphereBlueprint)
[2017.07.11-13.28.36:896][786]LogEditorViewport: Clicking on Actor (LMB): BP_Sky_Sphere_C (SkySphereBlueprint)
[2017.07.11-13.28.38:797][ 13]LogEditorViewport: Clicking on Actor (LMB): BP_Sky_Sphere_C (SkySphereBlueprint)
[2017.07.11-13.28.40:979][273]LogEditorViewport: Clicking on Actor (context menu): BP_Sky_Sphere_C (SkySphereBlueprint)
[2017.07.11-13.28.41:652][349]LogEditorViewport: Clicking on Actor (context menu): BP_Sky_Sphere_C (SkySphereBlueprint)
[2017.07.11-13.28.42:394][435]LogEditorViewport: Clicking on Actor (LMB): BP_Sky_Sphere_C (SkySphereBlueprint)
[2017.07.11-13.28.42:976][504]LogEditorViewport: Clicking on Actor (context menu): BP_Sky_Sphere_C (SkySphereBlueprint)
[2017.07.11-13.28.43:647][581]LogEditorViewport: Clicking on Actor (LMB): BP_Sky_Sphere_C (SkySphereBlueprint)
[2017.07.11-13.28.44:315][660]LogTemp: Repeting last play command: Selected Viewport
[2017.07.11-13.28.44:326][660]LogBlueprintUserMessages: Early PlayInEditor Detection: Level '/Game/FirstPersonBP/Maps/FirstPersonExampleMap.FirstPersonExampleMap:PersistentLevel' has LevelScriptBlueprint '/Game/FirstPersonBP/Maps/FirstPersonExampleMap.FirstPersonExampleMap:PersistentLevel.FirstPersonExampleMap' with GeneratedClass '/Game/FirstPersonBP/Maps/FirstPersonExampleMap.FirstPersonExampleMap_C' with ClassGeneratedBy '/Game/FirstPersonBP/Maps/FirstPersonExampleMap.FirstPersonExampleMap:PersistentLevel.FirstPersonExampleMap'
[2017.07.11-13.28.44:326][660]LogPlayLevel: PlayLevel: No blueprints needed recompiling
[2017.07.11-13.28.44:326][660]PIE: New page: PIE session: FirstPersonExampleMap (Jul 11, 2017, 5:28:44 AM)
[2017.07.11-13.28.44:326][660]LogPlayLevel: Creating play world package: /Game/FirstPersonBP/Maps/UEDPIE_0_FirstPersonExampleMap
[2017.07.11-13.28.44:346][660]LogPlayLevel: PIE: StaticDuplicateObject took: (0.020165s)
[2017.07.11-13.28.44:347][660]LogAIModule: Creating AISystem for world FirstPersonExampleMap
[2017.07.11-13.28.44:347][660]LogPlayLevel: PIE: World Init took: (0.000979s)
[2017.07.11-13.28.44:347][660]LogPlayLevel: PIE: Created PIE world by copying editor world from /Game/FirstPersonBP/Maps/FirstPersonExampleMap.FirstPersonExampleMap to /Game/FirstPersonBP/Maps/UEDPIE_0_FirstPersonExampleMap.FirstPersonExampleMap (0.021456s)
[2017.07.11-13.28.44:384][660]LogInit: XAudio2 using 'Alienware2210-C (NVIDIA High Definition Audio)' : 2 channels at 48 kHz using 16 bits per sample (channel mask 0x3)
[2017.07.11-13.28.44:388][660]LogInit: FAudioDevice initialized.
[2017.07.11-13.28.44:417][660]LogLoad: Game class is 'FirstPersonGameMode_C'
[2017.07.11-13.28.44:421][660]LogWorld: Bringing World /Game/FirstPersonBP/Maps/UEDPIE_0_FirstPersonExampleMap.FirstPersonExampleMap up for play (max tick rate 0) at 2017.07.11-09.28.44
[2017.07.11-13.28.44:422][660]LogWorld: Bringing up level for play took: 0.004729
[2017.07.11-13.28.44:423][660]PIE: Info Play in editor start time for /Game/FirstPersonBP/Maps/UEDPIE_0_FirstPersonExampleMap -0.22
[2017.07.11-13.28.44:423][660]LogBlueprintUserMessages: Late PlayInEditor Detection: Level '/Game/FirstPersonBP/Maps/FirstPersonExampleMap.FirstPersonExampleMap:PersistentLevel' has LevelScriptBlueprint '/Game/FirstPersonBP/Maps/FirstPersonExampleMap.FirstPersonExampleMap:PersistentLevel.FirstPersonExampleMap' with GeneratedClass '/Game/FirstPersonBP/Maps/FirstPersonExampleMap.FirstPersonExampleMap_C' with ClassGeneratedBy '/Game/FirstPersonBP/Maps/FirstPersonExampleMap.FirstPersonExampleMap:PersistentLevel.FirstPersonExampleMap'
[2017.07.11-13.28.51:342][486]LogSpawn:Warning: SpawnActor failed because of collision at the spawn location [X=952.418 Y=1748.225 Z=390.853] for [FirstPersonProjectile_C]
[2017.07.11-13.28.51:967][561]LogSpawn:Warning: SpawnActor failed because of collision at the spawn location [X=919.421 Y=1815.314 Z=259.380] for [FirstPersonProjectile_C]
[2017.07.11-13.28.52:142][582]LogSpawn:Warning: SpawnActor failed because of collision at the spawn location [X=982.040 Y=1810.217 Z=323.221] for [FirstPersonProjectile_C]
[2017.07.11-13.28.52:376][610]LogSpawn:Warning: SpawnActor failed because of collision at the spawn location [X=985.054 Y=1818.321 Z=315.413] for [FirstPersonProjectile_C]
[2017.07.11-13.28.55:660][  4]LogSpawn:Warning: SpawnActor failed because of collision at the spawn location [X=973.730 Y=1780.966 Z=317.982] for [FirstPersonProjectile_C]
[2017.07.11-13.28.55:843][ 26]LogSpawn:Warning: SpawnActor failed because of collision at the spawn location [X=971.176 Y=1763.037 Z=316.143] for [FirstPersonProjectile_C]
[2017.07.11-13.28.56:010][ 46]LogSpawn:Warning: SpawnActor failed because of collision at the spawn location [X=983.735 Y=1739.660 Z=317.195] for [FirstPersonProjectile_C]
[2017.07.11-13.28.56:627][120]LogSpawn:Warning: SpawnActor failed because of collision at the spawn location [X=1018.116 Y=1695.696 Z=329.495] for [FirstPersonProjectile_C]
[2017.07.11-13.28.56:818][143]LogSpawn:Warning: SpawnActor failed because of collision at the spawn location [X=1003.152 Y=1656.424 Z=319.878] for [FirstPersonProjectile_C]
[2017.07.11-13.29.16:394][491]LogBlueprintUserMessages: Early EndPlayMap Detection: Level '/Game/FirstPersonBP/Maps/FirstPersonExampleMap.FirstPersonExampleMap:PersistentLevel' has LevelScriptBlueprint '/Game/FirstPersonBP/Maps/FirstPersonExampleMap.FirstPersonExampleMap:PersistentLevel.FirstPersonExampleMap' with GeneratedClass '/Game/FirstPersonBP/Maps/FirstPersonExampleMap.FirstPersonExampleMap_C' with ClassGeneratedBy '/Game/FirstPersonBP/Maps/FirstPersonExampleMap.FirstPersonExampleMap:PersistentLevel.FirstPersonExampleMap'
[2017.07.11-13.29.16:435][491]LogBlueprintUserMessages: Late EndPlayMap Detection: Level '/Game/FirstPersonBP/Maps/FirstPersonExampleMap.FirstPersonExampleMap:PersistentLevel' has LevelScriptBlueprint '/Game/FirstPersonBP/Maps/FirstPersonExampleMap.FirstPersonExampleMap:PersistentLevel.FirstPersonExampleMap' with GeneratedClass '/Game/FirstPersonBP/Maps/FirstPersonExampleMap.FirstPersonExampleMap_C' with ClassGeneratedBy '/Game/FirstPersonBP/Maps/FirstPersonExampleMap.FirstPersonExampleMap:PersistentLevel.FirstPersonExampleMap'
[2017.07.11-13.30.23:933][111]LogSavePackage: Save=134.52ms
[2017.07.11-13.30.23:933][111]LogSavePackage: Moving 'D:/KOC/FPS_Day1/Saved/FirstPersonExampleMap_Auto1F90BBA31433410268C9CE38934C80298.tmp' to 'D:/KOC/FPS_Day1/Saved/Autosaves/Game/FirstPersonBP/Maps/FirstPersonExampleMap_Auto1.umap'
[2017.07.11-13.30.23:934][111]LogSavePackage:Display: Finished SavePackage D:/KOC/FPS_Day1/Saved/Autosaves/Game/FirstPersonBP/Maps/FirstPersonExampleMap_Auto1.umap
[2017.07.11-13.30.23:936][111]LogFileHelpers: Editor autosave (incl. sublevels) for '/Game/FirstPersonBP/Maps/FirstPersonExampleMap' took 0.174
[2017.07.11-13.30.23:936][111]LogFileHelpers: Editor autosave (incl. sublevels) for all levels took 0.174
[2017.07.11-13.31.17:728][273]LogTemp: Repeting last play command: Selected Viewport
[2017.07.11-13.31.17:739][273]LogBlueprintUserMessages: Early PlayInEditor Detection: Level '/Game/FirstPersonBP/Maps/FirstPersonExampleMap.FirstPersonExampleMap:PersistentLevel' has LevelScriptBlueprint '/Game/FirstPersonBP/Maps/FirstPersonExampleMap.FirstPersonExampleMap:PersistentLevel.FirstPersonExampleMap' with GeneratedClass '/Game/FirstPersonBP/Maps/FirstPersonExampleMap.FirstPersonExampleMap_C' with ClassGeneratedBy '/Game/FirstPersonBP/Maps/FirstPersonExampleMap.FirstPersonExampleMap:PersistentLevel.FirstPersonExampleMap'
[2017.07.11-13.31.17:739][273]LogPlayLevel: PlayLevel: No blueprints needed recompiling
[2017.07.11-13.31.17:739][273]PIE: New page: PIE session: FirstPersonExampleMap (Jul 11, 2017, 5:31:17 AM)
[2017.07.11-13.31.17:739][273]LogPlayLevel: Creating play world package: /Game/FirstPersonBP/Maps/UEDPIE_0_FirstPersonExampleMap
[2017.07.11-13.31.17:758][273]LogPlayLevel: PIE: StaticDuplicateObject took: (0.019069s)
[2017.07.11-13.31.17:759][273]LogAIModule: Creating AISystem for world FirstPersonExampleMap
[2017.07.11-13.31.17:759][273]LogPlayLevel: PIE: World Init took: (0.000922s)
[2017.07.11-13.31.17:759][273]LogPlayLevel: PIE: Created PIE world by copying editor world from /Game/FirstPersonBP/Maps/FirstPersonExampleMap.FirstPersonExampleMap to /Game/FirstPersonBP/Maps/UEDPIE_0_FirstPersonExampleMap.FirstPersonExampleMap (0.020332s)
[2017.07.11-13.31.17:802][273]LogInit: XAudio2 using 'Alienware2210-C (NVIDIA High Definition Audio)' : 2 channels at 48 kHz using 16 bits per sample (channel mask 0x3)
[2017.07.11-13.31.17:808][273]LogInit: FAudioDevice initialized.
[2017.07.11-13.31.17:835][273]LogLoad: Game class is 'FirstPersonGameMode_C'
[2017.07.11-13.31.17:840][273]LogWorld: Bringing World /Game/FirstPersonBP/Maps/UEDPIE_0_FirstPersonExampleMap.FirstPersonExampleMap up for play (max tick rate 0) at 2017.07.11-09.31.17
[2017.07.11-13.31.17:840][273]LogWorld: Bringing up level for play took: 0.004473
[2017.07.11-13.31.17:842][273]PIE: Info Play in editor start time for /Game/FirstPersonBP/Maps/UEDPIE_0_FirstPersonExampleMap -0.797
[2017.07.11-13.31.17:842][273]LogBlueprintUserMessages: Late PlayInEditor Detection: Level '/Game/FirstPersonBP/Maps/FirstPersonExampleMap.FirstPersonExampleMap:PersistentLevel' has LevelScriptBlueprint '/Game/FirstPersonBP/Maps/FirstPersonExampleMap.FirstPersonExampleMap:PersistentLevel.FirstPersonExampleMap' with GeneratedClass '/Game/FirstPersonBP/Maps/FirstPersonExampleMap.FirstPersonExampleMap_C' with ClassGeneratedBy '/Game/FirstPersonBP/Maps/FirstPersonExampleMap.FirstPersonExampleMap:PersistentLevel.FirstPersonExampleMap'
[2017.07.11-13.32.33:801][360]LogBlueprintUserMessages: Early EndPlayMap Detection: Level '/Game/FirstPersonBP/Maps/FirstPersonExampleMap.FirstPersonExampleMap:PersistentLevel' has LevelScriptBlueprint '/Game/FirstPersonBP/Maps/FirstPersonExampleMap.FirstPersonExampleMap:PersistentLevel.FirstPersonExampleMap' with GeneratedClass '/Game/FirstPersonBP/Maps/FirstPersonExampleMap.FirstPersonExampleMap_C' with ClassGeneratedBy '/Game/FirstPersonBP/Maps/FirstPersonExampleMap.FirstPersonExampleMap:PersistentLevel.FirstPersonExampleMap'
[2017.07.11-13.32.33:841][360]LogBlueprintUserMessages: Late EndPlayMap Detection: Level '/Game/FirstPersonBP/Maps/FirstPersonExampleMap.FirstPersonExampleMap:PersistentLevel' has LevelScriptBlueprint '/Game/FirstPersonBP/Maps/FirstPersonExampleMap.FirstPersonExampleMap:PersistentLevel.FirstPersonExampleMap' with GeneratedClass '/Game/FirstPersonBP/Maps/FirstPersonExampleMap.FirstPersonExampleMap_C' with ClassGeneratedBy '/Game/FirstPersonBP/Maps/FirstPersonExampleMap.FirstPersonExampleMap:PersistentLevel.FirstPersonExampleMap'
[2017.07.11-13.57.55:450][123]Cmd: OBJ SAVEPACKAGE PACKAGE="/Game/FirstPersonBP/Maps/FirstPersonExampleMap" FILE="D:/KOC/FPS_Day1/Content/FirstPersonBP/Maps/FirstPersonExampleMap.umap" SILENT=true AUTOSAVING=false KEEPDIRTY=false
[2017.07.11-13.57.55:622][123]LogSavePackage: Save=136.53ms
[2017.07.11-13.57.55:622][123]LogSavePackage: Moving 'D:/KOC/FPS_Day1/Saved/FirstPersonExampleMapF13DF9804889682ADEC648B7557987BF.tmp' to 'D:/KOC/FPS_Day1/Content/FirstPersonBP/Maps/FirstPersonExampleMap.umap'
[2017.07.11-13.57.55:626][123]LogSavePackage:Display: Finished SavePackage D:/KOC/FPS_Day1/Content/FirstPersonBP/Maps/FirstPersonExampleMap.umap
[2017.07.11-13.57.55:644][123]LogFileHelpers: Saving map 'FirstPersonExampleMap' took 0.240
[2017.07.11-13.57.55:861][124]Cmd: QUIT_EDITOR
[2017.07.11-13.57.56:359][124]LogWindowsTextInputMethodSystem:Display: IME system now deactivated.
[2017.07.11-13.57.56:379][124]LogExit: Preparing to exit.
[2017.07.11-13.57.56:718][124]LogExit: Editor shut down
[2017.07.11-13.57.56:718][124]LogExit: Transaction tracking system shut down
[2017.07.11-13.57.56:791][124]LogObj: Freed 0b from 0 cluster array pools.
[2017.07.11-13.57.56:791][124]LogExit: Object subsystem successfully closed.
[2017.07.11-13.57.56:802][124]LogD3D11RHI: Shutdown
[2017.07.11-13.57.56:802][124]LogD3D11RHI: CleanupD3DDevice
[2017.07.11-13.57.56:891][124]LogD3D11RHI: ~FD3D11DynamicRHI
[2017.07.11-13.57.56:902][124]LogHttp:Display: Http module shutting down, but needs to wait on 1 outstanding Http requests:
[2017.07.11-13.57.56:902][124]LogHttp:Display: 	verb=[POST] url=[https://datarouter.ol.epicgames.com/datarouter/api/v1/public/data?SessionID=%7B7182980F-4073-EA4A-5662-4597E1FF65A4%7D&AppID=UEEditor.Rocket.Release&AppVersion=4.14.3-3249277%2B%2B%2BUE4%2BRelease-4.14&UserID=822a24ed4865cb29cef75ea46c8807bb%7Cca90ae5a1e854e55bcc446bb84f5659c%7Ca59d3b82-35a8-4791-a9a2-916a193a2c3c&AppEnvironment=datacollector-binary&UploadType=eteventstream] status=Processing
[2017.07.11-13.57.56:929][124]LogModuleManager: Shutting down and abandoning module BlueprintGraph (244)
[2017.07.11-13.57.56:929][124]LogModuleManager: Shutting down and abandoning module BlueprintProfiler (243)
[2017.07.11-13.57.56:929][124]LogModuleManager: Shutting down and abandoning module MovieSceneCapture (242)
[2017.07.11-13.57.56:929][124]LogModuleManager: Shutting down and abandoning module HierarchicalLODOutliner (241)
[2017.07.11-13.57.56:929][124]LogModuleManager: Shutting down and abandoning module CrashTracker (240)
[2017.07.11-13.57.56:929][124]LogModuleManager: Shutting down and abandoning module SceneOutliner (239)
[2017.07.11-13.57.56:929][124]LogModuleManager: Shutting down and abandoning module WidgetCarousel (238)
[2017.07.11-13.57.56:929][124]LogModuleManager: Shutting down and abandoning module AddContentDialog (237)
[2017.07.11-13.57.56:929][124]LogDirectoryWatcher: A directory notification for 'C:/Program Files (x86)/Epic Games/4.14/FeaturePacks/' was aborted.
[2017.07.11-13.57.56:930][124]LogModuleManager: Shutting down and abandoning module GameplayTags (236)
[2017.07.11-13.57.56:930][124]LogModuleManager: Shutting down and abandoning module EditorWidgets (235)
[2017.07.11-13.57.56:930][124]LogModuleManager: Shutting down and abandoning module CollectionManager (234)
[2017.07.11-13.57.56:930][124]LogDirectoryWatcher: A directory notification for 'D:/KOC/FPS_Day1/Content/Collections/' was aborted.
[2017.07.11-13.57.56:930][124]LogDirectoryWatcher: A directory notification for 'D:/KOC/FPS_Day1/Content/Developers/IGMAdmin/Collections/' was aborted.
[2017.07.11-13.57.56:930][124]LogDirectoryWatcher: A directory notification for 'D:/KOC/FPS_Day1/Saved/Collections/' was aborted.
[2017.07.11-13.57.56:930][124]LogModuleManager: Shutting down and abandoning module StatsViewer (233)
[2017.07.11-13.57.56:930][124]LogModuleManager: Shutting down and abandoning module FoliageEdit (232)
[2017.07.11-13.57.56:930][124]LogModuleManager: Shutting down and abandoning module LandscapeEditor (231)
[2017.07.11-13.57.56:930][124]LogModuleManager: Shutting down and abandoning module SceneDepthPickerMode (230)
[2017.07.11-13.57.56:930][124]LogModuleManager: Shutting down and abandoning module ActorPickerMode (229)
[2017.07.11-13.57.56:930][124]LogModuleManager: Shutting down and abandoning module GeometryMode (228)
[2017.07.11-13.57.56:930][124]LogModuleManager: Shutting down and abandoning module TextureAlignMode (227)
[2017.07.11-13.57.56:930][124]LogModuleManager: Shutting down and abandoning module BspMode (226)
[2017.07.11-13.57.56:930][124]LogModuleManager: Shutting down and abandoning module HardwareSurvey (225)
[2017.07.11-13.57.56:930][124]LogModuleManager: Shutting down and abandoning module SequenceRecorderSections (224)
[2017.07.11-13.57.56:930][124]LogModuleManager: Shutting down and abandoning module AutomationWorker (223)
[2017.07.11-13.57.56:930][124]LogModuleManager: Shutting down and abandoning module MatineeToLevelSequence (222)
[2017.07.11-13.57.56:930][124]LogModuleManager: Shutting down and abandoning module PlacementMode (221)
[2017.07.11-13.57.56:930][124]LogModuleManager: Shutting down and abandoning module LevelSequenceEditor (220)
[2017.07.11-13.57.56:930][124]LogModuleManager: Shutting down and abandoning module WmfMediaFactory (219)
[2017.07.11-13.57.56:930][124]LogModuleManager: Shutting down and abandoning module WmfMediaEditor (218)
[2017.07.11-13.57.56:930][124]LogModuleManager: Shutting down and abandoning module AvfMediaFactory (217)
[2017.07.11-13.57.56:930][124]LogModuleManager: Shutting down and abandoning module AvfMediaEditor (216)
[2017.07.11-13.57.56:930][124]LogModuleManager: Shutting down and abandoning module Media (215)
[2017.07.11-13.57.56:930][124]LogModuleManager: Shutting down and abandoning module AndroidMediaFactory (214)
[2017.07.11-13.57.56:930][124]LogModuleManager: Shutting down and abandoning module AndroidMediaEditor (213)
[2017.07.11-13.57.56:930][124]LogModuleManager: Shutting down and abandoning module CharacterAI (212)
[2017.07.11-13.57.56:930][124]LogModuleManager: Shutting down and abandoning module SequenceRecorder (211)
[2017.07.11-13.57.56:930][124]LogModuleManager: Shutting down and abandoning module AudioCapture (210)
[2017.07.11-13.57.56:930][124]LogModuleManager: Shutting down and abandoning module SmartSnapping (209)
[2017.07.11-13.57.56:930][124]LogModuleManager: Shutting down and abandoning module SessionServices (208)
[2017.07.11-13.57.56:930][124]LogModuleManager: Shutting down and abandoning module ViewportSnapping (207)
[2017.07.11-13.57.56:930][124]LogModuleManager: Shutting down and abandoning module ViewportInteraction (206)
[2017.07.11-13.57.56:930][124]LogModuleManager: Shutting down and abandoning module LogVisualizer (205)
[2017.07.11-13.57.56:930][124]LogModuleManager: Shutting down and abandoning module GameProjectGeneration (204)
[2017.07.11-13.57.56:930][124]LogModuleManager: Shutting down and abandoning module IntroTutorials (203)
[2017.07.11-13.57.56:930][124]LogModuleManager: Shutting down and abandoning module EditorLiveStreaming (202)
[2017.07.11-13.57.56:931][124]LogModuleManager: Shutting down and abandoning module IOSPlatformEditor (201)
[2017.07.11-13.57.56:931][124]LogModuleManager: Shutting down and abandoning module HTML5PlatformEditor (200)
[2017.07.11-13.57.56:931][124]LogModuleManager: Shutting down and abandoning module AndroidDeviceDetection (199)
[2017.07.11-13.57.57:408][124]LogModuleManager: Shutting down and abandoning module AndroidPlatformEditor (198)
[2017.07.11-13.57.57:408][124]LogModuleManager: Shutting down and abandoning module IOSRuntimeSettings (197)
[2017.07.11-13.57.57:408][124]LogModuleManager: Shutting down and abandoning module AndroidRuntimeSettings (196)
[2017.07.11-13.57.57:408][124]LogModuleManager: Shutting down and abandoning module InputBindingEditor (195)
[2017.07.11-13.57.57:408][124]LogModuleManager: Shutting down and abandoning module NiagaraEditor (194)
[2017.07.11-13.57.57:408][124]LogModuleManager: Shutting down and abandoning module MergeActors (193)
[2017.07.11-13.57.57:408][124]LogModuleManager: Shutting down and abandoning module SizeMap (192)
[2017.07.11-13.57.57:408][124]LogModuleManager: Shutting down and abandoning module TreeMap (191)
[2017.07.11-13.57.57:408][124]LogModuleManager: Shutting down and abandoning module ReferenceViewer (190)
[2017.07.11-13.57.57:408][124]LogModuleManager: Shutting down and abandoning module LocalizationService (189)
[2017.07.11-13.57.57:408][124]LogModuleManager: Shutting down and abandoning module LocalizationDashboard (188)
[2017.07.11-13.57.57:408][124]LogModuleManager: Shutting down and abandoning module HardwareTargeting (187)
[2017.07.11-13.57.57:408][124]LogModuleManager: Shutting down and abandoning module DeviceProfileEditor (186)
[2017.07.11-13.57.57:408][124]LogModuleManager: Shutting down and abandoning module UndoHistory (185)
[2017.07.11-13.57.57:408][124]LogModuleManager: Shutting down and abandoning module UserFeedback (184)
[2017.07.11-13.57.57:408][124]LogModuleManager: Shutting down and abandoning module XmlParser (183)
[2017.07.11-13.57.57:408][124]LogModuleManager: Shutting down and abandoning module Blutility (182)
[2017.07.11-13.57.57:408][124]LogModuleManager: Shutting down and abandoning module ProjectTargetPlatformEditor (181)
[2017.07.11-13.57.57:408][124]LogModuleManager: Shutting down and abandoning module ProjectSettingsViewer (180)
[2017.07.11-13.57.57:408][124]LogModuleManager: Shutting down and abandoning module EditorSettingsViewer (179)
[2017.07.11-13.57.57:408][124]LogModuleManager: Shutting down and abandoning module SettingsEditor (178)
[2017.07.11-13.57.57:408][124]LogModuleManager: Shutting down and abandoning module ProjectLauncher (177)
[2017.07.11-13.57.57:408][124]LogModuleManager: Shutting down and abandoning module SessionFrontend (176)
[2017.07.11-13.57.57:408][124]LogModuleManager: Shutting down and abandoning module ProfilerClient (175)
[2017.07.11-13.57.57:408][124]LogModuleManager: Shutting down and abandoning module TargetDeviceServices (174)
[2017.07.11-13.57.57:409][124]LogModuleManager: Shutting down and abandoning module DeviceManager (173)
[2017.07.11-13.57.57:464][124]LogModuleManager: Shutting down and abandoning module AutomationController (172)
[2017.07.11-13.57.57:464][124]LogModuleManager: Shutting down and abandoning module AutomationWindow (171)
[2017.07.11-13.57.57:464][124]LogModuleManager: Shutting down and abandoning module Layers (170)
[2017.07.11-13.57.57:464][124]LogModuleManager: Shutting down and abandoning module ComponentVisualizers (169)
[2017.07.11-13.57.57:464][124]LogModuleManager: Shutting down and abandoning module DetailCustomizations (168)
[2017.07.11-13.57.57:464][124]LogModuleManager: Shutting down and abandoning module PackagesDialog (167)
[2017.07.11-13.57.57:464][124]LogModuleManager: Shutting down and abandoning module AnimGraph (166)
[2017.07.11-13.57.57:464][124]LogModuleManager: Shutting down and abandoning module Persona (165)
[2017.07.11-13.57.57:464][124]LogModuleManager: Shutting down and abandoning module Kismet (164)
[2017.07.11-13.57.57:468][124]LogModuleManager: Shutting down and abandoning module GraphEditor (163)
[2017.07.11-13.57.57:468][124]LogModuleManager: Shutting down and abandoning module ClassViewer (162)
[2017.07.11-13.57.57:468][124]LogModuleManager: Shutting down and abandoning module Toolbox (161)
[2017.07.11-13.57.57:468][124]LogModuleManager: Shutting down and abandoning module ModuleUI (160)
[2017.07.11-13.57.57:468][124]LogModuleManager: Shutting down and abandoning module MovieSceneTools (159)
[2017.07.11-13.57.57:468][124]LogModuleManager: Shutting down and abandoning module OutputLog (158)
[2017.07.11-13.57.57:468][124]LogModuleManager: Shutting down and abandoning module GammaUI (157)
[2017.07.11-13.57.57:469][124]LogModuleManager: Shutting down and abandoning module Documentation (156)
[2017.07.11-13.57.57:469][124]LogModuleManager: Shutting down and abandoning module Niagara (155)
[2017.07.11-13.57.57:469][124]LogModuleManager: Shutting down and abandoning module StreamingPauseRendering (154)
[2017.07.11-13.57.57:469][124]LogModuleManager: Shutting down and abandoning module AnalyticsET (153)
[2017.07.11-13.57.57:469][124]LogModuleManager: Shutting down and abandoning module PortalServices (152)
[2017.07.11-13.57.57:469][124]LogModuleManager: Shutting down and abandoning module PortalRpc (151)
[2017.07.11-13.57.57:469][124]LogModuleManager: Shutting down and abandoning module MessagingRpc (150)
[2017.07.11-13.57.57:469][124]LogModuleManager: Shutting down and abandoning module GameplayDebugger (149)
[2017.07.11-13.57.57:469][124]LogModuleManager: Shutting down and abandoning module AITestSuite (148)
[2017.07.11-13.57.57:469][124]LogModuleManager: Shutting down and abandoning module AIModule (147)
[2017.07.11-13.57.57:469][124]LogModuleManager: Shutting down and abandoning module ProfilerService (146)
[2017.07.11-13.57.57:531][124]LogModuleManager: Shutting down and abandoning module TaskGraph (145)
[2017.07.11-13.57.57:531][124]LogModuleManager: Shutting down and abandoning module SlateRemote (144)
[2017.07.11-13.57.57:531][124]LogModuleManager: Shutting down and abandoning module SteamVRController (143)
[2017.07.11-13.57.57:531][124]LogModuleManager: Shutting down and abandoning module SteamVR (142)
[2017.07.11-13.57.57:531][124]LogModuleManager: Shutting down and abandoning module ProceduralMeshComponentEditor (141)
[2017.07.11-13.57.57:531][124]LogModuleManager: Shutting down and abandoning module ProceduralMeshComponent (140)
[2017.07.11-13.57.57:531][124]LogModuleManager: Shutting down and abandoning module OculusLibrary (139)
[2017.07.11-13.57.57:531][124]LogModuleManager: Shutting down and abandoning module OculusInput (138)
[2017.07.11-13.57.57:531][124]LogModuleManager: Shutting down and abandoning module MobilePatchingUtils (137)
[2017.07.11-13.57.57:531][124]LogModuleManager: Shutting down and abandoning module CustomMeshComponent (136)
[2017.07.11-13.57.57:531][124]LogModuleManager: Shutting down and abandoning module CableComponent (135)
[2017.07.11-13.57.57:531][124]LogModuleManager: Shutting down and abandoning module ArchVisCharacter (134)
[2017.07.11-13.57.57:531][124]LogModuleManager: Shutting down and abandoning module MediaPlayerEditor (132)
[2017.07.11-13.57.57:531][124]LogModuleManager: Shutting down and abandoning module HTML5Networking (131)
[2017.07.11-13.57.57:531][124]LogModuleManager: Shutting down and abandoning module GeometryCacheEd (130)
[2017.07.11-13.57.57:531][124]LogModuleManager: Shutting down and abandoning module GeometryCache (129)
[2017.07.11-13.57.57:531][124]LogModuleManager: Shutting down and abandoning module AlembicLibrary (128)
[2017.07.11-13.57.57:531][124]LogModuleManager: Shutting down and abandoning module AlembicImporter (127)
[2017.07.11-13.57.57:531][124]LogModuleManager: Shutting down and abandoning module SuperSearch (126)
[2017.07.11-13.57.57:531][124]LogModuleManager: Shutting down and abandoning module SuperSearchEditor (125)
[2017.07.11-13.57.57:531][124]LogModuleManager: Shutting down and abandoning module SpeedTreeImporter (124)
[2017.07.11-13.57.57:531][124]LogModuleManager: Shutting down and abandoning module PluginBrowser (123)
[2017.07.11-13.57.57:531][124]LogModuleManager: Shutting down and abandoning module MobileLauncherProfileWizard (122)
[2017.07.11-13.57.57:531][124]LogModuleManager: Shutting down and abandoning module EpicSurvey (121)
[2017.07.11-13.57.57:531][124]LogModuleManager: Shutting down and abandoning module DesktopPlatform (120)
[2017.07.11-13.57.57:531][124]LogModuleManager: Shutting down and abandoning module VisualStudioSourceCodeAccess (119)
[2017.07.11-13.57.57:531][124]LogModuleManager: Shutting down and abandoning module UObjectPlugin (118)
[2017.07.11-13.57.57:531][124]LogModuleManager: Shutting down and abandoning module SubversionSourceControl (117)
[2017.07.11-13.57.57:531][124]LogModuleManager: Shutting down and abandoning module PerforceSourceControl (116)
[2017.07.11-13.57.57:531][124]LogModuleManager: Shutting down and abandoning module SourceControl (115)
[2017.07.11-13.57.57:531][124]LogModuleManager: Shutting down and abandoning module GitSourceControl (114)
[2017.07.11-13.57.57:531][124]LogModuleManager: Shutting down and abandoning module LightPropagationVolumeEditor (113)
[2017.07.11-13.57.57:531][124]LogModuleManager: Shutting down and abandoning module PaperTiledImporter (112)
[2017.07.11-13.57.57:531][124]LogModuleManager: Shutting down and abandoning module PaperSpriteSheetImporter (111)
[2017.07.11-13.57.57:531][124]LogModuleManager: Shutting down and abandoning module MeshPaint (110)
[2017.07.11-13.57.57:531][124]LogModuleManager: Shutting down and abandoning module PixelInspectorModule (109)
[2017.07.11-13.57.57:531][124]LogModuleManager: Shutting down and abandoning module HotReload (108)
[2017.07.11-13.57.57:531][124]LogModuleManager: Shutting down and abandoning module MainFrame (107)
[2017.07.11-13.57.57:531][124]LogModuleManager: Shutting down and abandoning module LevelEditor (106)
[2017.07.11-13.57.57:533][124]LogModuleManager: Shutting down and abandoning module ContentBrowser (105)
[2017.07.11-13.57.57:533][124]LogModuleManager: Shutting down and abandoning module Paper2DEditor (104)
[2017.07.11-13.57.57:533][124]LogModuleManager: Shutting down and abandoning module UdpMessaging (103)
[2017.07.11-13.57.57:634][124]LogModuleManager: Shutting down and abandoning module TcpMessaging (102)
[2017.07.11-13.57.57:735][124]LogModuleManager: Shutting down and abandoning module LightPropagationVolumeRuntime (101)
[2017.07.11-13.57.57:735][124]LogModuleManager: Shutting down and abandoning module Paper2D (100)
[2017.07.11-13.57.57:735][124]LogModuleManager: Shutting down and abandoning module WindowsMoviePlayer (99)
[2017.07.11-13.57.57:735][124]LogModuleManager: Shutting down and abandoning module WmfMedia (98)
[2017.07.11-13.57.57:735][124]LogModuleManager: Shutting down and abandoning module MediaAssets (97)
[2017.07.11-13.57.57:735][124]LogModuleManager: Shutting down and abandoning module GameLiveStreaming (96)
[2017.07.11-13.57.57:735][124]LogModuleManager: Shutting down and abandoning module GameplayTagsEditor (95)
[2017.07.11-13.57.57:735][124]LogModuleManager: Shutting down and abandoning module VREditor (94)
[2017.07.11-13.57.57:735][124]LogModuleManager: Shutting down and abandoning module GameplayTasksEditor (93)
[2017.07.11-13.57.57:735][124]LogModuleManager: Shutting down and abandoning module BehaviorTreeEditor (92)
[2017.07.11-13.57.57:735][124]LogModuleManager: Shutting down and abandoning module FunctionalTesting (91)
[2017.07.11-13.57.57:735][124]LogModuleManager: Shutting down and abandoning module CollisionAnalyzer (90)
[2017.07.11-13.57.57:735][124]LogModuleManager: Shutting down and abandoning module Sequencer (89)
[2017.07.11-13.57.57:735][124]LogModuleManager: Shutting down and abandoning module WorkspaceMenuStructure (88)
[2017.07.11-13.57.57:735][124]LogModuleManager: Shutting down and abandoning module MessageLog (87)
[2017.07.11-13.57.57:735][124]LogModuleManager: Shutting down and abandoning module AssetTools (86)
[2017.07.11-13.57.57:735][124]LogModuleManager: Shutting down and abandoning module UMGEditor (85)
[2017.07.11-13.57.57:735][124]LogModuleManager: Shutting down and abandoning module UMG (84)
[2017.07.11-13.57.57:735][124]LogModuleManager: Shutting down and abandoning module SlateReflector (83)
[2017.07.11-13.57.57:735][124]LogModuleManager: Shutting down and abandoning module Slate (82)
[2017.07.11-13.57.57:735][124]LogModuleManager: Shutting down and abandoning module EditorStyle (81)
[2017.07.11-13.57.57:737][124]LogModuleManager: Shutting down and abandoning module SourceCodeAccess (80)
[2017.07.11-13.57.57:737][124]LogModuleManager: Shutting down and abandoning module HeadMountedDisplay (79)
[2017.07.11-13.57.57:737][124]LogModuleManager: Shutting down and abandoning module XAudio2 (78)
[2017.07.11-13.57.57:737][124]LogModuleManager: Shutting down and abandoning module Networking (76)
[2017.07.11-13.57.57:737][124]LogModuleManager: Shutting down and abandoning module Core (75)
[2017.07.11-13.57.57:737][124]LogModuleManager: Shutting down and abandoning module DirectoryWatcher (74)
[2017.07.11-13.57.57:737][124]LogDirectoryWatcher: A directory notification for '../../../Engine/Content/' was aborted.
[2017.07.11-13.57.57:738][124]LogDirectoryWatcher: A directory notification for 'D:/KOC/FPS_Day1/Content/' was aborted.
[2017.07.11-13.57.57:738][124]LogDirectoryWatcher: A directory notification for '../../../Engine/Plugins/2D/Paper2D/Content/' was aborted.
[2017.07.11-13.57.57:738][124]LogModuleManager: Shutting down and abandoning module AssetRegistry (73)
[2017.07.11-13.57.57:808][124]LogModuleManager: Shutting down and abandoning module KismetCompiler (72)
[2017.07.11-13.57.57:808][124]LogModuleManager: Shutting down and abandoning module PhysXFormats (71)
[2017.07.11-13.57.57:808][124]LogModuleManager: Shutting down and abandoning module SimplygonSwarm (70)
[2017.07.11-13.57.57:808][124]LogModuleManager: Shutting down and abandoning module SimplygonMeshReduction (69)
[2017.07.11-13.57.57:808][124]LogModuleManager: Shutting down and abandoning module QuadricMeshReduction (68)
[2017.07.11-13.57.57:808][124]LogModuleManager: Shutting down and abandoning module PropertyEditor (67)
[2017.07.11-13.57.57:808][124]LogModuleManager: Shutting down and abandoning module MeshUtilities (66)
[2017.07.11-13.57.57:808][124]LogModuleManager: Shutting down and abandoning module DerivedDataCache (65)
[2017.07.11-13.57.57:853][124]LogDerivedDataCache: Shutdown
[2017.07.11-13.57.57:853][124]LogModuleManager: Shutting down and abandoning module VulkanShaderFormat (64)
[2017.07.11-13.57.57:853][124]LogModuleManager: Shutting down and abandoning module ShaderFormatOpenGL (63)
[2017.07.11-13.57.57:853][124]LogModuleManager: Shutting down and abandoning module ShaderFormatD3D (62)
[2017.07.11-13.57.57:853][124]LogModuleManager: Shutting down and abandoning module MetalShaderFormat (61)
[2017.07.11-13.57.57:853][124]LogModuleManager: Shutting down and abandoning module TextureFormatUncompressed (60)
[2017.07.11-13.57.57:853][124]LogModuleManager: Shutting down and abandoning module TextureFormatPVR (59)
[2017.07.11-13.57.57:853][124]LogModuleManager: Shutting down and abandoning module TextureFormatDXT (58)
[2017.07.11-13.57.57:853][124]LogModuleManager: Shutting down and abandoning module TextureFormatIntelISPCTexComp (57)
[2017.07.11-13.57.57:853][124]LogModuleManager: Shutting down and abandoning module ImageWrapper (56)
[2017.07.11-13.57.57:853][124]LogModuleManager: Shutting down and abandoning module TextureFormatASTC (55)
[2017.07.11-13.57.57:853][124]LogModuleManager: Shutting down and abandoning module TextureFormatAndroid (54)
[2017.07.11-13.57.57:853][124]LogModuleManager: Shutting down and abandoning module AudioFormatOpus (53)
[2017.07.11-13.57.57:853][124]LogModuleManager: Shutting down and abandoning module AudioFormatOgg (52)
[2017.07.11-13.57.57:853][124]LogModuleManager: Shutting down and abandoning module AudioFormatADPCM (51)
[2017.07.11-13.57.57:853][124]LogModuleManager: Shutting down and abandoning module LinuxTargetPlatform (50)
[2017.07.11-13.57.57:853][124]LogModuleManager: Shutting down and abandoning module LinuxServerTargetPlatform (49)
[2017.07.11-13.57.57:853][124]LogModuleManager: Shutting down and abandoning module LinuxNoEditorTargetPlatform (48)
[2017.07.11-13.57.57:853][124]LogModuleManager: Shutting down and abandoning module LinuxClientTargetPlatform (47)
[2017.07.11-13.57.57:853][124]LogModuleManager: Shutting down and abandoning module TVOSTargetPlatform (46)
[2017.07.11-13.57.57:853][124]LogModuleManager: Shutting down and abandoning module Messaging (45)
[2017.07.11-13.57.57:853][124]LogModuleManager: Shutting down and abandoning module IOSTargetPlatform (44)
[2017.07.11-13.57.57:853][124]LogModuleManager: Shutting down and abandoning module HTML5TargetPlatform (43)
[2017.07.11-13.57.57:853][124]LogModuleManager: Shutting down and abandoning module Android_PVRTCTargetPlatform (42)
[2017.07.11-13.57.57:853][124]LogModuleManager: Shutting down and abandoning module Android_MultiTargetPlatform (41)
[2017.07.11-13.57.57:853][124]LogModuleManager: Shutting down and abandoning module Android_ETC2TargetPlatform (40)
[2017.07.11-13.57.57:853][124]LogModuleManager: Shutting down and abandoning module Android_ETC1TargetPlatform (39)
[2017.07.11-13.57.57:853][124]LogModuleManager: Shutting down and abandoning module Android_DXTTargetPlatform (38)
[2017.07.11-13.57.57:853][124]LogModuleManager: Shutting down and abandoning module Android_ATCTargetPlatform (37)
[2017.07.11-13.57.57:853][124]LogModuleManager: Shutting down and abandoning module Android_ASTCTargetPlatform (36)
[2017.07.11-13.57.57:853][124]LogModuleManager: Shutting down and abandoning module AndroidTargetPlatform (35)
[2017.07.11-13.57.57:853][124]LogModuleManager: Shutting down and abandoning module WindowsTargetPlatform (34)
[2017.07.11-13.57.57:854][124]LogModuleManager: Shutting down and abandoning module WindowsServerTargetPlatform (33)
[2017.07.11-13.57.57:854][124]LogModuleManager: Shutting down and abandoning module WindowsNoEditorTargetPlatform (32)
[2017.07.11-13.57.57:854][124]LogModuleManager: Shutting down and abandoning module WindowsClientTargetPlatform (31)
[2017.07.11-13.57.57:854][124]LogModuleManager: Shutting down and abandoning module MacTargetPlatform (30)
[2017.07.11-13.57.57:854][124]LogModuleManager: Shutting down and abandoning module MacServerTargetPlatform (29)
[2017.07.11-13.57.57:854][124]LogModuleManager: Shutting down and abandoning module MacNoEditorTargetPlatform (28)
[2017.07.11-13.57.57:854][124]LogModuleManager: Shutting down and abandoning module MacClientTargetPlatform (27)
[2017.07.11-13.57.57:854][124]LogModuleManager: Shutting down and abandoning module AllDesktopTargetPlatform (26)
[2017.07.11-13.57.57:854][124]LogModuleManager: Shutting down and abandoning module TargetPlatform (25)
[2017.07.11-13.57.57:854][124]LogModuleManager: Shutting down and abandoning module InputCore (24)
[2017.07.11-13.57.57:854][124]LogModuleManager: Shutting down and abandoning module Settings (23)
[2017.07.11-13.57.57:854][124]LogModuleManager: Shutting down and abandoning module OculusRift (22)
[2017.07.11-13.57.57:854][124]LogModuleManager: Shutting down and abandoning module ExampleDeviceProfileSelector (21)
[2017.07.11-13.57.57:854][124]LogModuleManager: Shutting down and abandoning module OnlineBlueprintSupport (20)
[2017.07.11-13.57.57:854][124]LogModuleManager: Shutting down and abandoning module OnlineSubsystem (18)
[2017.07.11-13.57.57:854][124]LogOnline:Display: Unloading online subsystem: NULL
[2017.07.11-13.57.57:854][124]LogModuleManager: Shutting down and abandoning module SSL (17)
[2017.07.11-13.57.57:855][124]LogModuleManager: Shutting down and abandoning module HTTP (16)
[2017.07.11-13.57.57:855][124]LogModuleManager: Shutting down and abandoning module XMPP (15)
[2017.07.11-13.57.57:855][124]LogModuleManager: Shutting down and abandoning module TextureCompressor (14)
[2017.07.11-13.57.57:855][124]LogModuleManager: Shutting down and abandoning module ShaderCore (13)
[2017.07.11-13.57.57:855][124]LogModuleManager: Shutting down and abandoning module Landscape (12)
[2017.07.11-13.57.57:855][124]LogModuleManager: Shutting down and abandoning module SlateRHIRenderer (11)
[2017.07.11-13.57.57:857][124]LogModuleManager: Shutting down and abandoning module OpenGLDrv (10)
[2017.07.11-13.57.57:857][124]LogModuleManager: Shutting down and abandoning module D3D11RHI (9)
[2017.07.11-13.57.57:857][124]LogModuleManager: Shutting down and abandoning module AnimGraphRuntime (8)
[2017.07.11-13.57.57:857][124]LogModuleManager: Shutting down and abandoning module Renderer (7)
[2017.07.11-13.57.57:857][124]LogModuleManager: Shutting down and abandoning module Engine (6)
[2017.07.11-13.57.57:857][124]LogModuleManager: Shutting down and abandoning module CoreUObject (5)
[2017.07.11-13.57.57:857][124]LogModuleManager: Shutting down and abandoning module NetworkFile (4)
[2017.07.11-13.57.57:857][124]LogModuleManager: Shutting down and abandoning module StreamingFile (3)
[2017.07.11-13.57.57:857][124]LogModuleManager: Shutting down and abandoning module SandboxFile (2)
[2017.07.11-13.57.57:857][124]LogModuleManager: Shutting down and abandoning module PakFile (1)
[2017.07.11-13.57.57:858][124]LogExit: Exiting.
[2017.07.11-13.57.57:866][124]Log file closed, 07/11/17 09:57:57
